2026-01-27 10:50:44,797 [INFO] üöÄ Starting Service Provider Unified Kafka Consumer...
2026-01-27 10:50:44,808 [INFO] ‚úÖ Connected to Kafka broker.
2026-01-27 10:51:19,905 [INFO] üî• Event: PROVIDER.PERMISSIONS.UPDATED | Role:  | Service: None
2026-01-27 10:51:19,935 [INFO] DEBUG: [KAFKA RECV] provider.permissions.updated | User: 5d560f6b-a1cb-4025-b7bb-87ef212f8a1c
2026-01-27 10:51:19,935 [INFO] DEBUG: Templates Received - Services: 2, Cats: 8
2026-01-27 10:51:19,965 [WARNING] ‚è≠Ô∏è Skipping facility Indoor Play Area - missing category_id
2026-01-27 10:51:19,965 [WARNING] ‚è≠Ô∏è Skipping facility Outdoor Play Area - missing category_id
2026-01-27 10:51:19,977 [INFO] ‚úÖ Synced Templates for user 5d560f6b-a1cb-4025-b7bb-87ef212f8a1c
2026-01-27 10:51:19,981 [INFO] üßπ Cleared old permissions for user 5d560f6b-a1cb-4025-b7bb-87ef212f8a1c
2026-01-27 10:51:19,981 [INFO] üìã Processing 7 explicit permissions from plan
2026-01-27 10:51:19,981 [INFO]   ‚úÖ Granting: Service=2170653c-9de5-4f61-b1ca-35b1a0439b17, Category=None, Facility=None, Pricing=None
2026-01-27 10:51:19,981 [INFO]   ‚úÖ Granting: Service=2170653c-9de5-4f61-b1ca-35b1a0439b17, Category=2e9da8d4-9747-41a7-8bf4-96e4df658070, Facility=None, Pricing=None
2026-01-27 10:51:19,981 [INFO]   ‚úÖ Granting: Service=2170653c-9de5-4f61-b1ca-35b1a0439b17, Category=None, Facility=95a3a4ce-b503-49e9-8531-d5b28e01a173, Pricing=None
2026-01-27 10:51:19,981 [INFO]   ‚úÖ Granting: Service=2dff446f-c95f-4310-ba4d-05e3395dd7eb, Category=None, Facility=None, Pricing=None
2026-01-27 10:51:19,981 [INFO]   ‚úÖ Granting: Service=2dff446f-c95f-4310-ba4d-05e3395dd7eb, Category=34857c1d-7f37-4c16-b989-378ddb127ad5, Facility=None, Pricing=None
2026-01-27 10:51:19,981 [INFO]   ‚úÖ Granting: Service=2dff446f-c95f-4310-ba4d-05e3395dd7eb, Category=bf255bf5-ffe7-4d27-a4ad-0d5c39a04bee, Facility=None, Pricing=None
2026-01-27 10:51:19,982 [INFO]   ‚úÖ Granting: Service=2dff446f-c95f-4310-ba4d-05e3395dd7eb, Category=7f29f495-d3af-447c-ad03-b51a82940133, Facility=None, Pricing=None
2026-01-27 10:51:19,991 [INFO] ‚úÖ Updated 7 capabilities for user 5d560f6b-a1cb-4025-b7bb-87ef212f8a1c
2026-01-27 10:51:19,994 [INFO] ‚úÖ Replaced user capabilities: ['VETERINARY_PHARMACY', 'VETERINARY_DOCTOR', 'VETERINARY_LABS', 'VETERINARY_CORE']
2026-01-27 10:51:19,997 [INFO] ‚úÖ Synced Subscription for user 5d560f6b-a1cb-4025-b7bb-87ef212f8a1c | Plan: d105f8e4-d511-4f87-a1a8-95837bef3d24
2026-01-27 10:51:19,998 [INFO] DEBUG: dynamic_caps raw: None
2026-01-27 10:51:20,005 [INFO] ‚úÖ Service Provider Kafka Producer Connected
2026-01-27 10:51:20,114 [INFO] üì§ Published USER_PERMISSIONS_SYNCED for 5d560f6b-a1cb-4025-b7bb-87ef212f8a1c
2026-01-27 10:51:20,117 [INFO] üî• Event: USER_PERMISSIONS_SYNCED | Role: provider | Service: None
2026-01-27 10:51:20,118 [WARNING] ‚ö†Ô∏è Unknown event type 'USER_PERMISSIONS_SYNCED' received.
2026-01-27 10:51:21,031 [INFO] üî• Event: PROVIDER.PERMISSIONS.UPDATED | Role:  | Service: None
2026-01-27 10:51:21,032 [INFO] DEBUG: [KAFKA RECV] provider.permissions.updated | User: 06d98c0e-a9c1-41b3-9740-2830abc03778
2026-01-27 10:51:21,032 [INFO] DEBUG: Templates Received - Services: 2, Cats: 8
2026-01-27 10:51:21,059 [WARNING] ‚è≠Ô∏è Skipping facility Indoor Play Area - missing category_id
2026-01-27 10:51:21,059 [WARNING] ‚è≠Ô∏è Skipping facility Outdoor Play Area - missing category_id
2026-01-27 10:51:21,072 [INFO] ‚úÖ Synced Templates for user 06d98c0e-a9c1-41b3-9740-2830abc03778
2026-01-27 10:51:21,073 [INFO] üßπ Cleared old permissions for user 06d98c0e-a9c1-41b3-9740-2830abc03778
2026-01-27 10:51:21,073 [INFO] üìã Processing 12 explicit permissions from plan
2026-01-27 10:51:21,074 [INFO]   ‚úÖ Granting: Service=2170653c-9de5-4f61-b1ca-35b1a0439b17, Category=None, Facility=None, Pricing=None
2026-01-27 10:51:21,074 [INFO]   ‚úÖ Granting: Service=2170653c-9de5-4f61-b1ca-35b1a0439b17, Category=2e9da8d4-9747-41a7-8bf4-96e4df658070, Facility=None, Pricing=None
2026-01-27 10:51:21,074 [INFO]   ‚úÖ Granting: Service=2170653c-9de5-4f61-b1ca-35b1a0439b17, Category=2e3ace4c-ed69-4be2-84e1-4a302ef1c411, Facility=None, Pricing=None
2026-01-27 10:51:21,074 [INFO]   ‚úÖ Granting: Service=2170653c-9de5-4f61-b1ca-35b1a0439b17, Category=None, Facility=95a3a4ce-b503-49e9-8531-d5b28e01a173, Pricing=None
2026-01-27 10:51:21,074 [INFO]   ‚úÖ Granting: Service=2170653c-9de5-4f61-b1ca-35b1a0439b17, Category=None, Facility=abd39092-5a5a-4816-a7cb-e2bf535c61c5, Pricing=None
2026-01-27 10:51:21,074 [INFO]   ‚úÖ Granting: Service=2dff446f-c95f-4310-ba4d-05e3395dd7eb, Category=None, Facility=None, Pricing=None
2026-01-27 10:51:21,074 [INFO]   ‚úÖ Granting: Service=2dff446f-c95f-4310-ba4d-05e3395dd7eb, Category=f0e16151-1dd9-409e-9f62-832c1d455cae, Facility=None, Pricing=None
2026-01-27 10:51:21,074 [INFO]   ‚úÖ Granting: Service=2dff446f-c95f-4310-ba4d-05e3395dd7eb, Category=7dae55eb-1bbe-4249-bb35-cb8a201e2f67, Facility=None, Pricing=None
2026-01-27 10:51:21,074 [INFO]   ‚úÖ Granting: Service=2dff446f-c95f-4310-ba4d-05e3395dd7eb, Category=34857c1d-7f37-4c16-b989-378ddb127ad5, Facility=None, Pricing=None
2026-01-27 10:51:21,075 [INFO]   ‚úÖ Granting: Service=2dff446f-c95f-4310-ba4d-05e3395dd7eb, Category=bf255bf5-ffe7-4d27-a4ad-0d5c39a04bee, Facility=None, Pricing=None
2026-01-27 10:51:21,075 [INFO]   ‚úÖ Granting: Service=2dff446f-c95f-4310-ba4d-05e3395dd7eb, Category=7f29f495-d3af-447c-ad03-b51a82940133, Facility=None, Pricing=None
2026-01-27 10:51:21,075 [INFO]   ‚úÖ Granting: Service=2dff446f-c95f-4310-ba4d-05e3395dd7eb, Category=6a2f2625-c277-43ae-b5d3-ac9e67974d27, Facility=None, Pricing=None
2026-01-27 10:51:21,083 [INFO] ‚úÖ Updated 12 capabilities for user 06d98c0e-a9c1-41b3-9740-2830abc03778
2026-01-27 10:51:21,085 [INFO] ‚úÖ Replaced user capabilities: ['VETERINARY_DOCTOR', 'VETERINARY_LABS', 'VETERINARY_VITALS', 'VETERINARY_MEDICINE_REMINDERS', 'VETERINARY_VISITS', 'VETERINARY_PHARMACY', 'VETERINARY_CORE']
2026-01-27 10:51:21,088 [INFO] ‚úÖ Synced Subscription for user 06d98c0e-a9c1-41b3-9740-2830abc03778 | Plan: 1b9f630f-eb6f-4377-84e5-a6fa7ead828a
2026-01-27 10:51:21,088 [INFO] DEBUG: dynamic_caps raw: None
2026-01-27 10:51:21,092 [INFO] üì§ Published USER_PERMISSIONS_SYNCED for 06d98c0e-a9c1-41b3-9740-2830abc03778
2026-01-27 10:51:21,096 [INFO] üî• Event: USER_PERMISSIONS_SYNCED | Role: provider | Service: None
2026-01-27 10:51:21,096 [WARNING] ‚ö†Ô∏è Unknown event type 'USER_PERMISSIONS_SYNCED' received.
2026-01-27 10:54:07,969 [INFO] üî• Event: USER_DELETED | Role: organization | Service: auth_service
2026-01-27 10:54:08,010 [INFO] üóëÔ∏è Deleted user records for ee1d781f-312d-4a79-b027-746bf89dc019
2026-01-27 10:54:11,292 [INFO] üî• Event: USER_DELETED | Role: organization | Service: auth_service
2026-01-27 10:54:11,318 [INFO] üóëÔ∏è Deleted user records for 06d98c0e-a9c1-41b3-9740-2830abc03778
2026-01-27 10:54:14,474 [INFO] üî• Event: USER_DELETED | Role: organization | Service: auth_service
2026-01-27 10:54:14,512 [INFO] üóëÔ∏è Deleted user records for 1431597c-72be-4565-a051-9cd8a9dea66c
2026-01-27 10:54:17,392 [INFO] üî• Event: USER_DELETED | Role: organization | Service: auth_service
2026-01-27 10:54:17,435 [ERROR] ‚ùå Error processing Kafka message: update or delete on table "verified_users" violates foreign key constraint "provider_dynamic_fie_provider_id_0eb69530_fk_verified_" on table "provider_dynamic_fields_providerservice"
DETAIL:  Key (auth_user_id)=(5d560f6b-a1cb-4025-b7bb-87ef212f8a1c) is still referenced from table "provider_dynamic_fields_providerservice".
Traceback (most recent call last):
  File "/Users/PraveenWorks/Anil Works/Petleo-Backend/service_provider_service/venv/lib/python3.13/site-packages/django/db/backends/base/base.py", line 303, in _commit
    return self.connection.commit()
           ~~~~~~~~~~~~~~~~~~~~~~^^
psycopg2.errors.ForeignKeyViolation: update or delete on table "verified_users" violates foreign key constraint "provider_dynamic_fie_provider_id_0eb69530_fk_verified_" on table "provider_dynamic_fields_providerservice"
DETAIL:  Key (auth_user_id)=(5d560f6b-a1cb-4025-b7bb-87ef212f8a1c) is still referenced from table "provider_dynamic_fields_providerservice".


The above exception was the direct cause of the following exception:

Traceback (most recent call last):
  File "/Users/PraveenWorks/Anil Works/Petleo-Backend/service_provider_service/kafka_consumer.py", line 220, in <module>
    VerifiedUser.objects.filter(auth_user_id=auth_user_id).delete()
    ~~~~~~~~~~~~~~~~~~~~~~~~~~~~~~~~~~~~~~~~~~~~~~~~~~~~~~~~~~~~~^^
  File "/Users/PraveenWorks/Anil Works/Petleo-Backend/service_provider_service/venv/lib/python3.13/site-packages/django/db/models/query.py", line 1201, in delete
    num_deleted, num_deleted_per_model = collector.delete()
                                         ~~~~~~~~~~~~~~~~^^
  File "/Users/PraveenWorks/Anil Works/Petleo-Backend/service_provider_service/venv/lib/python3.13/site-packages/django/db/models/deletion.py", line 454, in delete
    with transaction.atomic(using=self.using, savepoint=False):
         ~~~~~~~~~~~~~~~~~~^^^^^^^^^^^^^^^^^^^^^^^^^^^^^^^^^^^
  File "/Users/PraveenWorks/Anil Works/Petleo-Backend/service_provider_service/venv/lib/python3.13/site-packages/django/db/transaction.py", line 263, in __exit__
    connection.commit()
    ~~~~~~~~~~~~~~~~~^^
  File "/Users/PraveenWorks/Anil Works/Petleo-Backend/service_provider_service/venv/lib/python3.13/site-packages/django/utils/asyncio.py", line 26, in inner
    return func(*args, **kwargs)
  File "/Users/PraveenWorks/Anil Works/Petleo-Backend/service_provider_service/venv/lib/python3.13/site-packages/django/db/backends/base/base.py", line 327, in commit
    self._commit()
    ~~~~~~~~~~~~^^
  File "/Users/PraveenWorks/Anil Works/Petleo-Backend/service_provider_service/venv/lib/python3.13/site-packages/django/db/backends/base/base.py", line 302, in _commit
    with debug_transaction(self, "COMMIT"), self.wrap_database_errors:
                                            ^^^^^^^^^^^^^^^^^^^^^^^^^
  File "/Users/PraveenWorks/Anil Works/Petleo-Backend/service_provider_service/venv/lib/python3.13/site-packages/django/db/utils.py", line 91, in __exit__
    raise dj_exc_value.with_traceback(traceback) from exc_value
  File "/Users/PraveenWorks/Anil Works/Petleo-Backend/service_provider_service/venv/lib/python3.13/site-packages/django/db/backends/base/base.py", line 303, in _commit
    return self.connection.commit()
           ~~~~~~~~~~~~~~~~~~~~~~^^
django.db.utils.IntegrityError: update or delete on table "verified_users" violates foreign key constraint "provider_dynamic_fie_provider_id_0eb69530_fk_verified_" on table "provider_dynamic_fields_providerservice"
DETAIL:  Key (auth_user_id)=(5d560f6b-a1cb-4025-b7bb-87ef212f8a1c) is still referenced from table "provider_dynamic_fields_providerservice".

2026-01-27 10:54:20,402 [INFO] üî• Event: USER_DELETED | Role: organization | Service: auth_service
2026-01-27 10:54:20,429 [INFO] üóëÔ∏è Deleted user records for ec23848f-dd25-4701-805d-010cbc9e10fc
2026-01-27 10:54:23,680 [INFO] üî• Event: USER_DELETED | Role: organization | Service: auth_service
2026-01-27 10:54:23,703 [INFO] üóëÔ∏è Deleted user records for 483ac4d8-88dd-45ca-a926-6febf6078032
2026-01-27 10:54:26,250 [INFO] üî• Event: USER_DELETED | Role: organization | Service: auth_service
2026-01-27 10:54:26,272 [INFO] üóëÔ∏è Deleted user records for 7470623a-ee4b-4922-99f5-3ce2f17171d7
2026-01-27 10:54:29,992 [INFO] üî• Event: USER_DELETED | Role: organization | Service: auth_service
2026-01-27 10:54:30,012 [INFO] üóëÔ∏è Deleted user records for 076875b0-ca6b-4d96-a5a5-36f29e8cd976
2026-01-27 10:54:33,526 [INFO] üî• Event: USER_DELETED | Role: doctor | Service: auth_service
2026-01-27 10:54:33,543 [INFO] üóëÔ∏è Deleted user records for 5b3578d9-f5c1-4f9c-bc43-0d25caa47ca8
2026-01-27 10:54:44,612 [INFO] üî• Event: USER_DELETED | Role: employee | Service: auth_service
2026-01-27 10:54:44,614 [INFO] üóëÔ∏è Deleted user records for c38f49ac-639b-4730-872a-f702b51897d8
2026-01-27 10:55:09,494 [INFO] üî• Event: USER_DELETED | Role: admin | Service: auth_service
2026-01-27 10:55:09,494 [INFO] ‚è≠Ô∏è Skipping admin/super_admin user event
2026-01-27 10:55:17,092 [INFO] üî• Event: USER_DELETED | Role: employee | Service: auth_service
2026-01-27 10:55:17,109 [INFO] üóëÔ∏è Deleted user records for b4244530-edf6-4cc7-ba27-a597f33e0662
2026-01-27 10:55:22,595 [INFO] üî• Event: USER_DELETED | Role: employee | Service: auth_service
2026-01-27 10:55:22,597 [INFO] üóëÔ∏è Deleted user records for 9e0f6bad-773b-43d3-bf18-9f03f0f4d1dc
2026-01-27 10:55:29,587 [INFO] üî• Event: USER_DELETED | Role: employee | Service: auth_service
2026-01-27 10:55:29,603 [INFO] üóëÔ∏è Deleted user records for 589d4f66-9c0c-4e34-a25a-11f169ac6169
2026-01-27 10:55:32,868 [INFO] üî• Event: USER_DELETED | Role: employee | Service: auth_service
2026-01-27 10:55:32,914 [INFO] üóëÔ∏è Deleted user records for 831ec522-30ed-4cd4-a195-ceea8bad9883
2026-01-27 10:56:16,727 [INFO] üî• Event: SEND_EMAIL | Role: organization | Service: auth_service
2026-01-27 10:56:16,727 [WARNING] ‚ö†Ô∏è Unknown event type 'SEND_EMAIL' received.
2026-01-27 10:56:16,738 [INFO] üî• Event: USER_CREATED | Role: organization | Service: auth_service
2026-01-27 10:56:16,739 [INFO] DEBUG: Checking role 'organization' against employee list...
2026-01-27 10:56:16,745 [INFO] ‚úÖ Created VerifiedUser kalyan@gmail.com
2026-01-27 10:56:16,748 [INFO] ‚úÖ Auto-created ServiceProvider profile for kalyan@gmail.com
2026-01-27 10:56:37,461 [INFO] üî• Event: USER_VERIFIED | Role: organization | Service: auth_service
2026-01-27 10:56:37,461 [INFO] DEBUG: Checking role 'organization' against employee list...
2026-01-27 10:56:37,466 [INFO] üîÑ Updated VerifiedUser kalyan@gmail.com
2026-01-27 10:57:20,481 [INFO] üî• Event: PROVIDER.PERMISSIONS.UPDATED | Role:  | Service: None
2026-01-27 10:57:20,483 [INFO] DEBUG: [KAFKA RECV] provider.permissions.updated | User: ab6af475-d728-4da5-aa48-11ae275e05ac
2026-01-27 10:57:20,484 [INFO] DEBUG: Templates Received - Services: 2, Cats: 8
2026-01-27 10:57:20,515 [WARNING] ‚è≠Ô∏è Skipping facility Outdoor Play Area - missing category_id
2026-01-27 10:57:20,515 [WARNING] ‚è≠Ô∏è Skipping facility Indoor Play Area - missing category_id
2026-01-27 10:57:20,519 [ERROR] ‚ùå Error updating permissions for ab6af475-d728-4da5-aa48-11ae275e05ac: 'duration'
2026-01-27 10:57:20,523 [INFO] üì§ Published USER_PERMISSIONS_SYNCED for ab6af475-d728-4da5-aa48-11ae275e05ac
2026-01-27 10:57:20,528 [INFO] üî• Event: USER_PERMISSIONS_SYNCED | Role: provider | Service: None
2026-01-27 10:57:20,528 [WARNING] ‚ö†Ô∏è Unknown event type 'USER_PERMISSIONS_SYNCED' received.
2026-01-27 11:00:49,539 [INFO] üî• Event: PROVIDER.PERMISSIONS.UPDATED | Role:  | Service: None
2026-01-27 11:00:49,540 [WARNING] ‚ö†Ô∏è User 06d98c0e-a9c1-41b3-9740-2830abc03778 not found for permission update
2026-01-27 11:00:49,544 [INFO] üì§ Published USER_PERMISSIONS_SYNCED for 06d98c0e-a9c1-41b3-9740-2830abc03778
2026-01-27 11:00:49,547 [INFO] üî• Event: USER_PERMISSIONS_SYNCED | Role: provider | Service: None
2026-01-27 11:00:49,548 [WARNING] ‚ö†Ô∏è Unknown event type 'USER_PERMISSIONS_SYNCED' received.
2026-01-27 11:04:06,368 [INFO] üî• Event: PROVIDER.PERMISSIONS.UPDATED | Role:  | Service: None
2026-01-27 11:04:06,370 [INFO] DEBUG: [KAFKA RECV] provider.permissions.updated | User: 5d560f6b-a1cb-4025-b7bb-87ef212f8a1c
2026-01-27 11:04:06,370 [INFO] DEBUG: Templates Received - Services: 2, Cats: 8
2026-01-27 11:04:06,395 [WARNING] ‚è≠Ô∏è Skipping facility Indoor Play Area - missing category_id
2026-01-27 11:04:06,395 [WARNING] ‚è≠Ô∏è Skipping facility Outdoor Play Area - missing category_id
2026-01-27 11:04:06,405 [INFO] ‚úÖ Synced Templates for user 5d560f6b-a1cb-4025-b7bb-87ef212f8a1c
2026-01-27 11:04:06,407 [INFO] üßπ Cleared old permissions for user 5d560f6b-a1cb-4025-b7bb-87ef212f8a1c
2026-01-27 11:04:06,407 [INFO] üìã Processing 7 explicit permissions from plan
2026-01-27 11:04:06,407 [INFO]   ‚úÖ Granting: Service=2170653c-9de5-4f61-b1ca-35b1a0439b17, Category=None, Facility=None, Pricing=None
2026-01-27 11:04:06,407 [INFO]   ‚úÖ Granting: Service=2170653c-9de5-4f61-b1ca-35b1a0439b17, Category=2e9da8d4-9747-41a7-8bf4-96e4df658070, Facility=None, Pricing=None
2026-01-27 11:04:06,408 [INFO]   ‚úÖ Granting: Service=2170653c-9de5-4f61-b1ca-35b1a0439b17, Category=None, Facility=95a3a4ce-b503-49e9-8531-d5b28e01a173, Pricing=None
2026-01-27 11:04:06,408 [INFO]   ‚úÖ Granting: Service=2dff446f-c95f-4310-ba4d-05e3395dd7eb, Category=None, Facility=None, Pricing=None
2026-01-27 11:04:06,408 [INFO]   ‚úÖ Granting: Service=2dff446f-c95f-4310-ba4d-05e3395dd7eb, Category=34857c1d-7f37-4c16-b989-378ddb127ad5, Facility=None, Pricing=None
2026-01-27 11:04:06,408 [INFO]   ‚úÖ Granting: Service=2dff446f-c95f-4310-ba4d-05e3395dd7eb, Category=bf255bf5-ffe7-4d27-a4ad-0d5c39a04bee, Facility=None, Pricing=None
2026-01-27 11:04:06,408 [INFO]   ‚úÖ Granting: Service=2dff446f-c95f-4310-ba4d-05e3395dd7eb, Category=7f29f495-d3af-447c-ad03-b51a82940133, Facility=None, Pricing=None
2026-01-27 11:04:06,416 [INFO] ‚úÖ Updated 7 capabilities for user 5d560f6b-a1cb-4025-b7bb-87ef212f8a1c
2026-01-27 11:04:06,418 [INFO] ‚úÖ Replaced user capabilities: ['VETERINARY_PHARMACY', 'VETERINARY_DOCTOR', 'VETERINARY_LABS', 'VETERINARY_CORE']
2026-01-27 11:04:06,420 [INFO] ‚úÖ Synced Subscription for user 5d560f6b-a1cb-4025-b7bb-87ef212f8a1c | Plan: d105f8e4-d511-4f87-a1a8-95837bef3d24
2026-01-27 11:04:06,420 [INFO] DEBUG: dynamic_caps raw: None
2026-01-27 11:04:06,424 [INFO] üì§ Published USER_PERMISSIONS_SYNCED for 5d560f6b-a1cb-4025-b7bb-87ef212f8a1c
2026-01-27 11:04:06,428 [INFO] üî• Event: USER_PERMISSIONS_SYNCED | Role: provider | Service: None
2026-01-27 11:04:06,428 [WARNING] ‚ö†Ô∏è Unknown event type 'USER_PERMISSIONS_SYNCED' received.
2026-01-27 11:05:25,741 [INFO] üî• Event: PROVIDER.PERMISSIONS.UPDATED | Role:  | Service: None
2026-01-27 11:05:25,742 [INFO] DEBUG: [KAFKA RECV] provider.permissions.updated | User: 5d560f6b-a1cb-4025-b7bb-87ef212f8a1c
2026-01-27 11:05:25,742 [INFO] DEBUG: Templates Received - Services: 2, Cats: 8
2026-01-27 11:05:25,769 [WARNING] ‚è≠Ô∏è Skipping facility Indoor Play Area - missing category_id
2026-01-27 11:05:25,769 [WARNING] ‚è≠Ô∏è Skipping facility Outdoor Play Area - missing category_id
2026-01-27 11:05:25,780 [INFO] ‚úÖ Synced Templates for user 5d560f6b-a1cb-4025-b7bb-87ef212f8a1c
2026-01-27 11:05:25,783 [INFO] üßπ Cleared old permissions for user 5d560f6b-a1cb-4025-b7bb-87ef212f8a1c
2026-01-27 11:05:25,783 [INFO] üìã Processing 7 explicit permissions from plan
2026-01-27 11:05:25,783 [INFO]   ‚úÖ Granting: Service=2170653c-9de5-4f61-b1ca-35b1a0439b17, Category=None, Facility=None, Pricing=None
2026-01-27 11:05:25,783 [INFO]   ‚úÖ Granting: Service=2170653c-9de5-4f61-b1ca-35b1a0439b17, Category=2e9da8d4-9747-41a7-8bf4-96e4df658070, Facility=None, Pricing=None
2026-01-27 11:05:25,784 [INFO]   ‚úÖ Granting: Service=2170653c-9de5-4f61-b1ca-35b1a0439b17, Category=None, Facility=95a3a4ce-b503-49e9-8531-d5b28e01a173, Pricing=None
2026-01-27 11:05:25,784 [INFO]   ‚úÖ Granting: Service=2dff446f-c95f-4310-ba4d-05e3395dd7eb, Category=None, Facility=None, Pricing=None
2026-01-27 11:05:25,784 [INFO]   ‚úÖ Granting: Service=2dff446f-c95f-4310-ba4d-05e3395dd7eb, Category=34857c1d-7f37-4c16-b989-378ddb127ad5, Facility=None, Pricing=None
2026-01-27 11:05:25,784 [INFO]   ‚úÖ Granting: Service=2dff446f-c95f-4310-ba4d-05e3395dd7eb, Category=bf255bf5-ffe7-4d27-a4ad-0d5c39a04bee, Facility=None, Pricing=None
2026-01-27 11:05:25,784 [INFO]   ‚úÖ Granting: Service=2dff446f-c95f-4310-ba4d-05e3395dd7eb, Category=7f29f495-d3af-447c-ad03-b51a82940133, Facility=None, Pricing=None
2026-01-27 11:05:25,792 [INFO] ‚úÖ Updated 7 capabilities for user 5d560f6b-a1cb-4025-b7bb-87ef212f8a1c
2026-01-27 11:05:25,794 [INFO] ‚úÖ Replaced user capabilities: ['VETERINARY_PHARMACY', 'VETERINARY_DOCTOR', 'VETERINARY_LABS', 'VETERINARY_CORE']
2026-01-27 11:05:25,797 [INFO] ‚úÖ Synced Subscription for user 5d560f6b-a1cb-4025-b7bb-87ef212f8a1c | Plan: d105f8e4-d511-4f87-a1a8-95837bef3d24
2026-01-27 11:05:25,797 [INFO] DEBUG: dynamic_caps raw: None
2026-01-27 11:05:25,802 [INFO] üì§ Published USER_PERMISSIONS_SYNCED for 5d560f6b-a1cb-4025-b7bb-87ef212f8a1c
2026-01-27 11:05:25,806 [INFO] üî• Event: USER_PERMISSIONS_SYNCED | Role: provider | Service: None
2026-01-27 11:05:25,806 [WARNING] ‚ö†Ô∏è Unknown event type 'USER_PERMISSIONS_SYNCED' received.
2026-01-27 11:30:37,727 [INFO] üî• Event: PROVIDER.PERMISSIONS.UPDATED | Role:  | Service: None
2026-01-27 11:30:37,729 [INFO] DEBUG: [KAFKA RECV] provider.permissions.updated | User: 5d560f6b-a1cb-4025-b7bb-87ef212f8a1c
2026-01-27 11:30:37,729 [INFO] DEBUG: Templates Received - Services: 2, Cats: 8
2026-01-27 11:30:37,759 [WARNING] ‚è≠Ô∏è Skipping facility Indoor Play Area - missing category_id
2026-01-27 11:30:37,759 [WARNING] ‚è≠Ô∏è Skipping facility Outdoor Play Area - missing category_id
2026-01-27 11:30:37,770 [INFO] ‚úÖ Synced Templates for user 5d560f6b-a1cb-4025-b7bb-87ef212f8a1c
2026-01-27 11:30:37,772 [INFO] üßπ Cleared old permissions for user 5d560f6b-a1cb-4025-b7bb-87ef212f8a1c
2026-01-27 11:30:37,772 [INFO] üìã Processing 7 explicit permissions from plan
2026-01-27 11:30:37,772 [INFO]   ‚úÖ Granting: Service=2170653c-9de5-4f61-b1ca-35b1a0439b17, Category=None, Facility=None, Pricing=None
2026-01-27 11:30:37,772 [INFO]   ‚úÖ Granting: Service=2170653c-9de5-4f61-b1ca-35b1a0439b17, Category=2e9da8d4-9747-41a7-8bf4-96e4df658070, Facility=None, Pricing=None
2026-01-27 11:30:37,772 [INFO]   ‚úÖ Granting: Service=2170653c-9de5-4f61-b1ca-35b1a0439b17, Category=None, Facility=95a3a4ce-b503-49e9-8531-d5b28e01a173, Pricing=None
2026-01-27 11:30:37,772 [INFO]   ‚úÖ Granting: Service=2dff446f-c95f-4310-ba4d-05e3395dd7eb, Category=None, Facility=None, Pricing=None
2026-01-27 11:30:37,772 [INFO]   ‚úÖ Granting: Service=2dff446f-c95f-4310-ba4d-05e3395dd7eb, Category=34857c1d-7f37-4c16-b989-378ddb127ad5, Facility=None, Pricing=None
2026-01-27 11:30:37,773 [INFO]   ‚úÖ Granting: Service=2dff446f-c95f-4310-ba4d-05e3395dd7eb, Category=bf255bf5-ffe7-4d27-a4ad-0d5c39a04bee, Facility=None, Pricing=None
2026-01-27 11:30:37,773 [INFO]   ‚úÖ Granting: Service=2dff446f-c95f-4310-ba4d-05e3395dd7eb, Category=7f29f495-d3af-447c-ad03-b51a82940133, Facility=None, Pricing=None
2026-01-27 11:30:37,781 [INFO] ‚úÖ Updated 7 capabilities for user 5d560f6b-a1cb-4025-b7bb-87ef212f8a1c
2026-01-27 11:30:37,784 [INFO] ‚úÖ Replaced user capabilities: ['VETERINARY_PHARMACY', 'VETERINARY_DOCTOR', 'VETERINARY_LABS', 'VETERINARY_CORE']
2026-01-27 11:30:37,787 [INFO] ‚úÖ Synced Subscription for user 5d560f6b-a1cb-4025-b7bb-87ef212f8a1c | Plan: d105f8e4-d511-4f87-a1a8-95837bef3d24
2026-01-27 11:30:37,787 [INFO] DEBUG: dynamic_caps raw: None
2026-01-27 11:30:37,791 [INFO] üì§ Published USER_PERMISSIONS_SYNCED for 5d560f6b-a1cb-4025-b7bb-87ef212f8a1c
2026-01-27 11:30:37,795 [INFO] üî• Event: USER_PERMISSIONS_SYNCED | Role: provider | Service: None
2026-01-27 11:30:37,795 [WARNING] ‚ö†Ô∏è Unknown event type 'USER_PERMISSIONS_SYNCED' received.
2026-01-27 11:31:54,571 [INFO] üî• Event: PROVIDER.PERMISSIONS.UPDATED | Role:  | Service: None
2026-01-27 11:31:54,572 [INFO] DEBUG: [KAFKA RECV] provider.permissions.updated | User: 5d560f6b-a1cb-4025-b7bb-87ef212f8a1c
2026-01-27 11:31:54,572 [INFO] DEBUG: Templates Received - Services: 2, Cats: 8
2026-01-27 11:31:54,598 [WARNING] ‚è≠Ô∏è Skipping facility Indoor Play Area - missing category_id
2026-01-27 11:31:54,598 [WARNING] ‚è≠Ô∏è Skipping facility Outdoor Play Area - missing category_id
2026-01-27 11:31:54,607 [INFO] ‚úÖ Synced Templates for user 5d560f6b-a1cb-4025-b7bb-87ef212f8a1c
2026-01-27 11:31:54,609 [INFO] üßπ Cleared old permissions for user 5d560f6b-a1cb-4025-b7bb-87ef212f8a1c
2026-01-27 11:31:54,609 [INFO] üìã Processing 7 explicit permissions from plan
2026-01-27 11:31:54,609 [INFO]   ‚úÖ Granting: Service=2170653c-9de5-4f61-b1ca-35b1a0439b17, Category=None, Facility=None, Pricing=None
2026-01-27 11:31:54,609 [INFO]   ‚úÖ Granting: Service=2170653c-9de5-4f61-b1ca-35b1a0439b17, Category=2e9da8d4-9747-41a7-8bf4-96e4df658070, Facility=None, Pricing=None
2026-01-27 11:31:54,610 [INFO]   ‚úÖ Granting: Service=2170653c-9de5-4f61-b1ca-35b1a0439b17, Category=None, Facility=95a3a4ce-b503-49e9-8531-d5b28e01a173, Pricing=None
2026-01-27 11:31:54,610 [INFO]   ‚úÖ Granting: Service=2dff446f-c95f-4310-ba4d-05e3395dd7eb, Category=None, Facility=None, Pricing=None
2026-01-27 11:31:54,610 [INFO]   ‚úÖ Granting: Service=2dff446f-c95f-4310-ba4d-05e3395dd7eb, Category=34857c1d-7f37-4c16-b989-378ddb127ad5, Facility=None, Pricing=None
2026-01-27 11:31:54,610 [INFO]   ‚úÖ Granting: Service=2dff446f-c95f-4310-ba4d-05e3395dd7eb, Category=bf255bf5-ffe7-4d27-a4ad-0d5c39a04bee, Facility=None, Pricing=None
2026-01-27 11:31:54,610 [INFO]   ‚úÖ Granting: Service=2dff446f-c95f-4310-ba4d-05e3395dd7eb, Category=7f29f495-d3af-447c-ad03-b51a82940133, Facility=None, Pricing=None
2026-01-27 11:31:54,618 [INFO] ‚úÖ Updated 7 capabilities for user 5d560f6b-a1cb-4025-b7bb-87ef212f8a1c
2026-01-27 11:31:54,620 [INFO] ‚úÖ Replaced user capabilities: ['VETERINARY_PHARMACY', 'VETERINARY_DOCTOR', 'VETERINARY_LABS', 'VETERINARY_CORE']
2026-01-27 11:31:54,622 [INFO] ‚úÖ Synced Subscription for user 5d560f6b-a1cb-4025-b7bb-87ef212f8a1c | Plan: d105f8e4-d511-4f87-a1a8-95837bef3d24
2026-01-27 11:31:54,622 [INFO] DEBUG: dynamic_caps raw: None
2026-01-27 11:31:54,626 [INFO] üì§ Published USER_PERMISSIONS_SYNCED for 5d560f6b-a1cb-4025-b7bb-87ef212f8a1c
2026-01-27 11:31:54,630 [INFO] üî• Event: USER_PERMISSIONS_SYNCED | Role: provider | Service: None
2026-01-27 11:31:54,630 [WARNING] ‚ö†Ô∏è Unknown event type 'USER_PERMISSIONS_SYNCED' received.
2026-01-27 11:33:33,437 [INFO] üî• Event: PROVIDER.PERMISSIONS.UPDATED | Role:  | Service: None
2026-01-27 11:33:33,439 [INFO] DEBUG: [KAFKA RECV] provider.permissions.updated | User: 5d560f6b-a1cb-4025-b7bb-87ef212f8a1c
2026-01-27 11:33:33,439 [INFO] DEBUG: Templates Received - Services: 2, Cats: 8
2026-01-27 11:33:33,471 [WARNING] ‚è≠Ô∏è Skipping facility Indoor Play Area - missing category_id
2026-01-27 11:33:33,471 [WARNING] ‚è≠Ô∏è Skipping facility Outdoor Play Area - missing category_id
2026-01-27 11:33:33,482 [INFO] ‚úÖ Synced Templates for user 5d560f6b-a1cb-4025-b7bb-87ef212f8a1c
2026-01-27 11:33:33,483 [INFO] üßπ Cleared old permissions for user 5d560f6b-a1cb-4025-b7bb-87ef212f8a1c
2026-01-27 11:33:33,483 [INFO] üìã Processing 7 explicit permissions from plan
2026-01-27 11:33:33,484 [INFO]   ‚úÖ Granting: Service=2170653c-9de5-4f61-b1ca-35b1a0439b17, Category=None, Facility=None, Pricing=None
2026-01-27 11:33:33,484 [INFO]   ‚úÖ Granting: Service=2170653c-9de5-4f61-b1ca-35b1a0439b17, Category=2e9da8d4-9747-41a7-8bf4-96e4df658070, Facility=None, Pricing=None
2026-01-27 11:33:33,484 [INFO]   ‚úÖ Granting: Service=2170653c-9de5-4f61-b1ca-35b1a0439b17, Category=None, Facility=95a3a4ce-b503-49e9-8531-d5b28e01a173, Pricing=None
2026-01-27 11:33:33,484 [INFO]   ‚úÖ Granting: Service=2dff446f-c95f-4310-ba4d-05e3395dd7eb, Category=None, Facility=None, Pricing=None
2026-01-27 11:33:33,484 [INFO]   ‚úÖ Granting: Service=2dff446f-c95f-4310-ba4d-05e3395dd7eb, Category=34857c1d-7f37-4c16-b989-378ddb127ad5, Facility=None, Pricing=None
2026-01-27 11:33:33,484 [INFO]   ‚úÖ Granting: Service=2dff446f-c95f-4310-ba4d-05e3395dd7eb, Category=bf255bf5-ffe7-4d27-a4ad-0d5c39a04bee, Facility=None, Pricing=None
2026-01-27 11:33:33,484 [INFO]   ‚úÖ Granting: Service=2dff446f-c95f-4310-ba4d-05e3395dd7eb, Category=7f29f495-d3af-447c-ad03-b51a82940133, Facility=None, Pricing=None
2026-01-27 11:33:33,492 [INFO] ‚úÖ Updated 7 capabilities for user 5d560f6b-a1cb-4025-b7bb-87ef212f8a1c
2026-01-27 11:33:33,494 [INFO] ‚úÖ Replaced user capabilities: ['VETERINARY_PHARMACY', 'VETERINARY_DOCTOR', 'VETERINARY_LABS', 'VETERINARY_CORE']
2026-01-27 11:33:33,497 [INFO] ‚úÖ Synced Subscription for user 5d560f6b-a1cb-4025-b7bb-87ef212f8a1c | Plan: d105f8e4-d511-4f87-a1a8-95837bef3d24
2026-01-27 11:33:33,497 [INFO] DEBUG: dynamic_caps raw: None
2026-01-27 11:33:33,501 [INFO] üì§ Published USER_PERMISSIONS_SYNCED for 5d560f6b-a1cb-4025-b7bb-87ef212f8a1c
2026-01-27 11:33:33,504 [INFO] üî• Event: USER_PERMISSIONS_SYNCED | Role: provider | Service: None
2026-01-27 11:33:33,504 [WARNING] ‚ö†Ô∏è Unknown event type 'USER_PERMISSIONS_SYNCED' received.
2026-01-27 11:56:05,950 [INFO] üî• Event: SEND_EMAIL | Role: organization | Service: auth_service
2026-01-27 11:56:05,953 [WARNING] ‚ö†Ô∏è Unknown event type 'SEND_EMAIL' received.
2026-01-27 11:56:05,960 [INFO] üî• Event: USER_CREATED | Role: organization | Service: auth_service
2026-01-27 11:56:05,961 [INFO] DEBUG: Checking role 'organization' against employee list...
2026-01-27 11:56:05,980 [INFO] ‚úÖ Created VerifiedUser madhu@gmail.com
2026-01-27 11:56:05,987 [INFO] ‚úÖ Auto-created ServiceProvider profile for madhu@gmail.com
2026-01-27 11:56:34,964 [INFO] üî• Event: USER_VERIFIED | Role: organization | Service: auth_service
2026-01-27 11:56:34,965 [INFO] DEBUG: Checking role 'organization' against employee list...
2026-01-27 11:56:34,972 [INFO] üîÑ Updated VerifiedUser madhu@gmail.com
2026-01-27 11:57:07,561 [INFO] üî• Event: PROVIDER.PERMISSIONS.UPDATED | Role:  | Service: None
2026-01-27 11:57:07,563 [INFO] DEBUG: [KAFKA RECV] provider.permissions.updated | User: 4ce26186-7b1c-4b82-949c-e69e9431be68
2026-01-27 11:57:07,563 [INFO] DEBUG: Templates Received - Services: 2, Cats: 8
2026-01-27 11:57:07,597 [WARNING] ‚è≠Ô∏è Skipping facility Outdoor Play Area - missing category_id
2026-01-27 11:57:07,597 [WARNING] ‚è≠Ô∏è Skipping facility Indoor Play Area - missing category_id
2026-01-27 11:57:07,602 [ERROR] ‚ùå Error updating permissions for 4ce26186-7b1c-4b82-949c-e69e9431be68: 'duration'
2026-01-27 11:57:07,609 [INFO] üì§ Published USER_PERMISSIONS_SYNCED for 4ce26186-7b1c-4b82-949c-e69e9431be68
2026-01-27 11:57:07,615 [INFO] üî• Event: USER_PERMISSIONS_SYNCED | Role: provider | Service: None
2026-01-27 11:57:07,615 [WARNING] ‚ö†Ô∏è Unknown event type 'USER_PERMISSIONS_SYNCED' received.
2026-01-27 12:33:00,221 [INFO] üöÄ Starting Service Provider Unified Kafka Consumer...
2026-01-27 12:33:00,235 [INFO] ‚úÖ Connected to Kafka broker.
2026-01-27 13:12:05,455 [INFO] üî• Event:  | Role:  | Service: None
2026-01-27 13:12:05,458 [WARNING] ‚ö†Ô∏è Unknown event type '' received.
2026-01-27 13:13:21,998 [INFO] üî• Event: PROVIDER.PERMISSIONS.UPDATED | Role:  | Service: None
2026-01-27 13:13:22,057 [INFO] DEBUG: [KAFKA RECV] provider.permissions.updated | User: 4ce26186-7b1c-4b82-949c-e69e9431be68
2026-01-27 13:13:22,058 [INFO] DEBUG: Templates Received - Services: 2, Cats: 8
2026-01-27 13:13:22,096 [WARNING] ‚è≠Ô∏è Skipping facility Outdoor Play Area - missing category_id
2026-01-27 13:13:22,096 [WARNING] ‚è≠Ô∏è Skipping facility Indoor Play Area - missing category_id
2026-01-27 13:13:22,105 [ERROR] ‚ùå Error updating permissions for 4ce26186-7b1c-4b82-949c-e69e9431be68: 'duration'
2026-01-27 13:13:22,106 [ERROR] ‚ùå Failed to publish sync event: name 'perms_map' is not defined
2026-01-27 13:19:26,139 [INFO] üöÄ Starting Service Provider Unified Kafka Consumer...
2026-01-27 13:19:26,152 [INFO] ‚úÖ Connected to Kafka broker.
2026-01-27 13:19:47,915 [INFO] üî• Event: PROVIDER.PERMISSIONS.UPDATED | Role:  | Service: None
2026-01-27 13:19:47,958 [INFO] DEBUG: [KAFKA RECV] provider.permissions.updated | User: 4ce26186-7b1c-4b82-949c-e69e9431be68
2026-01-27 13:19:47,959 [INFO] DEBUG: Templates Received - Services: 2, Cats: 8
2026-01-27 13:19:47,996 [WARNING] ‚è≠Ô∏è Skipping facility Outdoor Play Area - missing category_id
2026-01-27 13:19:47,997 [WARNING] ‚è≠Ô∏è Skipping facility Indoor Play Area - missing category_id
2026-01-27 13:19:48,012 [INFO] ‚úÖ Synced Templates for user 4ce26186-7b1c-4b82-949c-e69e9431be68
2026-01-27 13:19:48,017 [INFO] üßπ Cleared old permissions for user 4ce26186-7b1c-4b82-949c-e69e9431be68
2026-01-27 13:19:48,032 [INFO] ‚úÖ Updated 14 capabilities for user 4ce26186-7b1c-4b82-949c-e69e9431be68
2026-01-27 13:19:48,036 [INFO] ‚úÖ Replaced user capabilities: ['VETERINARY_MEDICINE_REMINDERS', 'VETERINARY_VITALS', 'VETERINARY_PHARMACY', 'VETERINARY_VISITS', 'VETERINARY_LABS', 'VETERINARY_DOCTOR', 'VETERINARY_CORE']
2026-01-27 13:19:48,041 [INFO] ‚úÖ Synced Subscription for user 4ce26186-7b1c-4b82-949c-e69e9431be68
2026-01-27 13:19:48,041 [INFO] DEBUG: dynamic_caps raw: None
2026-01-27 13:19:48,042 [INFO] üì§ Publishing Permissions Sync: 14 items enriched
2026-01-27 13:19:48,171 [INFO] üî• Event: USER_PERMISSIONS_SYNCED | Role: provider | Service: None
2026-01-27 13:19:48,171 [WARNING] ‚ö†Ô∏è Unknown event type 'USER_PERMISSIONS_SYNCED' received.
2026-01-27 13:26:40,092 [INFO] üî• Event: USER_DELETED | Role: organization | Service: auth_service
2026-01-27 13:26:40,130 [INFO] üóëÔ∏è Deleted user records for ab6af475-d728-4da5-aa48-11ae275e05ac
2026-01-27 13:26:42,457 [INFO] üî• Event: USER_DELETED | Role: organization | Service: auth_service
2026-01-27 13:26:42,478 [INFO] üóëÔ∏è Deleted user records for 4ce26186-7b1c-4b82-949c-e69e9431be68
2026-01-27 13:27:47,326 [INFO] üî• Event: SEND_EMAIL | Role: organization | Service: auth_service
2026-01-27 13:27:47,327 [WARNING] ‚ö†Ô∏è Unknown event type 'SEND_EMAIL' received.
2026-01-27 13:27:47,338 [INFO] üî• Event: USER_CREATED | Role: organization | Service: auth_service
2026-01-27 13:27:47,340 [INFO] DEBUG: Checking role 'organization' against employee list...
2026-01-27 13:27:47,346 [INFO] ‚úÖ Created VerifiedUser nagaanil29@gmail.com
2026-01-27 13:27:47,353 [INFO] ‚úÖ Auto-created ServiceProvider profile for nagaanil29@gmail.com
2026-01-27 13:28:18,783 [INFO] üî• Event: USER_VERIFIED | Role: organization | Service: auth_service
2026-01-27 13:28:18,810 [INFO] DEBUG: Checking role 'organization' against employee list...
2026-01-27 13:28:18,814 [INFO] üîÑ Updated VerifiedUser nagaanil29@gmail.com
2026-01-27 13:30:26,727 [INFO] üî• Event: PROVIDER.PERMISSIONS.UPDATED | Role:  | Service: None
2026-01-27 13:30:26,729 [INFO] DEBUG: [KAFKA RECV] provider.permissions.updated | User: 6547765c-0c7e-4548-bd44-c87939eeaf61
2026-01-27 13:30:26,729 [INFO] DEBUG: Templates Received - Services: 3, Cats: 10
2026-01-27 13:30:26,775 [WARNING] ‚è≠Ô∏è Skipping facility Outdoor Play Area - missing category_id
2026-01-27 13:30:26,776 [WARNING] ‚è≠Ô∏è Skipping facility Indoor Play Area - missing category_id
2026-01-27 13:30:26,776 [WARNING] ‚è≠Ô∏è Skipping facility Ac Rooms - missing category_id
2026-01-27 13:30:26,778 [WARNING] ‚è≠Ô∏è Skipping facility Hair Trimming & Styling - missing category_id
2026-01-27 13:30:26,779 [WARNING] ‚è≠Ô∏è Skipping facility Bathing & Drying Stations - missing category_id
2026-01-27 13:30:26,832 [INFO] ‚úÖ Synced Templates for user 6547765c-0c7e-4548-bd44-c87939eeaf61
2026-01-27 13:30:26,834 [INFO] üßπ Cleared old permissions for user 6547765c-0c7e-4548-bd44-c87939eeaf61
2026-01-27 13:30:26,850 [INFO] ‚úÖ Updated 24 capabilities for user 6547765c-0c7e-4548-bd44-c87939eeaf61
2026-01-27 13:30:26,853 [INFO] ‚úÖ Replaced user capabilities: ['VETERINARY_MEDICINE_REMINDERS', 'VETERINARY_VITALS', 'VETERINARY_PHARMACY', 'VETERINARY_VISITS', 'VETERINARY_LABS', 'VETERINARY_DOCTOR', 'VETERINARY_CORE']
2026-01-27 13:30:26,858 [INFO] ‚úÖ Synced Subscription for user 6547765c-0c7e-4548-bd44-c87939eeaf61
2026-01-27 13:30:26,858 [INFO] DEBUG: dynamic_caps raw: None
2026-01-27 13:30:26,859 [INFO] üì§ Publishing Permissions Sync: 24 items enriched
2026-01-27 13:30:26,878 [INFO] üî• Event: USER_PERMISSIONS_SYNCED | Role: provider | Service: None
2026-01-27 13:30:26,878 [WARNING] ‚ö†Ô∏è Unknown event type 'USER_PERMISSIONS_SYNCED' received.
2026-01-28 05:02:25,556 [INFO] üöÄ Starting Service Provider Unified Kafka Consumer...
2026-01-28 05:02:25,568 [INFO] ‚úÖ Connected to Kafka broker.
2026-01-28 05:41:48,587 [INFO] üî• Event: SEND_EMAIL | Role: employee | Service: auth_service
2026-01-28 05:41:48,588 [WARNING] ‚ö†Ô∏è Unknown event type 'SEND_EMAIL' received.
2026-01-28 05:41:48,597 [INFO] üî• Event: USER_CREATED | Role: employee | Service: auth_service
2026-01-28 05:41:48,597 [INFO] DEBUG: Checking role 'employee' against employee list...
2026-01-28 05:41:48,597 [INFO] DEBUG: Role matched employee list.
2026-01-28 05:41:48,597 [INFO] üîç Processing Employee 6f824015-40f1-4078-874d-b91a4d84b513 for Org 6547765c-0c7e-4548-bd44-c87939eeaf61
2026-01-28 05:41:48,729 [INFO] ‚úÖ Created OrganizationEmployee 6f824015-40f1-4078-874d-b91a4d84b513 (Invited)
2026-01-28 05:41:48,750 [INFO] ‚úÖ Created VerifiedUser ram@gmail.com
2026-01-28 05:41:59,471 [INFO] üî• Event: EMPLOYEE_UPDATED | Role: employee | Service: None
2026-01-28 05:41:59,473 [INFO] üÜô Updated OrganizationEmployee 6f824015-40f1-4078-874d-b91a4d84b513
2026-01-28 05:42:34,771 [INFO] üî• Event: USER_VERIFIED | Role: employee | Service: auth_service
2026-01-28 05:42:34,772 [INFO] DEBUG: Checking role 'employee' against employee list...
2026-01-28 05:42:34,772 [INFO] DEBUG: Role matched employee list.
2026-01-28 05:42:34,780 [INFO] ‚úÖ Activated OrganizationEmployee 6f824015-40f1-4078-874d-b91a4d84b513
2026-01-28 05:42:34,789 [INFO] üîÑ Updated VerifiedUser ram@gmail.com
2026-01-28 06:32:26,875 [INFO] üî• Event: SEND_EMAIL | Role: employee | Service: auth_service
2026-01-28 06:32:26,876 [WARNING] ‚ö†Ô∏è Unknown event type 'SEND_EMAIL' received.
2026-01-28 06:32:26,884 [INFO] üî• Event: USER_CREATED | Role: employee | Service: auth_service
2026-01-28 06:32:26,884 [INFO] DEBUG: Checking role 'employee' against employee list...
2026-01-28 06:32:26,884 [INFO] DEBUG: Role matched employee list.
2026-01-28 06:32:26,884 [INFO] üîç Processing Employee c5d365c1-5368-4464-a48a-fea3e1356d80 for Org 6547765c-0c7e-4548-bd44-c87939eeaf61
2026-01-28 06:32:26,892 [INFO] ‚úÖ Created OrganizationEmployee c5d365c1-5368-4464-a48a-fea3e1356d80 (Invited)
2026-01-28 06:32:26,896 [INFO] ‚úÖ Created VerifiedUser prem1@gmail.com
2026-01-28 06:32:47,748 [INFO] üî• Event: EMPLOYEE_UPDATED | Role: employee | Service: None
2026-01-28 06:32:47,750 [INFO] üÜô Updated OrganizationEmployee c5d365c1-5368-4464-a48a-fea3e1356d80
2026-01-28 06:33:10,465 [INFO] üî• Event: USER_VERIFIED | Role: employee | Service: auth_service
2026-01-28 06:33:10,465 [INFO] DEBUG: Checking role 'employee' against employee list...
2026-01-28 06:33:10,466 [INFO] DEBUG: Role matched employee list.
2026-01-28 06:33:10,472 [INFO] ‚úÖ Activated OrganizationEmployee c5d365c1-5368-4464-a48a-fea3e1356d80
2026-01-28 06:33:10,476 [INFO] üîÑ Updated VerifiedUser prem1@gmail.com
2026-01-28 06:36:14,123 [INFO] üî• Event: SEND_EMAIL | Role: employee | Service: auth_service
2026-01-28 06:36:14,124 [WARNING] ‚ö†Ô∏è Unknown event type 'SEND_EMAIL' received.
2026-01-28 06:36:14,132 [INFO] üî• Event: USER_CREATED | Role: employee | Service: auth_service
2026-01-28 06:36:14,133 [INFO] DEBUG: Checking role 'employee' against employee list...
2026-01-28 06:36:14,133 [INFO] DEBUG: Role matched employee list.
2026-01-28 06:36:14,133 [INFO] üîç Processing Employee d392edaa-6535-444b-8f2d-3c9ea3c905be for Org 6547765c-0c7e-4548-bd44-c87939eeaf61
2026-01-28 06:36:14,141 [INFO] ‚úÖ Created OrganizationEmployee d392edaa-6535-444b-8f2d-3c9ea3c905be (Invited)
2026-01-28 06:36:14,145 [INFO] ‚úÖ Created VerifiedUser raj1@gmail.com
2026-01-28 06:36:23,952 [INFO] üî• Event: EMPLOYEE_UPDATED | Role: employee | Service: None
2026-01-28 06:36:23,954 [INFO] üÜô Updated OrganizationEmployee d392edaa-6535-444b-8f2d-3c9ea3c905be
2026-01-28 06:37:08,479 [INFO] üî• Event: USER_VERIFIED | Role: employee | Service: auth_service
2026-01-28 06:37:08,479 [INFO] DEBUG: Checking role 'employee' against employee list...
2026-01-28 06:37:08,479 [INFO] DEBUG: Role matched employee list.
2026-01-28 06:37:08,483 [INFO] ‚úÖ Activated OrganizationEmployee d392edaa-6535-444b-8f2d-3c9ea3c905be
2026-01-28 06:37:08,487 [INFO] üîÑ Updated VerifiedUser raj1@gmail.com
2026-01-28 11:52:08,454 [INFO] üî• Event: SEND_EMAIL | Role: employee | Service: auth_service
2026-01-28 11:52:08,455 [WARNING] ‚ö†Ô∏è Unknown event type 'SEND_EMAIL' received.
2026-01-28 11:52:08,461 [INFO] üî• Event: USER_CREATED | Role: employee | Service: auth_service
2026-01-28 11:52:08,461 [INFO] DEBUG: Checking role 'employee' against employee list...
2026-01-28 11:52:08,461 [INFO] DEBUG: Role matched employee list.
2026-01-28 11:52:08,461 [INFO] üîç Processing Employee 5a08c746-3616-446b-814d-0de866c2673c for Org 6547765c-0c7e-4548-bd44-c87939eeaf61
2026-01-28 11:52:08,472 [INFO] ‚úÖ Created OrganizationEmployee 5a08c746-3616-446b-814d-0de866c2673c (Invited)
2026-01-28 11:52:08,477 [INFO] ‚úÖ Created VerifiedUser akhil@gmail.com
2026-01-28 11:52:31,858 [INFO] üî• Event: EMPLOYEE_UPDATED | Role: employee | Service: None
2026-01-28 11:52:31,859 [INFO] üÜô Updated OrganizationEmployee 5a08c746-3616-446b-814d-0de866c2673c
2026-01-28 11:52:56,802 [INFO] üî• Event: USER_VERIFIED | Role: employee | Service: auth_service
2026-01-28 11:52:56,803 [INFO] DEBUG: Checking role 'employee' against employee list...
2026-01-28 11:52:56,803 [INFO] DEBUG: Role matched employee list.
2026-01-28 11:52:56,808 [INFO] ‚úÖ Activated OrganizationEmployee 5a08c746-3616-446b-814d-0de866c2673c
2026-01-28 11:52:56,811 [INFO] üîÑ Updated VerifiedUser akhil@gmail.com
2026-01-29 05:02:35,930 [INFO] üöÄ Starting Service Provider Unified Kafka Consumer...
2026-01-29 05:02:35,944 [INFO] ‚úÖ Connected to Kafka broker.
2026-01-29 08:32:36,419 [INFO] üî• Event: PROVIDER.PERMISSIONS.UPDATED | Role:  | Service: None
2026-01-29 08:32:36,475 [INFO] DEBUG: [KAFKA RECV] provider.permissions.updated | User: 6547765c-0c7e-4548-bd44-c87939eeaf61
2026-01-29 08:32:36,475 [INFO] DEBUG: Templates Received - Services: 3, Cats: 10
2026-01-29 08:32:36,583 [INFO] ‚úÖ Synced Templates for user 6547765c-0c7e-4548-bd44-c87939eeaf61
2026-01-29 08:32:36,586 [INFO] üßπ Cleared old permissions for user 6547765c-0c7e-4548-bd44-c87939eeaf61
2026-01-29 08:32:36,612 [INFO] ‚úÖ Updated 26 capabilities for user 6547765c-0c7e-4548-bd44-c87939eeaf61
2026-01-29 08:32:36,618 [INFO] ‚úÖ Replaced user capabilities: ['VETERINARY_MEDICINE_REMINDERS', 'VETERINARY_LABS', 'VETERINARY_PHARMACY', 'VETERINARY_VITALS', 'VETERINARY_VISITS', 'VETERINARY_DOCTOR', 'VETERINARY_CORE']
2026-01-29 08:32:36,625 [INFO] ‚úÖ Synced Subscription for user 6547765c-0c7e-4548-bd44-c87939eeaf61
2026-01-29 08:32:36,626 [INFO] DEBUG: dynamic_caps raw: None
2026-01-29 08:32:36,626 [INFO] üì§ Publishing Permissions Sync: 26 items enriched
2026-01-29 08:32:36,767 [INFO] üî• Event: USER_PERMISSIONS_SYNCED | Role: provider | Service: None
2026-01-29 08:32:36,767 [WARNING] ‚ö†Ô∏è Unknown event type 'USER_PERMISSIONS_SYNCED' received.
2026-01-29 10:57:37,450 [INFO] üöÄ Starting Service Provider Unified Kafka Consumer...
2026-01-29 10:57:37,466 [INFO] ‚úÖ Connected to Kafka broker.
2026-01-30 05:20:01,101 [INFO] üöÄ Starting Service Provider Unified Kafka Consumer...
2026-01-30 05:20:01,113 [INFO] ‚úÖ Connected to Kafka broker.
2026-01-30 06:57:08,480 [INFO] üöÄ Starting Service Provider Unified Kafka Consumer...
2026-01-30 06:57:08,495 [INFO] ‚úÖ Connected to Kafka broker.
2026-01-30 07:39:40,161 [INFO] üî• Event: USER_DELETED | Role: employee | Service: auth_service
2026-01-30 07:39:40,259 [INFO] üóëÔ∏è Deleted user records for d392edaa-6535-444b-8f2d-3c9ea3c905be
2026-01-30 07:39:44,977 [INFO] üî• Event: USER_DELETED | Role: employee | Service: auth_service
2026-01-30 07:39:44,997 [INFO] üóëÔ∏è Deleted user records for 6f824015-40f1-4078-874d-b91a4d84b513
2026-01-30 07:39:48,425 [INFO] üî• Event: USER_DELETED | Role: organization | Service: auth_service
2026-01-30 07:39:48,470 [INFO] üóëÔ∏è Deleted user records for 6547765c-0c7e-4548-bd44-c87939eeaf61
2026-01-30 07:39:57,853 [INFO] üî• Event: USER_DELETED | Role: employee | Service: auth_service
2026-01-30 07:39:57,857 [INFO] üóëÔ∏è Deleted user records for 9a1c6ecc-7cfd-422d-b8b4-7a5cba656762
2026-01-30 07:40:07,957 [INFO] üî• Event: USER_DELETED | Role: employee | Service: auth_service
2026-01-30 07:40:07,975 [INFO] üóëÔ∏è Deleted user records for 83101d02-e2d6-4bb4-8ede-11e1ac8dfab4
2026-01-30 07:40:12,450 [INFO] üî• Event: USER_DELETED | Role: receptionist | Service: auth_service
2026-01-30 07:40:12,468 [INFO] üóëÔ∏è Deleted user records for e0515a9b-665b-495b-9ff2-af995f04bf19
2026-01-30 07:40:16,274 [INFO] üî• Event: USER_DELETED | Role: receptionist | Service: auth_service
2026-01-30 07:40:16,277 [INFO] üóëÔ∏è Deleted user records for e74cb68d-fa3d-4771-8027-1e4bf0492f70
2026-01-30 07:40:19,426 [INFO] üî• Event: USER_DELETED | Role: receptionist | Service: auth_service
2026-01-30 07:40:19,428 [INFO] üóëÔ∏è Deleted user records for 948f3264-05b8-47d5-9739-284815e7a76f
2026-01-30 07:40:24,286 [INFO] üî• Event: USER_DELETED | Role: receptionist | Service: auth_service
2026-01-30 07:40:24,290 [INFO] üóëÔ∏è Deleted user records for dbba4d20-b7fc-4131-a56d-96aa5a76098c
2026-01-30 07:40:30,908 [INFO] üî• Event: USER_DELETED | Role: employee | Service: auth_service
2026-01-30 07:40:30,927 [INFO] üóëÔ∏è Deleted user records for 5a08c746-3616-446b-814d-0de866c2673c
2026-01-30 07:40:35,249 [INFO] üî• Event: USER_DELETED | Role: employee | Service: auth_service
2026-01-30 07:40:35,267 [INFO] üóëÔ∏è Deleted user records for c5d365c1-5368-4464-a48a-fea3e1356d80
2026-01-30 07:40:39,232 [INFO] üî• Event: USER_DELETED | Role: employee | Service: auth_service
2026-01-30 07:40:39,249 [INFO] üóëÔ∏è Deleted user records for ba71d76b-9a71-4c10-9eb3-6fa0a2147ec9
2026-01-30 07:40:49,933 [INFO] üî• Event: USER_DELETED | Role: employee | Service: auth_service
2026-01-30 07:40:49,935 [INFO] üóëÔ∏è Deleted user records for d3a9bf45-fbdd-416f-b6c0-0b06648d4674
2026-01-30 07:40:53,302 [INFO] üî• Event: USER_DELETED | Role: employee | Service: auth_service
2026-01-30 07:40:53,305 [INFO] üóëÔ∏è Deleted user records for 3fac7baf-0283-43cf-8d8a-303a197b106e
2026-01-30 07:40:56,048 [INFO] üî• Event: USER_DELETED | Role: employee | Service: auth_service
2026-01-30 07:40:56,071 [INFO] üóëÔ∏è Deleted user records for 62411482-fd32-4b12-9c79-a15da9c57a02
2026-01-30 07:41:14,002 [INFO] üî• Event: USER_DELETED | Role: receptionist | Service: auth_service
2026-01-30 07:41:14,018 [INFO] üóëÔ∏è Deleted user records for 0a2f8972-93c6-4160-9942-da2b63bc296b
2026-01-30 07:41:18,331 [INFO] üî• Event: USER_DELETED | Role: lab tech | Service: auth_service
2026-01-30 07:41:18,349 [INFO] üóëÔ∏è Deleted user records for 0160b0e8-dbc2-4d99-afaa-59bdfdfa4356
2026-01-30 07:42:26,865 [INFO] üî• Event: SEND_EMAIL | Role: organization | Service: auth_service
2026-01-30 07:42:26,865 [WARNING] ‚ö†Ô∏è Unknown event type 'SEND_EMAIL' received.
2026-01-30 07:42:26,876 [INFO] üî• Event: USER_CREATED | Role: organization | Service: auth_service
2026-01-30 07:42:26,876 [INFO] DEBUG: Checking role 'organization' against employee list...
2026-01-30 07:42:26,887 [INFO] ‚úÖ Created VerifiedUser nagaanil29@gmail.com
2026-01-30 07:42:26,893 [INFO] ‚úÖ Auto-created ServiceProvider profile for nagaanil29@gmail.com
2026-01-30 07:43:12,715 [INFO] üî• Event: USER_VERIFIED | Role: organization | Service: auth_service
2026-01-30 07:43:12,716 [INFO] DEBUG: Checking role 'organization' against employee list...
2026-01-30 07:43:12,719 [INFO] üîÑ Updated VerifiedUser nagaanil29@gmail.com
2026-01-30 07:46:27,354 [INFO] üî• Event: PROVIDER.PERMISSIONS.UPDATED | Role:  | Service: None
2026-01-30 07:46:27,356 [INFO] DEBUG: [KAFKA RECV] provider.permissions.updated | User: 0959a200-f88d-454a-9fad-ad2c63e1ce50
2026-01-30 07:46:27,356 [INFO] DEBUG: Templates Received - Services: 3, Cats: 11
2026-01-30 07:46:27,424 [WARNING] ‚è≠Ô∏è Skipping facility puoppo - missing category_id
2026-01-30 07:46:27,424 [WARNING] ‚è≠Ô∏è Skipping facility hgdytcfg - missing category_id
2026-01-30 07:46:27,424 [WARNING] ‚è≠Ô∏è Skipping facility fdx - missing category_id
2026-01-30 07:46:27,424 [WARNING] ‚è≠Ô∏è Skipping facility Outdoor Play Area - missing category_id
2026-01-30 07:46:27,424 [WARNING] ‚è≠Ô∏è Skipping facility Indoor Play Area - missing category_id
2026-01-30 07:46:27,424 [WARNING] ‚è≠Ô∏è Skipping facility dfssf - missing category_id
2026-01-30 07:46:27,424 [WARNING] ‚è≠Ô∏è Skipping facility puppy - missing category_id
2026-01-30 07:46:27,425 [WARNING] ‚è≠Ô∏è Skipping facility Ac Rooms - missing category_id
2026-01-30 07:46:27,425 [WARNING] ‚è≠Ô∏è Skipping facility Hair Trimming & Styling - missing category_id
2026-01-30 07:46:27,425 [WARNING] ‚è≠Ô∏è Skipping facility Bathing & Drying Stations - missing category_id
2026-01-30 07:46:27,490 [INFO] ‚úÖ Synced Templates for user 0959a200-f88d-454a-9fad-ad2c63e1ce50
2026-01-30 07:46:27,492 [INFO] üßπ Cleared old permissions for user 0959a200-f88d-454a-9fad-ad2c63e1ce50
2026-01-30 07:46:27,521 [INFO] ‚úÖ Updated 35 capabilities for user 0959a200-f88d-454a-9fad-ad2c63e1ce50
2026-01-30 07:46:27,524 [INFO] ‚úÖ Replaced user capabilities: ['VETERINARY_LABS', 'VETERINARY_VISITS', 'VETERINARY_VITALS', 'VETERINARY_PHARMACY', 'VETERINARY_DOCTOR', 'VETERINARY_MEDICINE_REMINDERS', 'VETERINARY_CORE']
2026-01-30 07:46:27,529 [INFO] ‚úÖ Synced Subscription for user 0959a200-f88d-454a-9fad-ad2c63e1ce50
2026-01-30 07:46:27,529 [INFO] DEBUG: dynamic_caps raw: None
2026-01-30 07:46:27,529 [INFO] üì§ Publishing Permissions Sync: 35 items enriched
2026-01-30 07:46:27,695 [INFO] üî• Event: USER_PERMISSIONS_SYNCED | Role: provider | Service: None
2026-01-30 07:46:27,695 [WARNING] ‚ö†Ô∏è Unknown event type 'USER_PERMISSIONS_SYNCED' received.
2026-01-30 08:42:29,445 [INFO] üöÄ Starting Service Provider Unified Kafka Consumer...
2026-01-30 08:42:29,458 [INFO] ‚úÖ Connected to Kafka broker.
2026-01-30 08:44:51,132 [INFO] üî• Event: PROVIDER.PERMISSIONS.UPDATED | Role:  | Service: None
2026-01-30 08:44:51,163 [INFO] DEBUG: [KAFKA RECV] provider.permissions.updated | User: 0959a200-f88d-454a-9fad-ad2c63e1ce50
2026-01-30 08:44:51,163 [INFO] DEBUG: Templates Received - Services: 3, Cats: 11
2026-01-30 08:44:51,292 [INFO] ‚úÖ Synced Templates for user 0959a200-f88d-454a-9fad-ad2c63e1ce50
2026-01-30 08:44:51,295 [INFO] üßπ Cleared old permissions for user 0959a200-f88d-454a-9fad-ad2c63e1ce50
2026-01-30 08:44:51,323 [INFO] ‚úÖ Updated 45 capabilities for user 0959a200-f88d-454a-9fad-ad2c63e1ce50
2026-01-30 08:44:51,329 [INFO] ‚úÖ Replaced user capabilities: ['VETERINARY_PHARMACY', 'VETERINARY_LABS', 'VETERINARY_VISITS', 'VETERINARY_VITALS', 'VETERINARY_DOCTOR', 'VETERINARY_MEDICINE_REMINDERS', 'VETERINARY_CORE']
2026-01-30 08:44:51,334 [INFO] ‚úÖ Synced Subscription for user 0959a200-f88d-454a-9fad-ad2c63e1ce50
2026-01-30 08:44:51,334 [INFO] DEBUG: dynamic_caps raw: None
2026-01-30 08:44:51,335 [INFO] üì§ Publishing Permissions Sync: 45 items enriched
2026-01-30 08:44:51,470 [INFO] üî• Event: USER_PERMISSIONS_SYNCED | Role: provider | Service: None
2026-01-30 08:44:51,471 [WARNING] ‚ö†Ô∏è Unknown event type 'USER_PERMISSIONS_SYNCED' received.
2026-01-30 10:00:43,541 [INFO] üî• Event: PROVIDER.PERMISSIONS.UPDATED | Role:  | Service: None
2026-01-30 10:00:43,544 [INFO] DEBUG: [KAFKA RECV] provider.permissions.updated | User: 0959a200-f88d-454a-9fad-ad2c63e1ce50
2026-01-30 10:00:43,544 [INFO] DEBUG: Templates Received - Services: 3, Cats: 11
2026-01-30 10:00:43,662 [INFO] ‚úÖ Synced Templates for user 0959a200-f88d-454a-9fad-ad2c63e1ce50
2026-01-30 10:00:43,664 [INFO] üßπ Cleared old permissions for user 0959a200-f88d-454a-9fad-ad2c63e1ce50
2026-01-30 10:00:43,681 [INFO] ‚úÖ Updated 45 capabilities for user 0959a200-f88d-454a-9fad-ad2c63e1ce50
2026-01-30 10:00:43,683 [INFO] ‚úÖ Replaced user capabilities: ['VETERINARY_PHARMACY', 'VETERINARY_LABS', 'VETERINARY_VISITS', 'VETERINARY_VITALS', 'VETERINARY_DOCTOR', 'VETERINARY_MEDICINE_REMINDERS', 'VETERINARY_CORE']
2026-01-30 10:00:43,686 [INFO] ‚úÖ Synced Subscription for user 0959a200-f88d-454a-9fad-ad2c63e1ce50
2026-01-30 10:00:43,686 [INFO] DEBUG: dynamic_caps raw: None
2026-01-30 10:00:43,687 [INFO] üì§ Publishing Permissions Sync: 45 items enriched
2026-01-30 10:00:43,709 [INFO] üî• Event: USER_PERMISSIONS_SYNCED | Role: provider | Service: None
2026-01-30 10:00:43,709 [WARNING] ‚ö†Ô∏è Unknown event type 'USER_PERMISSIONS_SYNCED' received.
2026-01-30 12:51:20,064 [INFO] üî• Event: USER_DELETED | Role: organization | Service: auth_service
2026-01-30 12:51:20,123 [INFO] üóëÔ∏è Deleted user records for 0959a200-f88d-454a-9fad-ad2c63e1ce50
2026-01-30 12:52:12,014 [INFO] üî• Event: SEND_EMAIL | Role: organization | Service: auth_service
2026-01-30 12:52:12,014 [WARNING] ‚ö†Ô∏è Unknown event type 'SEND_EMAIL' received.
2026-01-30 12:52:12,031 [INFO] üî• Event: USER_CREATED | Role: organization | Service: auth_service
2026-01-30 12:52:12,031 [INFO] DEBUG: Checking role 'organization' against employee list...
2026-01-30 12:52:12,041 [INFO] ‚úÖ Created VerifiedUser nagaanil29@gmail.com
2026-01-30 12:52:12,045 [INFO] ‚úÖ Auto-created ServiceProvider profile for nagaanil29@gmail.com
2026-01-30 12:52:48,224 [INFO] üî• Event: USER_VERIFIED | Role: organization | Service: auth_service
2026-01-30 12:52:48,224 [INFO] DEBUG: Checking role 'organization' against employee list...
2026-01-30 12:52:48,230 [INFO] üîÑ Updated VerifiedUser nagaanil29@gmail.com
2026-01-30 12:53:29,807 [INFO] üî• Event: PROVIDER.PERMISSIONS.UPDATED | Role:  | Service: None
2026-01-30 12:53:29,808 [INFO] DEBUG: [KAFKA RECV] provider.permissions.updated | User: 8ce972f3-0c34-4868-86ad-0a4bb832ebd4
2026-01-30 12:53:29,809 [INFO] DEBUG: Templates Received - Services: 2, Cats: 8
2026-01-30 12:53:29,881 [INFO] ‚úÖ Synced Templates for user 8ce972f3-0c34-4868-86ad-0a4bb832ebd4
2026-01-30 12:53:29,883 [INFO] üßπ Cleared old permissions for user 8ce972f3-0c34-4868-86ad-0a4bb832ebd4
2026-01-30 12:53:29,894 [INFO] ‚úÖ Updated 16 capabilities for user 8ce972f3-0c34-4868-86ad-0a4bb832ebd4
2026-01-30 12:53:29,896 [INFO] ‚úÖ Replaced user capabilities: ['VETERINARY_PHARMACY', 'VETERINARY_LABS', 'VETERINARY_VISITS', 'VETERINARY_VITALS', 'VETERINARY_DOCTOR', 'VETERINARY_MEDICINE_REMINDERS', 'VETERINARY_CORE']
2026-01-30 12:53:29,899 [INFO] ‚úÖ Synced Subscription for user 8ce972f3-0c34-4868-86ad-0a4bb832ebd4
2026-01-30 12:53:29,899 [INFO] DEBUG: dynamic_caps raw: None
2026-01-30 12:53:29,899 [INFO] üì§ Publishing Permissions Sync: 16 items enriched
2026-01-30 12:53:29,913 [INFO] üî• Event: USER_PERMISSIONS_SYNCED | Role: provider | Service: None
2026-01-30 12:53:29,913 [WARNING] ‚ö†Ô∏è Unknown event type 'USER_PERMISSIONS_SYNCED' received.
2026-01-30 13:00:08,632 [INFO] üî• Event: PROVIDER.PERMISSIONS.UPDATED | Role:  | Service: None
2026-01-30 13:00:08,634 [INFO] DEBUG: [KAFKA RECV] provider.permissions.updated | User: 8ce972f3-0c34-4868-86ad-0a4bb832ebd4
2026-01-30 13:00:08,635 [INFO] DEBUG: Templates Received - Services: 2, Cats: 8
2026-01-30 13:00:08,685 [INFO] ‚úÖ Synced Templates for user 8ce972f3-0c34-4868-86ad-0a4bb832ebd4
2026-01-30 13:00:08,686 [INFO] üßπ Cleared old permissions for user 8ce972f3-0c34-4868-86ad-0a4bb832ebd4
2026-01-30 13:00:08,697 [INFO] ‚úÖ Updated 16 capabilities for user 8ce972f3-0c34-4868-86ad-0a4bb832ebd4
2026-01-30 13:00:08,699 [INFO] ‚úÖ Replaced user capabilities: ['VETERINARY_PHARMACY', 'VETERINARY_LABS', 'VETERINARY_VISITS', 'VETERINARY_VITALS', 'VETERINARY_DOCTOR', 'VETERINARY_MEDICINE_REMINDERS', 'VETERINARY_CORE']
2026-01-30 13:00:08,701 [INFO] ‚úÖ Synced Subscription for user 8ce972f3-0c34-4868-86ad-0a4bb832ebd4
2026-01-30 13:00:08,701 [INFO] DEBUG: dynamic_caps raw: None
2026-01-30 13:00:08,702 [INFO] üì§ Publishing Permissions Sync: 16 items enriched
2026-01-30 13:00:08,712 [INFO] üî• Event: USER_PERMISSIONS_SYNCED | Role: provider | Service: None
2026-01-30 13:00:08,712 [WARNING] ‚ö†Ô∏è Unknown event type 'USER_PERMISSIONS_SYNCED' received.
2026-01-30 13:02:08,355 [INFO] üî• Event: PROVIDER.PERMISSIONS.UPDATED | Role:  | Service: None
2026-01-30 13:02:08,357 [INFO] DEBUG: [KAFKA RECV] provider.permissions.updated | User: 8ce972f3-0c34-4868-86ad-0a4bb832ebd4
2026-01-30 13:02:08,358 [INFO] DEBUG: Templates Received - Services: 2, Cats: 8
2026-01-30 13:02:08,403 [INFO] ‚úÖ Synced Templates for user 8ce972f3-0c34-4868-86ad-0a4bb832ebd4
2026-01-30 13:02:08,405 [INFO] üßπ Cleared old permissions for user 8ce972f3-0c34-4868-86ad-0a4bb832ebd4
2026-01-30 13:02:08,414 [INFO] ‚úÖ Updated 16 capabilities for user 8ce972f3-0c34-4868-86ad-0a4bb832ebd4
2026-01-30 13:02:08,416 [INFO] ‚úÖ Replaced user capabilities: ['VETERINARY_PHARMACY', 'VETERINARY_LABS', 'VETERINARY_VISITS', 'VETERINARY_VITALS', 'VETERINARY_DOCTOR', 'VETERINARY_MEDICINE_REMINDERS', 'VETERINARY_CORE']
2026-01-30 13:02:08,418 [INFO] ‚úÖ Synced Subscription for user 8ce972f3-0c34-4868-86ad-0a4bb832ebd4
2026-01-30 13:02:08,418 [INFO] DEBUG: dynamic_caps raw: None
2026-01-30 13:02:08,418 [INFO] üì§ Publishing Permissions Sync: 16 items enriched
2026-01-30 13:02:08,431 [INFO] üî• Event: USER_PERMISSIONS_SYNCED | Role: provider | Service: None
2026-01-30 13:02:08,431 [WARNING] ‚ö†Ô∏è Unknown event type 'USER_PERMISSIONS_SYNCED' received.
2026-02-02 04:46:53,538 [INFO] üöÄ Starting Service Provider Unified Kafka Consumer...
2026-02-02 04:46:53,554 [INFO] ‚úÖ Connected to Kafka broker.
2026-02-02 05:22:29,419 [INFO] üî• Event: PROVIDER.PERMISSIONS.UPDATED | Role:  | Service: None
2026-02-02 05:22:29,452 [INFO] DEBUG: [KAFKA RECV] provider.permissions.updated | User: 8ce972f3-0c34-4868-86ad-0a4bb832ebd4
2026-02-02 05:22:29,452 [INFO] DEBUG: Templates Received - Services: 2, Cats: 8
2026-02-02 05:22:29,517 [INFO] ‚úÖ Synced Templates for user 8ce972f3-0c34-4868-86ad-0a4bb832ebd4
2026-02-02 05:22:29,521 [INFO] üßπ Cleared old permissions for user 8ce972f3-0c34-4868-86ad-0a4bb832ebd4
2026-02-02 05:22:29,559 [INFO] ‚úÖ Updated 16 capabilities for user 8ce972f3-0c34-4868-86ad-0a4bb832ebd4
2026-02-02 05:22:29,565 [INFO] ‚úÖ Replaced user capabilities: ['VETERINARY_PHARMACY', 'VETERINARY_DOCTOR', 'VETERINARY_MEDICINE_REMINDERS', 'VETERINARY_LABS', 'VETERINARY_VITALS', 'VETERINARY_VISITS', 'VETERINARY_CORE']
2026-02-02 05:22:29,576 [INFO] ‚úÖ Synced Subscription for user 8ce972f3-0c34-4868-86ad-0a4bb832ebd4
2026-02-02 05:22:29,576 [INFO] DEBUG: dynamic_caps raw: None
2026-02-02 05:22:29,576 [INFO] üì§ Publishing Permissions Sync: 16 items enriched
2026-02-02 05:22:29,714 [INFO] üî• Event: USER_PERMISSIONS_SYNCED | Role: provider | Service: None
2026-02-02 05:22:29,714 [WARNING] ‚ö†Ô∏è Unknown event type 'USER_PERMISSIONS_SYNCED' received.
2026-02-02 05:23:00,391 [INFO] üöÄ Starting Service Provider Unified Kafka Consumer...
2026-02-02 05:23:00,406 [INFO] ‚úÖ Connected to Kafka broker.
2026-02-02 05:23:02,530 [INFO] üî• Event: PROVIDER.PERMISSIONS.UPDATED | Role:  | Service: None
2026-02-02 05:23:02,559 [INFO] DEBUG: [KAFKA RECV] provider.permissions.updated | User: 8ce972f3-0c34-4868-86ad-0a4bb832ebd4
2026-02-02 05:23:02,559 [INFO] DEBUG: Templates Received - Services: 2, Cats: 8
2026-02-02 05:23:02,615 [INFO] ‚úÖ Synced Templates for user 8ce972f3-0c34-4868-86ad-0a4bb832ebd4
2026-02-02 05:23:02,619 [INFO] üßπ Cleared old permissions for user 8ce972f3-0c34-4868-86ad-0a4bb832ebd4
2026-02-02 05:23:02,630 [INFO] ‚úÖ Updated 16 capabilities for user 8ce972f3-0c34-4868-86ad-0a4bb832ebd4
2026-02-02 05:23:02,635 [INFO] ‚úÖ Replaced user capabilities: ['VETERINARY_LABS', 'VETERINARY_MEDICINE_REMINDERS', 'VETERINARY_VITALS', 'VETERINARY_DOCTOR', 'VETERINARY_VISITS', 'VETERINARY_PHARMACY', 'VETERINARY_CORE']
2026-02-02 05:23:02,639 [INFO] ‚úÖ Synced Subscription for user 8ce972f3-0c34-4868-86ad-0a4bb832ebd4
2026-02-02 05:23:02,639 [INFO] DEBUG: dynamic_caps raw: None
2026-02-02 05:23:02,639 [INFO] üì§ Publishing Permissions Sync: 16 items enriched
2026-02-02 05:23:02,768 [INFO] üî• Event: USER_PERMISSIONS_SYNCED | Role: provider | Service: None
2026-02-02 05:23:02,768 [WARNING] ‚ö†Ô∏è Unknown event type 'USER_PERMISSIONS_SYNCED' received.
2026-02-02 05:30:04,714 [INFO] üöÄ Starting Service Provider Unified Kafka Consumer...
2026-02-02 05:30:04,727 [INFO] ‚úÖ Connected to Kafka broker.
2026-02-02 05:30:06,547 [INFO] üî• Event: PROVIDER.PERMISSIONS.UPDATED | Role:  | Service: None
2026-02-02 05:30:06,549 [INFO] DEBUG: [KAFKA RECV] provider.permissions.updated | User: 8ce972f3-0c34-4868-86ad-0a4bb832ebd4
2026-02-02 05:30:06,549 [INFO] DEBUG: Templates Received - Services: 2, Cats: 8
2026-02-02 05:30:06,610 [INFO] ‚úÖ Synced Templates for user 8ce972f3-0c34-4868-86ad-0a4bb832ebd4
2026-02-02 05:30:06,612 [INFO] üßπ Cleared old permissions for user 8ce972f3-0c34-4868-86ad-0a4bb832ebd4
2026-02-02 05:30:06,625 [INFO] ‚úÖ Updated 16 capabilities for user 8ce972f3-0c34-4868-86ad-0a4bb832ebd4
2026-02-02 05:30:06,627 [INFO] ‚úÖ Replaced user capabilities: ['VETERINARY_LABS', 'VETERINARY_MEDICINE_REMINDERS', 'VETERINARY_VITALS', 'VETERINARY_DOCTOR', 'VETERINARY_VISITS', 'VETERINARY_PHARMACY', 'VETERINARY_CORE']
2026-02-02 05:30:06,630 [INFO] ‚úÖ Synced Subscription for user 8ce972f3-0c34-4868-86ad-0a4bb832ebd4
2026-02-02 05:30:06,630 [INFO] DEBUG: dynamic_caps raw: None
2026-02-02 05:30:06,631 [INFO] üì§ Publishing Permissions Sync: 16 items enriched
2026-02-02 05:30:06,643 [INFO] üî• Event: USER_PERMISSIONS_SYNCED | Role: provider | Service: None
2026-02-02 05:30:06,643 [WARNING] ‚ö†Ô∏è Unknown event type 'USER_PERMISSIONS_SYNCED' received.
2026-02-02 05:31:37,607 [INFO] üî• Event: PROVIDER.PERMISSIONS.UPDATED | Role:  | Service: None
2026-02-02 05:31:37,610 [INFO] DEBUG: [KAFKA RECV] provider.permissions.updated | User: 8ce972f3-0c34-4868-86ad-0a4bb832ebd4
2026-02-02 05:31:37,610 [INFO] DEBUG: Templates Received - Services: 2, Cats: 8
2026-02-02 05:31:37,664 [INFO] ‚úÖ Synced Templates for user 8ce972f3-0c34-4868-86ad-0a4bb832ebd4
2026-02-02 05:31:37,666 [INFO] üßπ Cleared old permissions for user 8ce972f3-0c34-4868-86ad-0a4bb832ebd4
2026-02-02 05:31:37,677 [INFO] ‚úÖ Updated 16 capabilities for user 8ce972f3-0c34-4868-86ad-0a4bb832ebd4
2026-02-02 05:31:37,679 [INFO] ‚úÖ Replaced user capabilities: ['VETERINARY_LABS', 'VETERINARY_MEDICINE_REMINDERS', 'VETERINARY_VITALS', 'VETERINARY_DOCTOR', 'VETERINARY_VISITS', 'VETERINARY_PHARMACY', 'VETERINARY_CORE']
2026-02-02 05:31:37,683 [INFO] ‚úÖ Synced Subscription for user 8ce972f3-0c34-4868-86ad-0a4bb832ebd4
2026-02-02 05:31:37,683 [INFO] DEBUG: dynamic_caps raw: None
2026-02-02 05:31:37,683 [INFO] üì§ Publishing Permissions Sync: 16 items enriched
2026-02-02 05:31:37,696 [INFO] üî• Event: USER_PERMISSIONS_SYNCED | Role: provider | Service: None
2026-02-02 05:31:37,697 [WARNING] ‚ö†Ô∏è Unknown event type 'USER_PERMISSIONS_SYNCED' received.
2026-02-02 05:32:30,681 [INFO] üî• Event: PROVIDER.PERMISSIONS.UPDATED | Role:  | Service: None
2026-02-02 05:32:30,683 [INFO] DEBUG: [KAFKA RECV] provider.permissions.updated | User: 8ce972f3-0c34-4868-86ad-0a4bb832ebd4
2026-02-02 05:32:30,683 [INFO] DEBUG: Templates Received - Services: 2, Cats: 8
2026-02-02 05:32:30,740 [INFO] ‚úÖ Synced Templates for user 8ce972f3-0c34-4868-86ad-0a4bb832ebd4
2026-02-02 05:32:30,742 [INFO] üßπ Cleared old permissions for user 8ce972f3-0c34-4868-86ad-0a4bb832ebd4
2026-02-02 05:32:30,753 [INFO] ‚úÖ Updated 16 capabilities for user 8ce972f3-0c34-4868-86ad-0a4bb832ebd4
2026-02-02 05:32:30,755 [INFO] ‚úÖ Replaced user capabilities: ['VETERINARY_LABS', 'VETERINARY_MEDICINE_REMINDERS', 'VETERINARY_VITALS', 'VETERINARY_DOCTOR', 'VETERINARY_VISITS', 'VETERINARY_PHARMACY', 'VETERINARY_CORE']
2026-02-02 05:32:30,758 [INFO] ‚úÖ Synced Subscription for user 8ce972f3-0c34-4868-86ad-0a4bb832ebd4
2026-02-02 05:32:30,758 [INFO] DEBUG: dynamic_caps raw: None
2026-02-02 05:32:30,758 [INFO] üì§ Publishing Permissions Sync: 16 items enriched
2026-02-02 05:32:30,770 [INFO] üî• Event: USER_PERMISSIONS_SYNCED | Role: provider | Service: None
2026-02-02 05:32:30,770 [WARNING] ‚ö†Ô∏è Unknown event type 'USER_PERMISSIONS_SYNCED' received.
2026-02-02 05:32:55,025 [INFO] üî• Event: PROVIDER.PERMISSIONS.UPDATED | Role:  | Service: None
2026-02-02 05:32:55,027 [INFO] DEBUG: [KAFKA RECV] provider.permissions.updated | User: 8ce972f3-0c34-4868-86ad-0a4bb832ebd4
2026-02-02 05:32:55,028 [INFO] DEBUG: Templates Received - Services: 2, Cats: 8
2026-02-02 05:32:55,098 [INFO] üí• Exploded Category Price MOCK_CAT_PRICE_123 into 2 facilities.
2026-02-02 05:32:55,113 [INFO] ‚úÖ Synced Templates for user 8ce972f3-0c34-4868-86ad-0a4bb832ebd4
2026-02-02 05:32:55,116 [INFO] üßπ Cleared old permissions for user 8ce972f3-0c34-4868-86ad-0a4bb832ebd4
2026-02-02 05:32:55,126 [INFO] ‚úÖ Updated 16 capabilities for user 8ce972f3-0c34-4868-86ad-0a4bb832ebd4
2026-02-02 05:32:55,128 [INFO] ‚úÖ Replaced user capabilities: ['VETERINARY_LABS', 'VETERINARY_MEDICINE_REMINDERS', 'VETERINARY_VITALS', 'VETERINARY_DOCTOR', 'VETERINARY_VISITS', 'VETERINARY_PHARMACY', 'VETERINARY_CORE']
2026-02-02 05:32:55,132 [INFO] ‚úÖ Synced Subscription for user 8ce972f3-0c34-4868-86ad-0a4bb832ebd4
2026-02-02 05:32:55,132 [INFO] DEBUG: dynamic_caps raw: None
2026-02-02 05:32:55,132 [INFO] üì§ Publishing Permissions Sync: 16 items enriched
2026-02-02 05:32:55,144 [INFO] üî• Event: USER_PERMISSIONS_SYNCED | Role: provider | Service: None
2026-02-02 05:32:55,144 [WARNING] ‚ö†Ô∏è Unknown event type 'USER_PERMISSIONS_SYNCED' received.
2026-02-02 05:41:09,422 [INFO] üî• Event: PROVIDER.PERMISSIONS.UPDATED | Role:  | Service: None
2026-02-02 05:41:09,424 [INFO] DEBUG: [KAFKA RECV] provider.permissions.updated | User: 8ce972f3-0c34-4868-86ad-0a4bb832ebd4
2026-02-02 05:41:09,424 [INFO] DEBUG: Templates Received - Services: 2, Cats: 8
2026-02-02 05:41:09,473 [INFO] ‚úÖ Synced Templates for user 8ce972f3-0c34-4868-86ad-0a4bb832ebd4
2026-02-02 05:41:09,475 [INFO] üßπ Cleared old permissions for user 8ce972f3-0c34-4868-86ad-0a4bb832ebd4
2026-02-02 05:41:09,485 [INFO] ‚úÖ Updated 16 capabilities for user 8ce972f3-0c34-4868-86ad-0a4bb832ebd4
2026-02-02 05:41:09,487 [INFO] ‚úÖ Replaced user capabilities: ['VETERINARY_LABS', 'VETERINARY_MEDICINE_REMINDERS', 'VETERINARY_VITALS', 'VETERINARY_DOCTOR', 'VETERINARY_VISITS', 'VETERINARY_PHARMACY', 'VETERINARY_CORE']
2026-02-02 05:41:09,490 [INFO] ‚úÖ Synced Subscription for user 8ce972f3-0c34-4868-86ad-0a4bb832ebd4
2026-02-02 05:41:09,490 [INFO] DEBUG: dynamic_caps raw: None
2026-02-02 05:41:09,490 [INFO] üì§ Publishing Permissions Sync: 16 items enriched
2026-02-02 05:41:09,503 [INFO] üî• Event: USER_PERMISSIONS_SYNCED | Role: provider | Service: None
2026-02-02 05:41:09,504 [WARNING] ‚ö†Ô∏è Unknown event type 'USER_PERMISSIONS_SYNCED' received.
2026-02-02 05:41:47,702 [INFO] üî• Event: PROVIDER.PERMISSIONS.UPDATED | Role:  | Service: None
2026-02-02 05:41:47,704 [INFO] DEBUG: [KAFKA RECV] provider.permissions.updated | User: 8ce972f3-0c34-4868-86ad-0a4bb832ebd4
2026-02-02 05:41:47,704 [INFO] DEBUG: Templates Received - Services: 2, Cats: 8
2026-02-02 05:41:47,758 [INFO] ‚úÖ Synced Templates for user 8ce972f3-0c34-4868-86ad-0a4bb832ebd4
2026-02-02 05:41:47,760 [INFO] üßπ Cleared old permissions for user 8ce972f3-0c34-4868-86ad-0a4bb832ebd4
2026-02-02 05:41:47,770 [INFO] ‚úÖ Updated 16 capabilities for user 8ce972f3-0c34-4868-86ad-0a4bb832ebd4
2026-02-02 05:41:47,772 [INFO] ‚úÖ Replaced user capabilities: ['VETERINARY_LABS', 'VETERINARY_MEDICINE_REMINDERS', 'VETERINARY_VITALS', 'VETERINARY_DOCTOR', 'VETERINARY_VISITS', 'VETERINARY_PHARMACY', 'VETERINARY_CORE']
2026-02-02 05:41:47,775 [INFO] ‚úÖ Synced Subscription for user 8ce972f3-0c34-4868-86ad-0a4bb832ebd4
2026-02-02 05:41:47,775 [INFO] DEBUG: dynamic_caps raw: None
2026-02-02 05:41:47,775 [INFO] üì§ Publishing Permissions Sync: 16 items enriched
2026-02-02 05:41:47,786 [INFO] üî• Event: USER_PERMISSIONS_SYNCED | Role: provider | Service: None
2026-02-02 05:41:47,786 [WARNING] ‚ö†Ô∏è Unknown event type 'USER_PERMISSIONS_SYNCED' received.
2026-02-02 09:53:40,516 [INFO] üî• Event: SEND_EMAIL | Role: employee | Service: auth_service
2026-02-02 09:53:40,519 [WARNING] ‚ö†Ô∏è Unknown event type 'SEND_EMAIL' received.
2026-02-02 09:53:40,526 [INFO] üî• Event: USER_CREATED | Role: employee | Service: auth_service
2026-02-02 09:53:40,526 [INFO] DEBUG: Checking role 'employee' against employee list...
2026-02-02 09:53:40,526 [INFO] DEBUG: Role matched employee list.
2026-02-02 09:53:40,526 [INFO] üîç Processing Employee ec9bf7a3-6b54-40ff-bb67-52d94d5f439c for Org 8ce972f3-0c34-4868-86ad-0a4bb832ebd4
2026-02-02 09:53:40,571 [INFO] ‚úÖ Created OrganizationEmployee ec9bf7a3-6b54-40ff-bb67-52d94d5f439c (Invited)
2026-02-02 09:53:40,588 [INFO] ‚úÖ Created VerifiedUser lavanya@gmail.com
2026-02-02 09:54:42,634 [INFO] üî• Event: EMPLOYEE_UPDATED | Role: employee | Service: None
2026-02-02 09:54:42,636 [INFO] üÜô Updated OrganizationEmployee ec9bf7a3-6b54-40ff-bb67-52d94d5f439c
2026-02-02 09:55:40,583 [INFO] üî• Event: USER_VERIFIED | Role: employee | Service: auth_service
2026-02-02 09:55:40,584 [INFO] DEBUG: Checking role 'employee' against employee list...
2026-02-02 09:55:40,584 [INFO] DEBUG: Role matched employee list.
2026-02-02 09:55:40,588 [INFO] ‚úÖ Activated OrganizationEmployee ec9bf7a3-6b54-40ff-bb67-52d94d5f439c
2026-02-02 09:55:40,592 [INFO] üîÑ Updated VerifiedUser lavanya@gmail.com
2026-02-03 05:10:25,700 [INFO] üöÄ Starting Service Provider Unified Kafka Consumer...
2026-02-03 05:10:25,713 [INFO] ‚úÖ Connected to Kafka broker.
2026-02-03 12:43:40,255 [INFO] üî• Event: SEND_EMAIL | Role: organization | Service: auth_service
2026-02-03 12:43:40,258 [WARNING] ‚ö†Ô∏è Unknown event type 'SEND_EMAIL' received.
2026-02-03 12:43:40,265 [INFO] üî• Event: USER_CREATED | Role: organization | Service: auth_service
2026-02-03 12:43:40,265 [INFO] DEBUG: Checking role 'organization' against employee list...
2026-02-03 12:43:40,372 [INFO] ‚úÖ Created VerifiedUser ani@gmail.com
2026-02-03 12:43:40,382 [INFO] ‚úÖ Auto-created ServiceProvider profile for ani@gmail.com
2026-02-03 12:44:06,661 [INFO] üî• Event: USER_VERIFIED | Role: organization | Service: auth_service
2026-02-03 12:44:06,661 [INFO] DEBUG: Checking role 'organization' against employee list...
2026-02-03 12:44:06,668 [INFO] üîÑ Updated VerifiedUser ani@gmail.com
2026-02-03 12:48:17,011 [INFO] üî• Event: PROVIDER.PERMISSIONS.UPDATED | Role:  | Service: None
2026-02-03 12:48:17,013 [INFO] DEBUG: [KAFKA RECV] provider.permissions.updated | User: a85d0e4c-58fd-49ba-b3fd-6d3a06d3cf1d
2026-02-03 12:48:17,013 [INFO] DEBUG: Templates Received - Services: 4, Cats: 10
2026-02-03 12:48:17,131 [ERROR] ‚ùå Error updating permissions for a85d0e4c-58fd-49ba-b3fd-6d3a06d3cf1d: null value in column "duration" of relation "provider_dynamic_fields_providertemplatepricing" violates not-null constraint
DETAIL:  Failing row contains (fc7f79b8-4869-4e14-bc09-40717445ba24, bd74d4ca-9b72-4373-b524-ad5f83405004, 45.00, null, , 2026-02-03 12:48:17.128555+00, 2026-02-03 12:48:17.128571+00, df9cd628-af84-4960-b5b4-acc53406fdfa, 091382ba-3857-4ed3-8341-66d35ddcf17e, 0a60e990-0b31-44ff-89ec-5b9c691d410c).

2026-02-03 12:48:17,131 [INFO] üì§ Publishing Permissions Sync: 0 items enriched
2026-02-03 12:48:17,263 [INFO] üî• Event: USER_PERMISSIONS_SYNCED | Role: provider | Service: None
2026-02-03 12:48:17,263 [WARNING] ‚ö†Ô∏è Unknown event type 'USER_PERMISSIONS_SYNCED' received.
2026-02-04 04:55:53,247 [INFO] üöÄ Starting Service Provider Unified Kafka Consumer...
2026-02-04 04:55:53,260 [INFO] ‚úÖ Connected to Kafka broker.
2026-02-04 05:13:12,907 [INFO] üî• Event: SEND_EMAIL | Role: organization | Service: auth_service
2026-02-04 05:13:12,908 [WARNING] ‚ö†Ô∏è Unknown event type 'SEND_EMAIL' received.
2026-02-04 05:13:12,913 [INFO] üî• Event: USER_CREATED | Role: organization | Service: auth_service
2026-02-04 05:13:12,913 [INFO] DEBUG: Checking role 'organization' against employee list...
2026-02-04 05:13:12,965 [INFO] ‚úÖ Created VerifiedUser vinod@gmail.com
2026-02-04 05:13:12,971 [INFO] ‚úÖ Auto-created ServiceProvider profile for vinod@gmail.com
2026-02-04 05:13:45,985 [INFO] üî• Event: USER_VERIFIED | Role: organization | Service: auth_service
2026-02-04 05:13:45,985 [INFO] DEBUG: Checking role 'organization' against employee list...
2026-02-04 05:13:45,990 [INFO] üîÑ Updated VerifiedUser vinod@gmail.com
2026-02-04 05:14:20,369 [INFO] üî• Event: PROVIDER.PERMISSIONS.UPDATED | Role:  | Service: None
2026-02-04 05:14:20,370 [INFO] DEBUG: [KAFKA RECV] provider.permissions.updated | User: 1a7fffd1-9187-49fb-8cbf-d3b678e4072f
2026-02-04 05:14:20,370 [INFO] DEBUG: Templates Received - Services: 4, Cats: 10
2026-02-04 05:14:20,501 [ERROR] ‚ùå Error updating permissions for 1a7fffd1-9187-49fb-8cbf-d3b678e4072f: null value in column "duration" of relation "provider_dynamic_fields_providertemplatepricing" violates not-null constraint
DETAIL:  Failing row contains (3b57d11f-ec2e-48f8-bdab-cd182132eb35, bd74d4ca-9b72-4373-b524-ad5f83405004, 45.00, null, , 2026-02-04 05:14:20.496914+00, 2026-02-04 05:14:20.496932+00, fc8d9791-2895-42b5-a6ab-41cd8c999a42, cbd9c8a9-fd30-42ae-9643-05fd838d1f6e, fb91a5a7-a9cc-4691-9ceb-764096e49145).

2026-02-04 05:14:20,501 [INFO] üì§ Publishing Permissions Sync: 0 items enriched
2026-02-04 05:14:20,628 [INFO] üî• Event: USER_PERMISSIONS_SYNCED | Role: provider | Service: None
2026-02-04 05:14:20,628 [WARNING] ‚ö†Ô∏è Unknown event type 'USER_PERMISSIONS_SYNCED' received.
2026-02-04 05:27:06,942 [INFO] üî• Event: PROVIDER.PERMISSIONS.UPDATED | Role:  | Service: None
2026-02-04 05:27:06,944 [INFO] DEBUG: [KAFKA RECV] provider.permissions.updated | User: a85d0e4c-58fd-49ba-b3fd-6d3a06d3cf1d
2026-02-04 05:27:06,945 [INFO] DEBUG: Templates Received - Services: 4, Cats: 10
2026-02-04 05:27:07,034 [INFO] ‚úÖ Synced Templates for user a85d0e4c-58fd-49ba-b3fd-6d3a06d3cf1d
2026-02-04 05:27:07,037 [INFO] üßπ Cleared old permissions for user a85d0e4c-58fd-49ba-b3fd-6d3a06d3cf1d
2026-02-04 05:27:07,068 [INFO] ‚úÖ Updated 24 capabilities for user a85d0e4c-58fd-49ba-b3fd-6d3a06d3cf1d
2026-02-04 05:27:07,071 [INFO] ‚úÖ Replaced user capabilities: ['VETERINARY_VITALS', 'VETERINARY_DOCTOR', 'VETERINARY_MEDICINE_REMINDERS', 'VETERINARY_LABS', 'VETERINARY_VISITS', 'VETERINARY_PHARMACY', 'VETERINARY_CORE']
2026-02-04 05:27:07,087 [INFO] ‚úÖ Synced Subscription for user a85d0e4c-58fd-49ba-b3fd-6d3a06d3cf1d
2026-02-04 05:27:07,087 [INFO] DEBUG: dynamic_caps raw: None
2026-02-04 05:27:07,087 [INFO] üì§ Publishing Permissions Sync: 24 items enriched
2026-02-04 05:27:07,111 [INFO] üî• Event: USER_PERMISSIONS_SYNCED | Role: provider | Service: None
2026-02-04 05:27:07,111 [WARNING] ‚ö†Ô∏è Unknown event type 'USER_PERMISSIONS_SYNCED' received.
2026-02-04 05:29:14,643 [INFO] üî• Event: PROVIDER.PERMISSIONS.UPDATED | Role:  | Service: None
2026-02-04 05:29:14,644 [INFO] DEBUG: [KAFKA RECV] provider.permissions.updated | User: a85d0e4c-58fd-49ba-b3fd-6d3a06d3cf1d
2026-02-04 05:29:14,644 [INFO] DEBUG: Templates Received - Services: 4, Cats: 10
2026-02-04 05:29:14,738 [INFO] ‚úÖ Synced Templates for user a85d0e4c-58fd-49ba-b3fd-6d3a06d3cf1d
2026-02-04 05:29:14,740 [INFO] üßπ Cleared old permissions for user a85d0e4c-58fd-49ba-b3fd-6d3a06d3cf1d
2026-02-04 05:29:14,755 [INFO] ‚úÖ Updated 24 capabilities for user a85d0e4c-58fd-49ba-b3fd-6d3a06d3cf1d
2026-02-04 05:29:14,758 [INFO] ‚úÖ Replaced user capabilities: ['VETERINARY_VITALS', 'VETERINARY_DOCTOR', 'VETERINARY_MEDICINE_REMINDERS', 'VETERINARY_LABS', 'VETERINARY_VISITS', 'VETERINARY_PHARMACY', 'VETERINARY_CORE']
2026-02-04 05:29:14,760 [INFO] ‚úÖ Synced Subscription for user a85d0e4c-58fd-49ba-b3fd-6d3a06d3cf1d
2026-02-04 05:29:14,760 [INFO] DEBUG: dynamic_caps raw: None
2026-02-04 05:29:14,760 [INFO] üì§ Publishing Permissions Sync: 24 items enriched
2026-02-04 05:29:14,774 [INFO] üî• Event: USER_PERMISSIONS_SYNCED | Role: provider | Service: None
2026-02-04 05:29:14,774 [WARNING] ‚ö†Ô∏è Unknown event type 'USER_PERMISSIONS_SYNCED' received.
2026-02-04 08:21:39,957 [INFO] üöÄ Starting Service Provider Unified Kafka Consumer...
2026-02-04 08:21:39,971 [INFO] ‚úÖ Connected to Kafka broker.
2026-02-04 08:26:02,325 [INFO] üöÄ Starting Service Provider Unified Kafka Consumer...
2026-02-04 08:26:02,336 [INFO] ‚úÖ Connected to Kafka broker.
2026-02-04 08:38:16,506 [INFO] üî• Event: PROVIDER.PERMISSIONS.UPDATED | Role:  | Service: None
2026-02-04 08:38:16,564 [INFO] DEBUG: [KAFKA RECV] provider.permissions.updated | User: 1a7fffd1-9187-49fb-8cbf-d3b678e4072f
2026-02-04 08:38:16,564 [INFO] DEBUG: Payload Keys: ['auth_user_id', 'purchase_id', 'permissions', 'purchased_plan', 'templates', 'dynamic_capabilities']
2026-02-04 08:38:16,564 [INFO] DEBUG: Templates Received - Services: 19, Cats: 10
2026-02-04 08:38:16,704 [INFO] ‚úÖ Synced Templates for user 1a7fffd1-9187-49fb-8cbf-d3b678e4072f
2026-02-04 08:38:16,712 [INFO] üßπ Cleared old permissions for user 1a7fffd1-9187-49fb-8cbf-d3b678e4072f
2026-02-04 08:38:16,731 [INFO] ‚úÖ Updated 24 capabilities for user 1a7fffd1-9187-49fb-8cbf-d3b678e4072f
2026-02-04 08:38:16,735 [INFO] ‚úÖ Replaced user capabilities: ['VETERINARY_DOCTOR', 'VETERINARY_LABS', 'VETERINARY_MEDICINE_REMINDERS', 'VETERINARY_VISITS', 'VETERINARY_VITALS', 'VETERINARY_PHARMACY', 'VETERINARY_CORE']
2026-02-04 08:38:16,739 [INFO] ‚úÖ Synced Subscription for user 1a7fffd1-9187-49fb-8cbf-d3b678e4072f
2026-02-04 08:38:16,739 [INFO] DEBUG: Capabilities Processing | Raw Count: 3
2026-02-04 08:38:16,747 [INFO] ‚úÖ Synced 3 Dynamic Capabilities for user 1a7fffd1-9187-49fb-8cbf-d3b678e4072f
2026-02-04 08:38:16,748 [INFO] üì§ Publishing Permissions Sync: 24 items enriched
2026-02-04 08:38:16,880 [INFO] üî• Event: USER_PERMISSIONS_SYNCED | Role: provider | Service: None
2026-02-04 08:38:16,880 [WARNING] ‚ö†Ô∏è Unknown event type 'USER_PERMISSIONS_SYNCED' received.
2026-02-04 09:57:16,936 [INFO] üî• Event: SEND_EMAIL | Role: organization | Service: auth_service
2026-02-04 09:57:16,938 [WARNING] ‚ö†Ô∏è Unknown event type 'SEND_EMAIL' received.
2026-02-04 09:57:16,946 [INFO] üî• Event: USER_CREATED | Role: organization | Service: auth_service
2026-02-04 09:57:16,947 [INFO] DEBUG: Checking role 'organization' against employee list...
2026-02-04 09:57:16,956 [INFO] ‚úÖ Created VerifiedUser sravan@gmail.com
2026-02-04 09:57:16,962 [INFO] ‚úÖ Auto-created ServiceProvider profile for sravan@gmail.com
2026-02-04 09:57:53,967 [INFO] üî• Event: USER_VERIFIED | Role: organization | Service: auth_service
2026-02-04 09:57:53,967 [INFO] DEBUG: Checking role 'organization' against employee list...
2026-02-04 09:57:53,971 [INFO] üîÑ Updated VerifiedUser sravan@gmail.com
2026-02-04 10:10:38,085 [INFO] üî• Event: PROVIDER.PERMISSIONS.UPDATED | Role:  | Service: None
2026-02-04 10:10:38,087 [INFO] DEBUG: [KAFKA RECV] provider.permissions.updated | User: c182211a-095f-42c6-bbf7-b377345a6289
2026-02-04 10:10:38,087 [INFO] DEBUG: Payload Keys: ['auth_user_id', 'purchase_id', 'permissions', 'purchased_plan', 'templates', 'dynamic_capabilities']
2026-02-04 10:10:38,087 [INFO] DEBUG: Templates Received - Services: 4, Cats: 13
2026-02-04 10:10:38,291 [ERROR] ‚ùå Error updating permissions for c182211a-095f-42c6-bbf7-b377345a6289: null value in column "duration" of relation "provider_dynamic_fields_providertemplatepricing" violates not-null constraint
DETAIL:  Failing row contains (53ed13ed-83db-4db6-93bf-abdd432ed5b9, cbbaebf0-4b68-4a91-8796-5ee442cc677a, 763.00, null, , 2026-02-04 10:10:38.286326+00, 2026-02-04 10:10:38.286343+00, 15eb8454-05f9-4105-b7d3-dfdfc66f4bf4, 77310096-a400-4dc5-9bb4-17b8af235dac, e729b2ad-b354-4298-b3ea-ca66decbdfbc).

2026-02-04 10:10:38,291 [INFO] üì§ Publishing Permissions Sync: 0 items enriched
2026-02-04 10:10:38,298 [INFO] üî• Event: USER_PERMISSIONS_SYNCED | Role: provider | Service: None
2026-02-04 10:10:38,299 [WARNING] ‚ö†Ô∏è Unknown event type 'USER_PERMISSIONS_SYNCED' received.
2026-02-04 10:25:08,671 [INFO] üî• Event: PROVIDER.PERMISSIONS.UPDATED | Role:  | Service: None
2026-02-04 10:25:08,683 [INFO] DEBUG: [KAFKA RECV] provider.permissions.updated | User: c182211a-095f-42c6-bbf7-b377345a6289
2026-02-04 10:25:08,683 [INFO] DEBUG: Payload Keys: ['auth_user_id', 'purchase_id', 'permissions', 'purchased_plan', 'templates', 'dynamic_capabilities']
2026-02-04 10:25:08,683 [INFO] DEBUG: Templates Received - Services: 25, Cats: 13
2026-02-04 10:25:08,875 [INFO] ‚úÖ Synced Templates for user c182211a-095f-42c6-bbf7-b377345a6289
2026-02-04 10:25:08,879 [INFO] üßπ Cleared old permissions for user c182211a-095f-42c6-bbf7-b377345a6289
2026-02-04 10:25:08,907 [INFO] ‚úÖ Updated 33 capabilities for user c182211a-095f-42c6-bbf7-b377345a6289
2026-02-04 10:25:08,910 [INFO] ‚úÖ Replaced user capabilities: ['VETERINARY_DOCTOR', 'VETERINARY_LABS', 'VETERINARY_MEDICINE_REMINDERS', 'VETERINARY_VISITS', 'VETERINARY_VITALS', 'VETERINARY_PHARMACY', 'VETERINARY_CORE']
2026-02-04 10:25:08,914 [INFO] ‚úÖ Synced Subscription for user c182211a-095f-42c6-bbf7-b377345a6289
2026-02-04 10:25:08,915 [INFO] DEBUG: Capabilities Processing | Raw Count: 2
2026-02-04 10:25:08,927 [INFO] ‚úÖ Synced 2 Dynamic Capabilities for user c182211a-095f-42c6-bbf7-b377345a6289
2026-02-04 10:25:08,927 [INFO] üì§ Publishing Permissions Sync: 33 items enriched
2026-02-04 10:25:08,958 [INFO] üî• Event: USER_PERMISSIONS_SYNCED | Role: provider | Service: None
2026-02-04 10:25:08,958 [WARNING] ‚ö†Ô∏è Unknown event type 'USER_PERMISSIONS_SYNCED' received.
2026-02-05 04:56:58,279 [INFO] üöÄ Starting Service Provider Unified Kafka Consumer...
2026-02-05 04:56:58,293 [INFO] ‚úÖ Connected to Kafka broker.
2026-02-05 05:22:22,151 [INFO] üî• Event: SEND_EMAIL | Role: employee | Service: auth_service
2026-02-05 05:22:22,151 [WARNING] ‚ö†Ô∏è Unknown event type 'SEND_EMAIL' received.
2026-02-05 05:22:22,159 [INFO] üî• Event: USER_CREATED | Role: employee | Service: auth_service
2026-02-05 05:22:22,160 [INFO] DEBUG: Checking role 'employee' against employee list...
2026-02-05 05:22:22,160 [INFO] DEBUG: Role matched employee list.
2026-02-05 05:22:22,160 [INFO] üîç Processing Employee 81508e5a-1c54-4eda-bc7b-5f2db0b0d775 for Org 1a7fffd1-9187-49fb-8cbf-d3b678e4072f
2026-02-05 05:22:22,252 [INFO] ‚úÖ Created OrganizationEmployee 81508e5a-1c54-4eda-bc7b-5f2db0b0d775 (Invited)
2026-02-05 05:22:22,410 [INFO] ‚úÖ Created VerifiedUser kamal@gmail.com
2026-02-05 05:22:45,353 [INFO] üî• Event: EMPLOYEE_UPDATED | Role: employee | Service: None
2026-02-05 05:22:45,355 [INFO] üÜô Updated OrganizationEmployee 81508e5a-1c54-4eda-bc7b-5f2db0b0d775
2026-02-05 05:23:36,119 [INFO] üî• Event: USER_VERIFIED | Role: employee | Service: auth_service
2026-02-05 05:23:36,119 [INFO] DEBUG: Checking role 'employee' against employee list...
2026-02-05 05:23:36,120 [INFO] DEBUG: Role matched employee list.
2026-02-05 05:23:36,125 [INFO] ‚úÖ Activated OrganizationEmployee 81508e5a-1c54-4eda-bc7b-5f2db0b0d775
2026-02-05 05:23:36,131 [INFO] üîÑ Updated VerifiedUser kamal@gmail.com
2026-02-05 06:23:42,184 [INFO] üî• Event: EMPLOYEE_UPDATED | Role: employee | Service: None
2026-02-05 06:23:42,186 [INFO] üÜô Updated OrganizationEmployee 81508e5a-1c54-4eda-bc7b-5f2db0b0d775
2026-02-05 06:54:12,166 [INFO] üî• Event: SEND_EMAIL | Role: organization | Service: auth_service
2026-02-05 06:54:12,168 [WARNING] ‚ö†Ô∏è Unknown event type 'SEND_EMAIL' received.
2026-02-05 06:54:12,180 [INFO] üî• Event: USER_CREATED | Role: organization | Service: auth_service
2026-02-05 06:54:12,181 [INFO] DEBUG: Checking role 'organization' against employee list...
2026-02-05 06:54:12,192 [INFO] ‚úÖ Created VerifiedUser yadagiri@gmail.com
2026-02-05 06:54:12,197 [INFO] ‚úÖ Auto-created ServiceProvider profile for yadagiri@gmail.com
2026-02-05 06:54:50,042 [INFO] üî• Event: USER_VERIFIED | Role: organization | Service: auth_service
2026-02-05 06:54:50,042 [INFO] DEBUG: Checking role 'organization' against employee list...
2026-02-05 06:54:50,046 [INFO] üîÑ Updated VerifiedUser yadagiri@gmail.com
2026-02-05 07:27:50,242 [INFO] üî• Event: USER_DELETED | Role: employee | Service: auth_service
2026-02-05 07:27:50,292 [ERROR] ‚ùå Error processing Kafka message: relation "service_provider_billingprofile" does not exist
LINE 1: DELETE FROM "service_provider_billingprofile" WHERE "service...
                    ^
Traceback (most recent call last):
  File "/Users/PraveenWorks/Anil Works/Petleo-Backend/service_provider_service/venv/lib/python3.13/site-packages/django/db/backends/utils.py", line 105, in _execute
    return self.cursor.execute(sql, params)
           ~~~~~~~~~~~~~~~~~~~^^^^^^^^^^^^^
psycopg2.errors.UndefinedTable: relation "service_provider_billingprofile" does not exist
LINE 1: DELETE FROM "service_provider_billingprofile" WHERE "service...
                    ^


The above exception was the direct cause of the following exception:

Traceback (most recent call last):
  File "/Users/PraveenWorks/Anil Works/Petleo-Backend/service_provider_service/kafka_consumer.py", line 221, in <module>
    VerifiedUser.objects.filter(auth_user_id=auth_user_id).delete()
    ~~~~~~~~~~~~~~~~~~~~~~~~~~~~~~~~~~~~~~~~~~~~~~~~~~~~~~~~~~~~~^^
  File "/Users/PraveenWorks/Anil Works/Petleo-Backend/service_provider_service/venv/lib/python3.13/site-packages/django/db/models/query.py", line 1201, in delete
    num_deleted, num_deleted_per_model = collector.delete()
                                         ~~~~~~~~~~~~~~~~^^
  File "/Users/PraveenWorks/Anil Works/Petleo-Backend/service_provider_service/venv/lib/python3.13/site-packages/django/db/models/deletion.py", line 467, in delete
    count = qs._raw_delete(using=self.using)
  File "/Users/PraveenWorks/Anil Works/Petleo-Backend/service_provider_service/venv/lib/python3.13/site-packages/django/db/models/query.py", line 1223, in _raw_delete
    return query.get_compiler(using).execute_sql(ROW_COUNT)
           ~~~~~~~~~~~~~~~~~~~~~~~~~~~~~~~~~~~~~^^^^^^^^^^^
  File "/Users/PraveenWorks/Anil Works/Petleo-Backend/service_provider_service/venv/lib/python3.13/site-packages/django/db/models/sql/compiler.py", line 1623, in execute_sql
    cursor.execute(sql, params)
    ~~~~~~~~~~~~~~^^^^^^^^^^^^^
  File "/Users/PraveenWorks/Anil Works/Petleo-Backend/service_provider_service/venv/lib/python3.13/site-packages/django/db/backends/utils.py", line 122, in execute
    return super().execute(sql, params)
           ~~~~~~~~~~~~~~~^^^^^^^^^^^^^
  File "/Users/PraveenWorks/Anil Works/Petleo-Backend/service_provider_service/venv/lib/python3.13/site-packages/django/db/backends/utils.py", line 79, in execute
    return self._execute_with_wrappers(
           ~~~~~~~~~~~~~~~~~~~~~~~~~~~^
        sql, params, many=False, executor=self._execute
        ^^^^^^^^^^^^^^^^^^^^^^^^^^^^^^^^^^^^^^^^^^^^^^^
    )
    ^
  File "/Users/PraveenWorks/Anil Works/Petleo-Backend/service_provider_service/venv/lib/python3.13/site-packages/django/db/backends/utils.py", line 92, in _execute_with_wrappers
    return executor(sql, params, many, context)
  File "/Users/PraveenWorks/Anil Works/Petleo-Backend/service_provider_service/venv/lib/python3.13/site-packages/django/db/backends/utils.py", line 100, in _execute
    with self.db.wrap_database_errors:
         ^^^^^^^^^^^^^^^^^^^^^^^^^^^^
  File "/Users/PraveenWorks/Anil Works/Petleo-Backend/service_provider_service/venv/lib/python3.13/site-packages/django/db/utils.py", line 91, in __exit__
    raise dj_exc_value.with_traceback(traceback) from exc_value
  File "/Users/PraveenWorks/Anil Works/Petleo-Backend/service_provider_service/venv/lib/python3.13/site-packages/django/db/backends/utils.py", line 105, in _execute
    return self.cursor.execute(sql, params)
           ~~~~~~~~~~~~~~~~~~~^^^^^^^^^^^^^
django.db.utils.ProgrammingError: relation "service_provider_billingprofile" does not exist
LINE 1: DELETE FROM "service_provider_billingprofile" WHERE "service...
                    ^

2026-02-05 07:30:51,813 [INFO] üî• Event: USER_DELETED | Role: organization | Service: auth_service
2026-02-05 07:30:51,841 [ERROR] ‚ùå Error processing Kafka message: relation "service_provider_billingprofile" does not exist
LINE 1: DELETE FROM "service_provider_billingprofile" WHERE "service...
                    ^
Traceback (most recent call last):
  File "/Users/PraveenWorks/Anil Works/Petleo-Backend/service_provider_service/venv/lib/python3.13/site-packages/django/db/backends/utils.py", line 105, in _execute
    return self.cursor.execute(sql, params)
           ~~~~~~~~~~~~~~~~~~~^^^^^^^^^^^^^
psycopg2.errors.UndefinedTable: relation "service_provider_billingprofile" does not exist
LINE 1: DELETE FROM "service_provider_billingprofile" WHERE "service...
                    ^


The above exception was the direct cause of the following exception:

Traceback (most recent call last):
  File "/Users/PraveenWorks/Anil Works/Petleo-Backend/service_provider_service/kafka_consumer.py", line 221, in <module>
    VerifiedUser.objects.filter(auth_user_id=auth_user_id).delete()
    ~~~~~~~~~~~~~~~~~~~~~~~~~~~~~~~~~~~~~~~~~~~~~~~~~~~~~~~~~~~~~^^
  File "/Users/PraveenWorks/Anil Works/Petleo-Backend/service_provider_service/venv/lib/python3.13/site-packages/django/db/models/query.py", line 1201, in delete
    num_deleted, num_deleted_per_model = collector.delete()
                                         ~~~~~~~~~~~~~~~~^^
  File "/Users/PraveenWorks/Anil Works/Petleo-Backend/service_provider_service/venv/lib/python3.13/site-packages/django/db/models/deletion.py", line 467, in delete
    count = qs._raw_delete(using=self.using)
  File "/Users/PraveenWorks/Anil Works/Petleo-Backend/service_provider_service/venv/lib/python3.13/site-packages/django/db/models/query.py", line 1223, in _raw_delete
    return query.get_compiler(using).execute_sql(ROW_COUNT)
           ~~~~~~~~~~~~~~~~~~~~~~~~~~~~~~~~~~~~~^^^^^^^^^^^
  File "/Users/PraveenWorks/Anil Works/Petleo-Backend/service_provider_service/venv/lib/python3.13/site-packages/django/db/models/sql/compiler.py", line 1623, in execute_sql
    cursor.execute(sql, params)
    ~~~~~~~~~~~~~~^^^^^^^^^^^^^
  File "/Users/PraveenWorks/Anil Works/Petleo-Backend/service_provider_service/venv/lib/python3.13/site-packages/django/db/backends/utils.py", line 122, in execute
    return super().execute(sql, params)
           ~~~~~~~~~~~~~~~^^^^^^^^^^^^^
  File "/Users/PraveenWorks/Anil Works/Petleo-Backend/service_provider_service/venv/lib/python3.13/site-packages/django/db/backends/utils.py", line 79, in execute
    return self._execute_with_wrappers(
           ~~~~~~~~~~~~~~~~~~~~~~~~~~~^
        sql, params, many=False, executor=self._execute
        ^^^^^^^^^^^^^^^^^^^^^^^^^^^^^^^^^^^^^^^^^^^^^^^
    )
    ^
  File "/Users/PraveenWorks/Anil Works/Petleo-Backend/service_provider_service/venv/lib/python3.13/site-packages/django/db/backends/utils.py", line 92, in _execute_with_wrappers
    return executor(sql, params, many, context)
  File "/Users/PraveenWorks/Anil Works/Petleo-Backend/service_provider_service/venv/lib/python3.13/site-packages/django/db/backends/utils.py", line 100, in _execute
    with self.db.wrap_database_errors:
         ^^^^^^^^^^^^^^^^^^^^^^^^^^^^
  File "/Users/PraveenWorks/Anil Works/Petleo-Backend/service_provider_service/venv/lib/python3.13/site-packages/django/db/utils.py", line 91, in __exit__
    raise dj_exc_value.with_traceback(traceback) from exc_value
  File "/Users/PraveenWorks/Anil Works/Petleo-Backend/service_provider_service/venv/lib/python3.13/site-packages/django/db/backends/utils.py", line 105, in _execute
    return self.cursor.execute(sql, params)
           ~~~~~~~~~~~~~~~~~~~^^^^^^^^^^^^^
django.db.utils.ProgrammingError: relation "service_provider_billingprofile" does not exist
LINE 1: DELETE FROM "service_provider_billingprofile" WHERE "service...
                    ^

2026-02-05 07:30:55,034 [INFO] üî• Event: USER_DELETED | Role: organization | Service: auth_service
2026-02-05 07:30:55,055 [ERROR] ‚ùå Error processing Kafka message: relation "service_provider_billingprofile" does not exist
LINE 1: DELETE FROM "service_provider_billingprofile" WHERE "service...
                    ^
Traceback (most recent call last):
  File "/Users/PraveenWorks/Anil Works/Petleo-Backend/service_provider_service/venv/lib/python3.13/site-packages/django/db/backends/utils.py", line 105, in _execute
    return self.cursor.execute(sql, params)
           ~~~~~~~~~~~~~~~~~~~^^^^^^^^^^^^^
psycopg2.errors.UndefinedTable: relation "service_provider_billingprofile" does not exist
LINE 1: DELETE FROM "service_provider_billingprofile" WHERE "service...
                    ^


The above exception was the direct cause of the following exception:

Traceback (most recent call last):
  File "/Users/PraveenWorks/Anil Works/Petleo-Backend/service_provider_service/kafka_consumer.py", line 221, in <module>
    VerifiedUser.objects.filter(auth_user_id=auth_user_id).delete()
    ~~~~~~~~~~~~~~~~~~~~~~~~~~~~~~~~~~~~~~~~~~~~~~~~~~~~~~~~~~~~~^^
  File "/Users/PraveenWorks/Anil Works/Petleo-Backend/service_provider_service/venv/lib/python3.13/site-packages/django/db/models/query.py", line 1201, in delete
    num_deleted, num_deleted_per_model = collector.delete()
                                         ~~~~~~~~~~~~~~~~^^
  File "/Users/PraveenWorks/Anil Works/Petleo-Backend/service_provider_service/venv/lib/python3.13/site-packages/django/db/models/deletion.py", line 467, in delete
    count = qs._raw_delete(using=self.using)
  File "/Users/PraveenWorks/Anil Works/Petleo-Backend/service_provider_service/venv/lib/python3.13/site-packages/django/db/models/query.py", line 1223, in _raw_delete
    return query.get_compiler(using).execute_sql(ROW_COUNT)
           ~~~~~~~~~~~~~~~~~~~~~~~~~~~~~~~~~~~~~^^^^^^^^^^^
  File "/Users/PraveenWorks/Anil Works/Petleo-Backend/service_provider_service/venv/lib/python3.13/site-packages/django/db/models/sql/compiler.py", line 1623, in execute_sql
    cursor.execute(sql, params)
    ~~~~~~~~~~~~~~^^^^^^^^^^^^^
  File "/Users/PraveenWorks/Anil Works/Petleo-Backend/service_provider_service/venv/lib/python3.13/site-packages/django/db/backends/utils.py", line 122, in execute
    return super().execute(sql, params)
           ~~~~~~~~~~~~~~~^^^^^^^^^^^^^
  File "/Users/PraveenWorks/Anil Works/Petleo-Backend/service_provider_service/venv/lib/python3.13/site-packages/django/db/backends/utils.py", line 79, in execute
    return self._execute_with_wrappers(
           ~~~~~~~~~~~~~~~~~~~~~~~~~~~^
        sql, params, many=False, executor=self._execute
        ^^^^^^^^^^^^^^^^^^^^^^^^^^^^^^^^^^^^^^^^^^^^^^^
    )
    ^
  File "/Users/PraveenWorks/Anil Works/Petleo-Backend/service_provider_service/venv/lib/python3.13/site-packages/django/db/backends/utils.py", line 92, in _execute_with_wrappers
    return executor(sql, params, many, context)
  File "/Users/PraveenWorks/Anil Works/Petleo-Backend/service_provider_service/venv/lib/python3.13/site-packages/django/db/backends/utils.py", line 100, in _execute
    with self.db.wrap_database_errors:
         ^^^^^^^^^^^^^^^^^^^^^^^^^^^^
  File "/Users/PraveenWorks/Anil Works/Petleo-Backend/service_provider_service/venv/lib/python3.13/site-packages/django/db/utils.py", line 91, in __exit__
    raise dj_exc_value.with_traceback(traceback) from exc_value
  File "/Users/PraveenWorks/Anil Works/Petleo-Backend/service_provider_service/venv/lib/python3.13/site-packages/django/db/backends/utils.py", line 105, in _execute
    return self.cursor.execute(sql, params)
           ~~~~~~~~~~~~~~~~~~~^^^^^^^^^^^^^
django.db.utils.ProgrammingError: relation "service_provider_billingprofile" does not exist
LINE 1: DELETE FROM "service_provider_billingprofile" WHERE "service...
                    ^

2026-02-05 07:30:57,567 [INFO] üî• Event: USER_DELETED | Role: organization | Service: auth_service
2026-02-05 07:30:57,584 [ERROR] ‚ùå Error processing Kafka message: relation "service_provider_billingprofile" does not exist
LINE 1: DELETE FROM "service_provider_billingprofile" WHERE "service...
                    ^
Traceback (most recent call last):
  File "/Users/PraveenWorks/Anil Works/Petleo-Backend/service_provider_service/venv/lib/python3.13/site-packages/django/db/backends/utils.py", line 105, in _execute
    return self.cursor.execute(sql, params)
           ~~~~~~~~~~~~~~~~~~~^^^^^^^^^^^^^
psycopg2.errors.UndefinedTable: relation "service_provider_billingprofile" does not exist
LINE 1: DELETE FROM "service_provider_billingprofile" WHERE "service...
                    ^


The above exception was the direct cause of the following exception:

Traceback (most recent call last):
  File "/Users/PraveenWorks/Anil Works/Petleo-Backend/service_provider_service/kafka_consumer.py", line 221, in <module>
    VerifiedUser.objects.filter(auth_user_id=auth_user_id).delete()
    ~~~~~~~~~~~~~~~~~~~~~~~~~~~~~~~~~~~~~~~~~~~~~~~~~~~~~~~~~~~~~^^
  File "/Users/PraveenWorks/Anil Works/Petleo-Backend/service_provider_service/venv/lib/python3.13/site-packages/django/db/models/query.py", line 1201, in delete
    num_deleted, num_deleted_per_model = collector.delete()
                                         ~~~~~~~~~~~~~~~~^^
  File "/Users/PraveenWorks/Anil Works/Petleo-Backend/service_provider_service/venv/lib/python3.13/site-packages/django/db/models/deletion.py", line 467, in delete
    count = qs._raw_delete(using=self.using)
  File "/Users/PraveenWorks/Anil Works/Petleo-Backend/service_provider_service/venv/lib/python3.13/site-packages/django/db/models/query.py", line 1223, in _raw_delete
    return query.get_compiler(using).execute_sql(ROW_COUNT)
           ~~~~~~~~~~~~~~~~~~~~~~~~~~~~~~~~~~~~~^^^^^^^^^^^
  File "/Users/PraveenWorks/Anil Works/Petleo-Backend/service_provider_service/venv/lib/python3.13/site-packages/django/db/models/sql/compiler.py", line 1623, in execute_sql
    cursor.execute(sql, params)
    ~~~~~~~~~~~~~~^^^^^^^^^^^^^
  File "/Users/PraveenWorks/Anil Works/Petleo-Backend/service_provider_service/venv/lib/python3.13/site-packages/django/db/backends/utils.py", line 122, in execute
    return super().execute(sql, params)
           ~~~~~~~~~~~~~~~^^^^^^^^^^^^^
  File "/Users/PraveenWorks/Anil Works/Petleo-Backend/service_provider_service/venv/lib/python3.13/site-packages/django/db/backends/utils.py", line 79, in execute
    return self._execute_with_wrappers(
           ~~~~~~~~~~~~~~~~~~~~~~~~~~~^
        sql, params, many=False, executor=self._execute
        ^^^^^^^^^^^^^^^^^^^^^^^^^^^^^^^^^^^^^^^^^^^^^^^
    )
    ^
  File "/Users/PraveenWorks/Anil Works/Petleo-Backend/service_provider_service/venv/lib/python3.13/site-packages/django/db/backends/utils.py", line 92, in _execute_with_wrappers
    return executor(sql, params, many, context)
  File "/Users/PraveenWorks/Anil Works/Petleo-Backend/service_provider_service/venv/lib/python3.13/site-packages/django/db/backends/utils.py", line 100, in _execute
    with self.db.wrap_database_errors:
         ^^^^^^^^^^^^^^^^^^^^^^^^^^^^
  File "/Users/PraveenWorks/Anil Works/Petleo-Backend/service_provider_service/venv/lib/python3.13/site-packages/django/db/utils.py", line 91, in __exit__
    raise dj_exc_value.with_traceback(traceback) from exc_value
  File "/Users/PraveenWorks/Anil Works/Petleo-Backend/service_provider_service/venv/lib/python3.13/site-packages/django/db/backends/utils.py", line 105, in _execute
    return self.cursor.execute(sql, params)
           ~~~~~~~~~~~~~~~~~~~^^^^^^^^^^^^^
django.db.utils.ProgrammingError: relation "service_provider_billingprofile" does not exist
LINE 1: DELETE FROM "service_provider_billingprofile" WHERE "service...
                    ^

2026-02-05 07:30:59,925 [INFO] üî• Event: USER_DELETED | Role: organization | Service: auth_service
2026-02-05 07:30:59,943 [ERROR] ‚ùå Error processing Kafka message: relation "service_provider_billingprofile" does not exist
LINE 1: DELETE FROM "service_provider_billingprofile" WHERE "service...
                    ^
Traceback (most recent call last):
  File "/Users/PraveenWorks/Anil Works/Petleo-Backend/service_provider_service/venv/lib/python3.13/site-packages/django/db/backends/utils.py", line 105, in _execute
    return self.cursor.execute(sql, params)
           ~~~~~~~~~~~~~~~~~~~^^^^^^^^^^^^^
psycopg2.errors.UndefinedTable: relation "service_provider_billingprofile" does not exist
LINE 1: DELETE FROM "service_provider_billingprofile" WHERE "service...
                    ^


The above exception was the direct cause of the following exception:

Traceback (most recent call last):
  File "/Users/PraveenWorks/Anil Works/Petleo-Backend/service_provider_service/kafka_consumer.py", line 221, in <module>
    VerifiedUser.objects.filter(auth_user_id=auth_user_id).delete()
    ~~~~~~~~~~~~~~~~~~~~~~~~~~~~~~~~~~~~~~~~~~~~~~~~~~~~~~~~~~~~~^^
  File "/Users/PraveenWorks/Anil Works/Petleo-Backend/service_provider_service/venv/lib/python3.13/site-packages/django/db/models/query.py", line 1201, in delete
    num_deleted, num_deleted_per_model = collector.delete()
                                         ~~~~~~~~~~~~~~~~^^
  File "/Users/PraveenWorks/Anil Works/Petleo-Backend/service_provider_service/venv/lib/python3.13/site-packages/django/db/models/deletion.py", line 467, in delete
    count = qs._raw_delete(using=self.using)
  File "/Users/PraveenWorks/Anil Works/Petleo-Backend/service_provider_service/venv/lib/python3.13/site-packages/django/db/models/query.py", line 1223, in _raw_delete
    return query.get_compiler(using).execute_sql(ROW_COUNT)
           ~~~~~~~~~~~~~~~~~~~~~~~~~~~~~~~~~~~~~^^^^^^^^^^^
  File "/Users/PraveenWorks/Anil Works/Petleo-Backend/service_provider_service/venv/lib/python3.13/site-packages/django/db/models/sql/compiler.py", line 1623, in execute_sql
    cursor.execute(sql, params)
    ~~~~~~~~~~~~~~^^^^^^^^^^^^^
  File "/Users/PraveenWorks/Anil Works/Petleo-Backend/service_provider_service/venv/lib/python3.13/site-packages/django/db/backends/utils.py", line 122, in execute
    return super().execute(sql, params)
           ~~~~~~~~~~~~~~~^^^^^^^^^^^^^
  File "/Users/PraveenWorks/Anil Works/Petleo-Backend/service_provider_service/venv/lib/python3.13/site-packages/django/db/backends/utils.py", line 79, in execute
    return self._execute_with_wrappers(
           ~~~~~~~~~~~~~~~~~~~~~~~~~~~^
        sql, params, many=False, executor=self._execute
        ^^^^^^^^^^^^^^^^^^^^^^^^^^^^^^^^^^^^^^^^^^^^^^^
    )
    ^
  File "/Users/PraveenWorks/Anil Works/Petleo-Backend/service_provider_service/venv/lib/python3.13/site-packages/django/db/backends/utils.py", line 92, in _execute_with_wrappers
    return executor(sql, params, many, context)
  File "/Users/PraveenWorks/Anil Works/Petleo-Backend/service_provider_service/venv/lib/python3.13/site-packages/django/db/backends/utils.py", line 100, in _execute
    with self.db.wrap_database_errors:
         ^^^^^^^^^^^^^^^^^^^^^^^^^^^^
  File "/Users/PraveenWorks/Anil Works/Petleo-Backend/service_provider_service/venv/lib/python3.13/site-packages/django/db/utils.py", line 91, in __exit__
    raise dj_exc_value.with_traceback(traceback) from exc_value
  File "/Users/PraveenWorks/Anil Works/Petleo-Backend/service_provider_service/venv/lib/python3.13/site-packages/django/db/backends/utils.py", line 105, in _execute
    return self.cursor.execute(sql, params)
           ~~~~~~~~~~~~~~~~~~~^^^^^^^^^^^^^
django.db.utils.ProgrammingError: relation "service_provider_billingprofile" does not exist
LINE 1: DELETE FROM "service_provider_billingprofile" WHERE "service...
                    ^

2026-02-05 07:31:02,522 [INFO] üî• Event: USER_DELETED | Role: organization | Service: auth_service
2026-02-05 07:31:02,541 [ERROR] ‚ùå Error processing Kafka message: relation "service_provider_billingprofile" does not exist
LINE 1: DELETE FROM "service_provider_billingprofile" WHERE "service...
                    ^
Traceback (most recent call last):
  File "/Users/PraveenWorks/Anil Works/Petleo-Backend/service_provider_service/venv/lib/python3.13/site-packages/django/db/backends/utils.py", line 105, in _execute
    return self.cursor.execute(sql, params)
           ~~~~~~~~~~~~~~~~~~~^^^^^^^^^^^^^
psycopg2.errors.UndefinedTable: relation "service_provider_billingprofile" does not exist
LINE 1: DELETE FROM "service_provider_billingprofile" WHERE "service...
                    ^


The above exception was the direct cause of the following exception:

Traceback (most recent call last):
  File "/Users/PraveenWorks/Anil Works/Petleo-Backend/service_provider_service/kafka_consumer.py", line 221, in <module>
    VerifiedUser.objects.filter(auth_user_id=auth_user_id).delete()
    ~~~~~~~~~~~~~~~~~~~~~~~~~~~~~~~~~~~~~~~~~~~~~~~~~~~~~~~~~~~~~^^
  File "/Users/PraveenWorks/Anil Works/Petleo-Backend/service_provider_service/venv/lib/python3.13/site-packages/django/db/models/query.py", line 1201, in delete
    num_deleted, num_deleted_per_model = collector.delete()
                                         ~~~~~~~~~~~~~~~~^^
  File "/Users/PraveenWorks/Anil Works/Petleo-Backend/service_provider_service/venv/lib/python3.13/site-packages/django/db/models/deletion.py", line 467, in delete
    count = qs._raw_delete(using=self.using)
  File "/Users/PraveenWorks/Anil Works/Petleo-Backend/service_provider_service/venv/lib/python3.13/site-packages/django/db/models/query.py", line 1223, in _raw_delete
    return query.get_compiler(using).execute_sql(ROW_COUNT)
           ~~~~~~~~~~~~~~~~~~~~~~~~~~~~~~~~~~~~~^^^^^^^^^^^
  File "/Users/PraveenWorks/Anil Works/Petleo-Backend/service_provider_service/venv/lib/python3.13/site-packages/django/db/models/sql/compiler.py", line 1623, in execute_sql
    cursor.execute(sql, params)
    ~~~~~~~~~~~~~~^^^^^^^^^^^^^
  File "/Users/PraveenWorks/Anil Works/Petleo-Backend/service_provider_service/venv/lib/python3.13/site-packages/django/db/backends/utils.py", line 122, in execute
    return super().execute(sql, params)
           ~~~~~~~~~~~~~~~^^^^^^^^^^^^^
  File "/Users/PraveenWorks/Anil Works/Petleo-Backend/service_provider_service/venv/lib/python3.13/site-packages/django/db/backends/utils.py", line 79, in execute
    return self._execute_with_wrappers(
           ~~~~~~~~~~~~~~~~~~~~~~~~~~~^
        sql, params, many=False, executor=self._execute
        ^^^^^^^^^^^^^^^^^^^^^^^^^^^^^^^^^^^^^^^^^^^^^^^
    )
    ^
  File "/Users/PraveenWorks/Anil Works/Petleo-Backend/service_provider_service/venv/lib/python3.13/site-packages/django/db/backends/utils.py", line 92, in _execute_with_wrappers
    return executor(sql, params, many, context)
  File "/Users/PraveenWorks/Anil Works/Petleo-Backend/service_provider_service/venv/lib/python3.13/site-packages/django/db/backends/utils.py", line 100, in _execute
    with self.db.wrap_database_errors:
         ^^^^^^^^^^^^^^^^^^^^^^^^^^^^
  File "/Users/PraveenWorks/Anil Works/Petleo-Backend/service_provider_service/venv/lib/python3.13/site-packages/django/db/utils.py", line 91, in __exit__
    raise dj_exc_value.with_traceback(traceback) from exc_value
  File "/Users/PraveenWorks/Anil Works/Petleo-Backend/service_provider_service/venv/lib/python3.13/site-packages/django/db/backends/utils.py", line 105, in _execute
    return self.cursor.execute(sql, params)
           ~~~~~~~~~~~~~~~~~~~^^^^^^^^^^^^^
django.db.utils.ProgrammingError: relation "service_provider_billingprofile" does not exist
LINE 1: DELETE FROM "service_provider_billingprofile" WHERE "service...
                    ^

2026-02-05 07:31:11,647 [INFO] üî• Event: USER_DELETED | Role: employee | Service: auth_service
2026-02-05 07:31:11,670 [ERROR] ‚ùå Error processing Kafka message: relation "service_provider_billingprofile" does not exist
LINE 1: DELETE FROM "service_provider_billingprofile" WHERE "service...
                    ^
Traceback (most recent call last):
  File "/Users/PraveenWorks/Anil Works/Petleo-Backend/service_provider_service/venv/lib/python3.13/site-packages/django/db/backends/utils.py", line 105, in _execute
    return self.cursor.execute(sql, params)
           ~~~~~~~~~~~~~~~~~~~^^^^^^^^^^^^^
psycopg2.errors.UndefinedTable: relation "service_provider_billingprofile" does not exist
LINE 1: DELETE FROM "service_provider_billingprofile" WHERE "service...
                    ^


The above exception was the direct cause of the following exception:

Traceback (most recent call last):
  File "/Users/PraveenWorks/Anil Works/Petleo-Backend/service_provider_service/kafka_consumer.py", line 221, in <module>
    VerifiedUser.objects.filter(auth_user_id=auth_user_id).delete()
    ~~~~~~~~~~~~~~~~~~~~~~~~~~~~~~~~~~~~~~~~~~~~~~~~~~~~~~~~~~~~~^^
  File "/Users/PraveenWorks/Anil Works/Petleo-Backend/service_provider_service/venv/lib/python3.13/site-packages/django/db/models/query.py", line 1201, in delete
    num_deleted, num_deleted_per_model = collector.delete()
                                         ~~~~~~~~~~~~~~~~^^
  File "/Users/PraveenWorks/Anil Works/Petleo-Backend/service_provider_service/venv/lib/python3.13/site-packages/django/db/models/deletion.py", line 467, in delete
    count = qs._raw_delete(using=self.using)
  File "/Users/PraveenWorks/Anil Works/Petleo-Backend/service_provider_service/venv/lib/python3.13/site-packages/django/db/models/query.py", line 1223, in _raw_delete
    return query.get_compiler(using).execute_sql(ROW_COUNT)
           ~~~~~~~~~~~~~~~~~~~~~~~~~~~~~~~~~~~~~^^^^^^^^^^^
  File "/Users/PraveenWorks/Anil Works/Petleo-Backend/service_provider_service/venv/lib/python3.13/site-packages/django/db/models/sql/compiler.py", line 1623, in execute_sql
    cursor.execute(sql, params)
    ~~~~~~~~~~~~~~^^^^^^^^^^^^^
  File "/Users/PraveenWorks/Anil Works/Petleo-Backend/service_provider_service/venv/lib/python3.13/site-packages/django/db/backends/utils.py", line 122, in execute
    return super().execute(sql, params)
           ~~~~~~~~~~~~~~~^^^^^^^^^^^^^
  File "/Users/PraveenWorks/Anil Works/Petleo-Backend/service_provider_service/venv/lib/python3.13/site-packages/django/db/backends/utils.py", line 79, in execute
    return self._execute_with_wrappers(
           ~~~~~~~~~~~~~~~~~~~~~~~~~~~^
        sql, params, many=False, executor=self._execute
        ^^^^^^^^^^^^^^^^^^^^^^^^^^^^^^^^^^^^^^^^^^^^^^^
    )
    ^
  File "/Users/PraveenWorks/Anil Works/Petleo-Backend/service_provider_service/venv/lib/python3.13/site-packages/django/db/backends/utils.py", line 92, in _execute_with_wrappers
    return executor(sql, params, many, context)
  File "/Users/PraveenWorks/Anil Works/Petleo-Backend/service_provider_service/venv/lib/python3.13/site-packages/django/db/backends/utils.py", line 100, in _execute
    with self.db.wrap_database_errors:
         ^^^^^^^^^^^^^^^^^^^^^^^^^^^^
  File "/Users/PraveenWorks/Anil Works/Petleo-Backend/service_provider_service/venv/lib/python3.13/site-packages/django/db/utils.py", line 91, in __exit__
    raise dj_exc_value.with_traceback(traceback) from exc_value
  File "/Users/PraveenWorks/Anil Works/Petleo-Backend/service_provider_service/venv/lib/python3.13/site-packages/django/db/backends/utils.py", line 105, in _execute
    return self.cursor.execute(sql, params)
           ~~~~~~~~~~~~~~~~~~~^^^^^^^^^^^^^
django.db.utils.ProgrammingError: relation "service_provider_billingprofile" does not exist
LINE 1: DELETE FROM "service_provider_billingprofile" WHERE "service...
                    ^

2026-02-05 07:32:55,615 [INFO] üî• Event: USER_DELETED | Role: individual | Service: auth_service
2026-02-05 07:32:55,617 [INFO] üóëÔ∏è Deleted user records for ec7a653a-5d8a-451c-b8a4-151dc397155b
2026-02-05 07:33:02,773 [INFO] üî• Event: USER_DELETED | Role: individual | Service: auth_service
2026-02-05 07:33:02,788 [ERROR] ‚ùå Error processing Kafka message: relation "service_provider_billingprofile" does not exist
LINE 1: DELETE FROM "service_provider_billingprofile" WHERE "service...
                    ^
Traceback (most recent call last):
  File "/Users/PraveenWorks/Anil Works/Petleo-Backend/service_provider_service/venv/lib/python3.13/site-packages/django/db/backends/utils.py", line 105, in _execute
    return self.cursor.execute(sql, params)
           ~~~~~~~~~~~~~~~~~~~^^^^^^^^^^^^^
psycopg2.errors.UndefinedTable: relation "service_provider_billingprofile" does not exist
LINE 1: DELETE FROM "service_provider_billingprofile" WHERE "service...
                    ^


The above exception was the direct cause of the following exception:

Traceback (most recent call last):
  File "/Users/PraveenWorks/Anil Works/Petleo-Backend/service_provider_service/kafka_consumer.py", line 221, in <module>
    VerifiedUser.objects.filter(auth_user_id=auth_user_id).delete()
    ~~~~~~~~~~~~~~~~~~~~~~~~~~~~~~~~~~~~~~~~~~~~~~~~~~~~~~~~~~~~~^^
  File "/Users/PraveenWorks/Anil Works/Petleo-Backend/service_provider_service/venv/lib/python3.13/site-packages/django/db/models/query.py", line 1201, in delete
    num_deleted, num_deleted_per_model = collector.delete()
                                         ~~~~~~~~~~~~~~~~^^
  File "/Users/PraveenWorks/Anil Works/Petleo-Backend/service_provider_service/venv/lib/python3.13/site-packages/django/db/models/deletion.py", line 467, in delete
    count = qs._raw_delete(using=self.using)
  File "/Users/PraveenWorks/Anil Works/Petleo-Backend/service_provider_service/venv/lib/python3.13/site-packages/django/db/models/query.py", line 1223, in _raw_delete
    return query.get_compiler(using).execute_sql(ROW_COUNT)
           ~~~~~~~~~~~~~~~~~~~~~~~~~~~~~~~~~~~~~^^^^^^^^^^^
  File "/Users/PraveenWorks/Anil Works/Petleo-Backend/service_provider_service/venv/lib/python3.13/site-packages/django/db/models/sql/compiler.py", line 1623, in execute_sql
    cursor.execute(sql, params)
    ~~~~~~~~~~~~~~^^^^^^^^^^^^^
  File "/Users/PraveenWorks/Anil Works/Petleo-Backend/service_provider_service/venv/lib/python3.13/site-packages/django/db/backends/utils.py", line 122, in execute
    return super().execute(sql, params)
           ~~~~~~~~~~~~~~~^^^^^^^^^^^^^
  File "/Users/PraveenWorks/Anil Works/Petleo-Backend/service_provider_service/venv/lib/python3.13/site-packages/django/db/backends/utils.py", line 79, in execute
    return self._execute_with_wrappers(
           ~~~~~~~~~~~~~~~~~~~~~~~~~~~^
        sql, params, many=False, executor=self._execute
        ^^^^^^^^^^^^^^^^^^^^^^^^^^^^^^^^^^^^^^^^^^^^^^^
    )
    ^
  File "/Users/PraveenWorks/Anil Works/Petleo-Backend/service_provider_service/venv/lib/python3.13/site-packages/django/db/backends/utils.py", line 92, in _execute_with_wrappers
    return executor(sql, params, many, context)
  File "/Users/PraveenWorks/Anil Works/Petleo-Backend/service_provider_service/venv/lib/python3.13/site-packages/django/db/backends/utils.py", line 100, in _execute
    with self.db.wrap_database_errors:
         ^^^^^^^^^^^^^^^^^^^^^^^^^^^^
  File "/Users/PraveenWorks/Anil Works/Petleo-Backend/service_provider_service/venv/lib/python3.13/site-packages/django/db/utils.py", line 91, in __exit__
    raise dj_exc_value.with_traceback(traceback) from exc_value
  File "/Users/PraveenWorks/Anil Works/Petleo-Backend/service_provider_service/venv/lib/python3.13/site-packages/django/db/backends/utils.py", line 105, in _execute
    return self.cursor.execute(sql, params)
           ~~~~~~~~~~~~~~~~~~~^^^^^^^^^^^^^
django.db.utils.ProgrammingError: relation "service_provider_billingprofile" does not exist
LINE 1: DELETE FROM "service_provider_billingprofile" WHERE "service...
                    ^

2026-02-05 07:33:06,507 [INFO] üî• Event: USER_DELETED | Role: individual | Service: auth_service
2026-02-05 07:33:06,509 [INFO] üóëÔ∏è Deleted user records for 4eec4343-82fe-495b-b1bd-0bcb4a7d56b7
2026-02-05 07:33:10,959 [INFO] üî• Event: USER_DELETED | Role: individual | Service: auth_service
2026-02-05 07:33:10,973 [ERROR] ‚ùå Error processing Kafka message: relation "service_provider_billingprofile" does not exist
LINE 1: DELETE FROM "service_provider_billingprofile" WHERE "service...
                    ^
Traceback (most recent call last):
  File "/Users/PraveenWorks/Anil Works/Petleo-Backend/service_provider_service/venv/lib/python3.13/site-packages/django/db/backends/utils.py", line 105, in _execute
    return self.cursor.execute(sql, params)
           ~~~~~~~~~~~~~~~~~~~^^^^^^^^^^^^^
psycopg2.errors.UndefinedTable: relation "service_provider_billingprofile" does not exist
LINE 1: DELETE FROM "service_provider_billingprofile" WHERE "service...
                    ^


The above exception was the direct cause of the following exception:

Traceback (most recent call last):
  File "/Users/PraveenWorks/Anil Works/Petleo-Backend/service_provider_service/kafka_consumer.py", line 221, in <module>
    VerifiedUser.objects.filter(auth_user_id=auth_user_id).delete()
    ~~~~~~~~~~~~~~~~~~~~~~~~~~~~~~~~~~~~~~~~~~~~~~~~~~~~~~~~~~~~~^^
  File "/Users/PraveenWorks/Anil Works/Petleo-Backend/service_provider_service/venv/lib/python3.13/site-packages/django/db/models/query.py", line 1201, in delete
    num_deleted, num_deleted_per_model = collector.delete()
                                         ~~~~~~~~~~~~~~~~^^
  File "/Users/PraveenWorks/Anil Works/Petleo-Backend/service_provider_service/venv/lib/python3.13/site-packages/django/db/models/deletion.py", line 467, in delete
    count = qs._raw_delete(using=self.using)
  File "/Users/PraveenWorks/Anil Works/Petleo-Backend/service_provider_service/venv/lib/python3.13/site-packages/django/db/models/query.py", line 1223, in _raw_delete
    return query.get_compiler(using).execute_sql(ROW_COUNT)
           ~~~~~~~~~~~~~~~~~~~~~~~~~~~~~~~~~~~~~^^^^^^^^^^^
  File "/Users/PraveenWorks/Anil Works/Petleo-Backend/service_provider_service/venv/lib/python3.13/site-packages/django/db/models/sql/compiler.py", line 1623, in execute_sql
    cursor.execute(sql, params)
    ~~~~~~~~~~~~~~^^^^^^^^^^^^^
  File "/Users/PraveenWorks/Anil Works/Petleo-Backend/service_provider_service/venv/lib/python3.13/site-packages/django/db/backends/utils.py", line 122, in execute
    return super().execute(sql, params)
           ~~~~~~~~~~~~~~~^^^^^^^^^^^^^
  File "/Users/PraveenWorks/Anil Works/Petleo-Backend/service_provider_service/venv/lib/python3.13/site-packages/django/db/backends/utils.py", line 79, in execute
    return self._execute_with_wrappers(
           ~~~~~~~~~~~~~~~~~~~~~~~~~~~^
        sql, params, many=False, executor=self._execute
        ^^^^^^^^^^^^^^^^^^^^^^^^^^^^^^^^^^^^^^^^^^^^^^^
    )
    ^
  File "/Users/PraveenWorks/Anil Works/Petleo-Backend/service_provider_service/venv/lib/python3.13/site-packages/django/db/backends/utils.py", line 92, in _execute_with_wrappers
    return executor(sql, params, many, context)
  File "/Users/PraveenWorks/Anil Works/Petleo-Backend/service_provider_service/venv/lib/python3.13/site-packages/django/db/backends/utils.py", line 100, in _execute
    with self.db.wrap_database_errors:
         ^^^^^^^^^^^^^^^^^^^^^^^^^^^^
  File "/Users/PraveenWorks/Anil Works/Petleo-Backend/service_provider_service/venv/lib/python3.13/site-packages/django/db/utils.py", line 91, in __exit__
    raise dj_exc_value.with_traceback(traceback) from exc_value
  File "/Users/PraveenWorks/Anil Works/Petleo-Backend/service_provider_service/venv/lib/python3.13/site-packages/django/db/backends/utils.py", line 105, in _execute
    return self.cursor.execute(sql, params)
           ~~~~~~~~~~~~~~~~~~~^^^^^^^^^^^^^
django.db.utils.ProgrammingError: relation "service_provider_billingprofile" does not exist
LINE 1: DELETE FROM "service_provider_billingprofile" WHERE "service...
                    ^

2026-02-05 07:33:13,854 [INFO] üî• Event: USER_DELETED | Role: individual | Service: auth_service
2026-02-05 07:33:13,900 [ERROR] ‚ùå Error processing Kafka message: relation "service_provider_billingprofile" does not exist
LINE 1: DELETE FROM "service_provider_billingprofile" WHERE "service...
                    ^
Traceback (most recent call last):
  File "/Users/PraveenWorks/Anil Works/Petleo-Backend/service_provider_service/venv/lib/python3.13/site-packages/django/db/backends/utils.py", line 105, in _execute
    return self.cursor.execute(sql, params)
           ~~~~~~~~~~~~~~~~~~~^^^^^^^^^^^^^
psycopg2.errors.UndefinedTable: relation "service_provider_billingprofile" does not exist
LINE 1: DELETE FROM "service_provider_billingprofile" WHERE "service...
                    ^


The above exception was the direct cause of the following exception:

Traceback (most recent call last):
  File "/Users/PraveenWorks/Anil Works/Petleo-Backend/service_provider_service/kafka_consumer.py", line 221, in <module>
    VerifiedUser.objects.filter(auth_user_id=auth_user_id).delete()
    ~~~~~~~~~~~~~~~~~~~~~~~~~~~~~~~~~~~~~~~~~~~~~~~~~~~~~~~~~~~~~^^
  File "/Users/PraveenWorks/Anil Works/Petleo-Backend/service_provider_service/venv/lib/python3.13/site-packages/django/db/models/query.py", line 1201, in delete
    num_deleted, num_deleted_per_model = collector.delete()
                                         ~~~~~~~~~~~~~~~~^^
  File "/Users/PraveenWorks/Anil Works/Petleo-Backend/service_provider_service/venv/lib/python3.13/site-packages/django/db/models/deletion.py", line 467, in delete
    count = qs._raw_delete(using=self.using)
  File "/Users/PraveenWorks/Anil Works/Petleo-Backend/service_provider_service/venv/lib/python3.13/site-packages/django/db/models/query.py", line 1223, in _raw_delete
    return query.get_compiler(using).execute_sql(ROW_COUNT)
           ~~~~~~~~~~~~~~~~~~~~~~~~~~~~~~~~~~~~~^^^^^^^^^^^
  File "/Users/PraveenWorks/Anil Works/Petleo-Backend/service_provider_service/venv/lib/python3.13/site-packages/django/db/models/sql/compiler.py", line 1623, in execute_sql
    cursor.execute(sql, params)
    ~~~~~~~~~~~~~~^^^^^^^^^^^^^
  File "/Users/PraveenWorks/Anil Works/Petleo-Backend/service_provider_service/venv/lib/python3.13/site-packages/django/db/backends/utils.py", line 122, in execute
    return super().execute(sql, params)
           ~~~~~~~~~~~~~~~^^^^^^^^^^^^^
  File "/Users/PraveenWorks/Anil Works/Petleo-Backend/service_provider_service/venv/lib/python3.13/site-packages/django/db/backends/utils.py", line 79, in execute
    return self._execute_with_wrappers(
           ~~~~~~~~~~~~~~~~~~~~~~~~~~~^
        sql, params, many=False, executor=self._execute
        ^^^^^^^^^^^^^^^^^^^^^^^^^^^^^^^^^^^^^^^^^^^^^^^
    )
    ^
  File "/Users/PraveenWorks/Anil Works/Petleo-Backend/service_provider_service/venv/lib/python3.13/site-packages/django/db/backends/utils.py", line 92, in _execute_with_wrappers
    return executor(sql, params, many, context)
  File "/Users/PraveenWorks/Anil Works/Petleo-Backend/service_provider_service/venv/lib/python3.13/site-packages/django/db/backends/utils.py", line 100, in _execute
    with self.db.wrap_database_errors:
         ^^^^^^^^^^^^^^^^^^^^^^^^^^^^
  File "/Users/PraveenWorks/Anil Works/Petleo-Backend/service_provider_service/venv/lib/python3.13/site-packages/django/db/utils.py", line 91, in __exit__
    raise dj_exc_value.with_traceback(traceback) from exc_value
  File "/Users/PraveenWorks/Anil Works/Petleo-Backend/service_provider_service/venv/lib/python3.13/site-packages/django/db/backends/utils.py", line 105, in _execute
    return self.cursor.execute(sql, params)
           ~~~~~~~~~~~~~~~~~~~^^^^^^^^^^^^^
django.db.utils.ProgrammingError: relation "service_provider_billingprofile" does not exist
LINE 1: DELETE FROM "service_provider_billingprofile" WHERE "service...
                    ^

2026-02-05 07:34:12,936 [INFO] üî• Event: SEND_EMAIL | Role: organization | Service: auth_service
2026-02-05 07:34:12,936 [WARNING] ‚ö†Ô∏è Unknown event type 'SEND_EMAIL' received.
2026-02-05 07:34:12,943 [INFO] üî• Event: USER_CREATED | Role: organization | Service: auth_service
2026-02-05 07:34:12,943 [INFO] DEBUG: Checking role 'organization' against employee list...
2026-02-05 07:34:12,948 [INFO] ‚úÖ Created VerifiedUser vinod@gmail.com
2026-02-05 07:34:12,953 [INFO] ‚úÖ Auto-created ServiceProvider profile for vinod@gmail.com
2026-02-05 07:34:42,699 [INFO] üî• Event: USER_VERIFIED | Role: organization | Service: auth_service
2026-02-05 07:34:42,699 [INFO] DEBUG: Checking role 'organization' against employee list...
2026-02-05 07:34:42,704 [INFO] üîÑ Updated VerifiedUser vinod@gmail.com
2026-02-05 07:36:00,801 [INFO] üî• Event: PROVIDER.PERMISSIONS.UPDATED | Role:  | Service: None
2026-02-05 07:36:00,803 [INFO] DEBUG: [KAFKA RECV] provider.permissions.updated | User: 048328fb-b2ee-46ee-aa77-a0cb9aa21f91
2026-02-05 07:36:00,803 [INFO] DEBUG: Payload Keys: ['auth_user_id', 'purchase_id', 'permissions', 'purchased_plan', 'templates', 'dynamic_capabilities']
2026-02-05 07:36:00,804 [INFO] DEBUG: Templates Received - Services: 3, Cats: 10
2026-02-05 07:36:00,943 [ERROR] ‚ùå Error updating permissions for 048328fb-b2ee-46ee-aa77-a0cb9aa21f91: null value in column "duration" of relation "provider_dynamic_fields_providertemplatepricing" violates not-null constraint
DETAIL:  Failing row contains (43b32715-608c-4f04-8551-7a34b352d0ea, 679e3fa4-56f1-4c6f-bc77-6d0c1030696a, 344.00, null, , 2026-02-05 07:36:00.939245+00, 2026-02-05 07:36:00.939262+00, 038f0763-f9a3-494d-aa5d-b8767c1a0115, b0fcceb3-f506-48c6-9814-4555375cce60, abe17e7a-4d10-4e06-9104-c46b35c34f1e).

2026-02-05 07:36:00,943 [INFO] üì§ Publishing Permissions Sync: 0 items enriched
2026-02-05 07:36:01,075 [INFO] üî• Event: USER_PERMISSIONS_SYNCED | Role: provider | Service: None
2026-02-05 07:36:01,076 [WARNING] ‚ö†Ô∏è Unknown event type 'USER_PERMISSIONS_SYNCED' received.
2026-02-05 07:43:48,162 [INFO] üöÄ Starting Service Provider Unified Kafka Consumer...
2026-02-05 07:43:48,173 [INFO] ‚úÖ Connected to Kafka broker.
2026-02-05 07:45:45,309 [INFO] üöÄ Starting Service Provider Unified Kafka Consumer...
2026-02-05 07:45:45,320 [INFO] ‚úÖ Connected to Kafka broker.
2026-02-05 07:52:00,692 [INFO] üöÄ Starting Service Provider Unified Kafka Consumer...
2026-02-05 07:52:00,704 [INFO] ‚úÖ Connected to Kafka broker.
2026-02-05 07:54:51,810 [INFO] üî• Event: USER_DELETED | Role: organization | Service: auth_service
2026-02-05 07:54:51,872 [ERROR] ‚ùå Error processing Kafka message: relation "service_provider_billingprofile" does not exist
LINE 1: DELETE FROM "service_provider_billingprofile" WHERE "service...
                    ^
Traceback (most recent call last):
  File "/Users/PraveenWorks/Anil Works/Petleo-Backend/service_provider_service/venv/lib/python3.13/site-packages/django/db/backends/utils.py", line 105, in _execute
    return self.cursor.execute(sql, params)
           ~~~~~~~~~~~~~~~~~~~^^^^^^^^^^^^^
psycopg2.errors.UndefinedTable: relation "service_provider_billingprofile" does not exist
LINE 1: DELETE FROM "service_provider_billingprofile" WHERE "service...
                    ^


The above exception was the direct cause of the following exception:

Traceback (most recent call last):
  File "/Users/PraveenWorks/Anil Works/Petleo-Backend/service_provider_service/kafka_consumer.py", line 221, in <module>
    VerifiedUser.objects.filter(auth_user_id=auth_user_id).delete()
    ~~~~~~~~~~~~~~~~~~~~~~~~~~~~~~~~~~~~~~~~~~~~~~~~~~~~~~~~~~~~~^^
  File "/Users/PraveenWorks/Anil Works/Petleo-Backend/service_provider_service/venv/lib/python3.13/site-packages/django/db/models/query.py", line 1201, in delete
    num_deleted, num_deleted_per_model = collector.delete()
                                         ~~~~~~~~~~~~~~~~^^
  File "/Users/PraveenWorks/Anil Works/Petleo-Backend/service_provider_service/venv/lib/python3.13/site-packages/django/db/models/deletion.py", line 467, in delete
    count = qs._raw_delete(using=self.using)
  File "/Users/PraveenWorks/Anil Works/Petleo-Backend/service_provider_service/venv/lib/python3.13/site-packages/django/db/models/query.py", line 1223, in _raw_delete
    return query.get_compiler(using).execute_sql(ROW_COUNT)
           ~~~~~~~~~~~~~~~~~~~~~~~~~~~~~~~~~~~~~^^^^^^^^^^^
  File "/Users/PraveenWorks/Anil Works/Petleo-Backend/service_provider_service/venv/lib/python3.13/site-packages/django/db/models/sql/compiler.py", line 1623, in execute_sql
    cursor.execute(sql, params)
    ~~~~~~~~~~~~~~^^^^^^^^^^^^^
  File "/Users/PraveenWorks/Anil Works/Petleo-Backend/service_provider_service/venv/lib/python3.13/site-packages/django/db/backends/utils.py", line 122, in execute
    return super().execute(sql, params)
           ~~~~~~~~~~~~~~~^^^^^^^^^^^^^
  File "/Users/PraveenWorks/Anil Works/Petleo-Backend/service_provider_service/venv/lib/python3.13/site-packages/django/db/backends/utils.py", line 79, in execute
    return self._execute_with_wrappers(
           ~~~~~~~~~~~~~~~~~~~~~~~~~~~^
        sql, params, many=False, executor=self._execute
        ^^^^^^^^^^^^^^^^^^^^^^^^^^^^^^^^^^^^^^^^^^^^^^^
    )
    ^
  File "/Users/PraveenWorks/Anil Works/Petleo-Backend/service_provider_service/venv/lib/python3.13/site-packages/django/db/backends/utils.py", line 92, in _execute_with_wrappers
    return executor(sql, params, many, context)
  File "/Users/PraveenWorks/Anil Works/Petleo-Backend/service_provider_service/venv/lib/python3.13/site-packages/django/db/backends/utils.py", line 100, in _execute
    with self.db.wrap_database_errors:
         ^^^^^^^^^^^^^^^^^^^^^^^^^^^^
  File "/Users/PraveenWorks/Anil Works/Petleo-Backend/service_provider_service/venv/lib/python3.13/site-packages/django/db/utils.py", line 91, in __exit__
    raise dj_exc_value.with_traceback(traceback) from exc_value
  File "/Users/PraveenWorks/Anil Works/Petleo-Backend/service_provider_service/venv/lib/python3.13/site-packages/django/db/backends/utils.py", line 105, in _execute
    return self.cursor.execute(sql, params)
           ~~~~~~~~~~~~~~~~~~~^^^^^^^^^^^^^
django.db.utils.ProgrammingError: relation "service_provider_billingprofile" does not exist
LINE 1: DELETE FROM "service_provider_billingprofile" WHERE "service...
                    ^

2026-02-05 07:55:14,361 [INFO] üöÄ Starting Service Provider Unified Kafka Consumer...
2026-02-05 07:55:14,371 [INFO] ‚úÖ Connected to Kafka broker.
2026-02-05 07:56:33,700 [INFO] üî• Event: SEND_EMAIL | Role: organization | Service: auth_service
2026-02-05 07:56:33,701 [WARNING] ‚ö†Ô∏è Unknown event type 'SEND_EMAIL' received.
2026-02-05 07:56:33,708 [INFO] üî• Event: USER_CREATED | Role: organization | Service: auth_service
2026-02-05 07:56:33,708 [INFO] DEBUG: Checking role 'organization' against employee list...
2026-02-05 07:56:33,754 [INFO] ‚úÖ Created VerifiedUser vvv@gmail.com
2026-02-05 07:56:33,759 [INFO] ‚úÖ Auto-created ServiceProvider profile for vvv@gmail.com
2026-02-05 07:57:01,327 [INFO] üî• Event: USER_VERIFIED | Role: organization | Service: auth_service
2026-02-05 07:57:01,329 [INFO] DEBUG: Checking role 'organization' against employee list...
2026-02-05 07:57:01,335 [INFO] üîÑ Updated VerifiedUser vvv@gmail.com
2026-02-05 07:59:03,456 [INFO] üî• Event: PROVIDER.PERMISSIONS.UPDATED | Role:  | Service: None
2026-02-05 07:59:03,458 [INFO] DEBUG: [KAFKA RECV] provider.permissions.updated | User: 37d85d2f-f134-42c4-8dbf-f40b77be0aa9
2026-02-05 07:59:03,459 [INFO] DEBUG: Payload Keys: ['auth_user_id', 'purchase_id', 'permissions', 'purchased_plan', 'templates', 'dynamic_capabilities']
2026-02-05 07:59:03,459 [INFO] DEBUG: Templates Received - Services: 4, Cats: 11
2026-02-05 07:59:03,611 [INFO] ‚úÖ Synced Templates for user 37d85d2f-f134-42c4-8dbf-f40b77be0aa9
2026-02-05 07:59:03,615 [INFO] üßπ Cleared old permissions for user 37d85d2f-f134-42c4-8dbf-f40b77be0aa9
2026-02-05 07:59:03,616 [INFO] DEBUG: perms_map size: 27
2026-02-05 07:59:03,616 [INFO] DEBUG: Sample perms_map keys: [('2dff446f-c95f-4310-ba4d-05e3395dd7eb', None, None, None), ('4fe2290b-0d07-4598-a6d8-585a9b22e819', None, None, None), ('5ec07d87-902a-4327-9386-2774e910bd58', None, None, None)]
2026-02-05 07:59:03,617 [INFO] DEBUG: About to bulk_create 27 ProviderCapabilityAccess records
2026-02-05 07:59:03,638 [INFO] DEBUG: bulk_create completed successfully
2026-02-05 07:59:03,651 [INFO] üóëÔ∏è Invalidated cache for 0 employees
2026-02-05 07:59:03,724 [INFO] ‚úÖ Updated 27 capabilities for user 37d85d2f-f134-42c4-8dbf-f40b77be0aa9
2026-02-05 07:59:03,726 [INFO] ‚úÖ Auto-added VETERINARY_CORE (vet capabilities detected)
2026-02-05 07:59:03,728 [INFO] ‚úÖ Replaced user capabilities: ['VETERINARY_MEDICINE_REMINDERS', 'VETERINARY_PHARMACY', 'VETERINARY_VISITS', 'VETERINARY_VITALS', 'VETERINARY_DOCTOR', 'VETERINARY_LABS', 'VETERINARY_CORE']
2026-02-05 07:59:03,735 [INFO] ‚úÖ Synced Subscription for user 37d85d2f-f134-42c4-8dbf-f40b77be0aa9
2026-02-05 07:59:03,735 [INFO] DEBUG: Capabilities Processing | Raw Count: 0
2026-02-05 07:59:03,735 [INFO] üì§ Publishing Permissions Sync: 27 items enriched
2026-02-05 07:59:03,871 [INFO] üî• Event: USER_PERMISSIONS_SYNCED | Role: provider | Service: None
2026-02-05 07:59:03,871 [WARNING] ‚ö†Ô∏è Unknown event type 'USER_PERMISSIONS_SYNCED' received.
2026-02-05 08:12:53,551 [INFO] üöÄ Starting Service Provider Unified Kafka Consumer...
2026-02-05 08:12:53,563 [INFO] ‚úÖ Connected to Kafka broker.
2026-02-05 08:16:52,302 [INFO] üöÄ Starting Service Provider Unified Kafka Consumer...
2026-02-05 08:16:52,315 [INFO] ‚úÖ Connected to Kafka broker.
2026-02-05 08:31:36,368 [INFO] üî• Event: USER_DELETED | Role: organization | Service: auth_service
2026-02-05 08:31:36,431 [ERROR] ‚ùå Error processing Kafka message: relation "service_provider_billingprofile" does not exist
LINE 1: DELETE FROM "service_provider_billingprofile" WHERE "service...
                    ^
Traceback (most recent call last):
  File "/Users/PraveenWorks/Anil Works/Petleo-Backend/service_provider_service/venv/lib/python3.13/site-packages/django/db/backends/utils.py", line 105, in _execute
    return self.cursor.execute(sql, params)
           ~~~~~~~~~~~~~~~~~~~^^^^^^^^^^^^^
psycopg2.errors.UndefinedTable: relation "service_provider_billingprofile" does not exist
LINE 1: DELETE FROM "service_provider_billingprofile" WHERE "service...
                    ^


The above exception was the direct cause of the following exception:

Traceback (most recent call last):
  File "/Users/PraveenWorks/Anil Works/Petleo-Backend/service_provider_service/kafka_consumer.py", line 221, in <module>
    VerifiedUser.objects.filter(auth_user_id=auth_user_id).delete()
    ~~~~~~~~~~~~~~~~~~~~~~~~~~~~~~~~~~~~~~~~~~~~~~~~~~~~~~~~~~~~~^^
  File "/Users/PraveenWorks/Anil Works/Petleo-Backend/service_provider_service/venv/lib/python3.13/site-packages/django/db/models/query.py", line 1201, in delete
    num_deleted, num_deleted_per_model = collector.delete()
                                         ~~~~~~~~~~~~~~~~^^
  File "/Users/PraveenWorks/Anil Works/Petleo-Backend/service_provider_service/venv/lib/python3.13/site-packages/django/db/models/deletion.py", line 467, in delete
    count = qs._raw_delete(using=self.using)
  File "/Users/PraveenWorks/Anil Works/Petleo-Backend/service_provider_service/venv/lib/python3.13/site-packages/django/db/models/query.py", line 1223, in _raw_delete
    return query.get_compiler(using).execute_sql(ROW_COUNT)
           ~~~~~~~~~~~~~~~~~~~~~~~~~~~~~~~~~~~~~^^^^^^^^^^^
  File "/Users/PraveenWorks/Anil Works/Petleo-Backend/service_provider_service/venv/lib/python3.13/site-packages/django/db/models/sql/compiler.py", line 1623, in execute_sql
    cursor.execute(sql, params)
    ~~~~~~~~~~~~~~^^^^^^^^^^^^^
  File "/Users/PraveenWorks/Anil Works/Petleo-Backend/service_provider_service/venv/lib/python3.13/site-packages/django/db/backends/utils.py", line 122, in execute
    return super().execute(sql, params)
           ~~~~~~~~~~~~~~~^^^^^^^^^^^^^
  File "/Users/PraveenWorks/Anil Works/Petleo-Backend/service_provider_service/venv/lib/python3.13/site-packages/django/db/backends/utils.py", line 79, in execute
    return self._execute_with_wrappers(
           ~~~~~~~~~~~~~~~~~~~~~~~~~~~^
        sql, params, many=False, executor=self._execute
        ^^^^^^^^^^^^^^^^^^^^^^^^^^^^^^^^^^^^^^^^^^^^^^^
    )
    ^
  File "/Users/PraveenWorks/Anil Works/Petleo-Backend/service_provider_service/venv/lib/python3.13/site-packages/django/db/backends/utils.py", line 92, in _execute_with_wrappers
    return executor(sql, params, many, context)
  File "/Users/PraveenWorks/Anil Works/Petleo-Backend/service_provider_service/venv/lib/python3.13/site-packages/django/db/backends/utils.py", line 100, in _execute
    with self.db.wrap_database_errors:
         ^^^^^^^^^^^^^^^^^^^^^^^^^^^^
  File "/Users/PraveenWorks/Anil Works/Petleo-Backend/service_provider_service/venv/lib/python3.13/site-packages/django/db/utils.py", line 91, in __exit__
    raise dj_exc_value.with_traceback(traceback) from exc_value
  File "/Users/PraveenWorks/Anil Works/Petleo-Backend/service_provider_service/venv/lib/python3.13/site-packages/django/db/backends/utils.py", line 105, in _execute
    return self.cursor.execute(sql, params)
           ~~~~~~~~~~~~~~~~~~~^^^^^^^^^^^^^
django.db.utils.ProgrammingError: relation "service_provider_billingprofile" does not exist
LINE 1: DELETE FROM "service_provider_billingprofile" WHERE "service...
                    ^

2026-02-05 08:31:57,733 [INFO] üöÄ Starting Service Provider Unified Kafka Consumer...
2026-02-05 08:31:57,743 [INFO] ‚úÖ Connected to Kafka broker.
2026-02-05 08:32:39,946 [INFO] üî• Event: SEND_EMAIL | Role: organization | Service: auth_service
2026-02-05 08:32:39,947 [WARNING] ‚ö†Ô∏è Unknown event type 'SEND_EMAIL' received.
2026-02-05 08:32:39,955 [INFO] üî• Event: USER_CREATED | Role: organization | Service: auth_service
2026-02-05 08:32:39,955 [INFO] DEBUG: Checking role 'organization' against employee list...
2026-02-05 08:32:39,963 [INFO] ‚úÖ Created VerifiedUser sss@gmail.com
2026-02-05 08:32:39,967 [INFO] ‚úÖ Auto-created ServiceProvider profile for sss@gmail.com
2026-02-05 08:33:06,282 [INFO] üî• Event: USER_VERIFIED | Role: organization | Service: auth_service
2026-02-05 08:33:06,282 [INFO] DEBUG: Checking role 'organization' against employee list...
2026-02-05 08:33:06,286 [INFO] üîÑ Updated VerifiedUser sss@gmail.com
2026-02-05 08:33:34,593 [INFO] üî• Event: PROVIDER.PERMISSIONS.UPDATED | Role:  | Service: None
2026-02-05 08:33:34,595 [INFO] DEBUG: [KAFKA RECV] provider.permissions.updated | User: eaa037c7-6524-4557-af2b-d900f7731328
2026-02-05 08:33:34,596 [INFO] DEBUG: Payload Keys: ['auth_user_id', 'purchase_id', 'permissions', 'purchased_plan', 'templates', 'dynamic_capabilities']
2026-02-05 08:33:34,596 [INFO] DEBUG: Templates Received - Services: 4, Cats: 10
2026-02-05 08:33:34,689 [INFO] ‚úÖ Synced Templates for user eaa037c7-6524-4557-af2b-d900f7731328
2026-02-05 08:33:34,691 [INFO] üßπ Cleared old permissions for user eaa037c7-6524-4557-af2b-d900f7731328 ‚Üí permissions=[]
2026-02-05 08:33:34,692 [INFO] DEBUG: perms_map size: 24
2026-02-05 08:33:34,692 [INFO] DEBUG: Sample perms_map keys: [('013a72ea-5fb8-4597-922e-6a67dc49168a', None, None, None), ('2dff446f-c95f-4310-ba4d-05e3395dd7eb', None, None, None), ('c9fd149a-0f68-4a0b-8167-7b20731ce429', None, None, None)]
2026-02-05 08:33:34,693 [INFO] DEBUG: About to bulk_create 24 ProviderCapabilityAccess records
2026-02-05 08:33:34,698 [INFO] DEBUG: bulk_create completed successfully
2026-02-05 08:33:34,703 [INFO] üóëÔ∏è Invalidated cache for 0 employees
2026-02-05 08:33:34,716 [INFO] ‚úÖ Updated 24 capabilities for user eaa037c7-6524-4557-af2b-d900f7731328
2026-02-05 08:33:34,717 [INFO] üìã Linked capabilities: ['VETERINARY_LABS', 'VETERINARY_MEDICINE_REMINDERS', 'VETERINARY_VISITS', 'VETERINARY_PHARMACY', 'VETERINARY_DOCTOR', 'VETERINARY_VITALS']
2026-02-05 08:33:34,718 [INFO] üè• Veterinary capabilities: ['VETERINARY_LABS', 'VETERINARY_MEDICINE_REMINDERS', 'VETERINARY_VISITS', 'VETERINARY_PHARMACY', 'VETERINARY_DOCTOR', 'VETERINARY_VITALS']
2026-02-05 08:33:34,718 [INFO] ‚úÖ Auto-added VETERINARY_CORE (vet capabilities detected: ['VETERINARY_LABS', 'VETERINARY_MEDICINE_REMINDERS', 'VETERINARY_VISITS', 'VETERINARY_PHARMACY', 'VETERINARY_DOCTOR', 'VETERINARY_VITALS'])
2026-02-05 08:33:34,719 [INFO] ‚úÖ Final user capabilities: ['VETERINARY_LABS', 'VETERINARY_MEDICINE_REMINDERS', 'VETERINARY_VISITS', 'VETERINARY_PHARMACY', 'VETERINARY_DOCTOR', 'VETERINARY_VITALS', 'VETERINARY_CORE']
2026-02-05 08:33:34,722 [INFO] ‚úÖ Synced Subscription for user eaa037c7-6524-4557-af2b-d900f7731328
2026-02-05 08:33:34,722 [INFO] DEBUG: Capabilities Processing | Raw Count: 0
2026-02-05 08:33:34,722 [INFO] üì§ Publishing Permissions Sync: 24 items enriched
2026-02-05 08:33:34,852 [INFO] üî• Event: USER_PERMISSIONS_SYNCED | Role: provider | Service: None
2026-02-05 08:33:34,852 [WARNING] ‚ö†Ô∏è Unknown event type 'USER_PERMISSIONS_SYNCED' received.
2026-02-05 08:36:51,491 [INFO] üî• Event: USER_DELETED | Role: organization | Service: auth_service
2026-02-05 08:36:51,511 [ERROR] ‚ùå Error processing Kafka message: relation "service_provider_billingprofile" does not exist
LINE 1: DELETE FROM "service_provider_billingprofile" WHERE "service...
                    ^
Traceback (most recent call last):
  File "/Users/PraveenWorks/Anil Works/Petleo-Backend/service_provider_service/venv/lib/python3.13/site-packages/django/db/backends/utils.py", line 105, in _execute
    return self.cursor.execute(sql, params)
           ~~~~~~~~~~~~~~~~~~~^^^^^^^^^^^^^
psycopg2.errors.UndefinedTable: relation "service_provider_billingprofile" does not exist
LINE 1: DELETE FROM "service_provider_billingprofile" WHERE "service...
                    ^


The above exception was the direct cause of the following exception:

Traceback (most recent call last):
  File "/Users/PraveenWorks/Anil Works/Petleo-Backend/service_provider_service/kafka_consumer.py", line 221, in <module>
    VerifiedUser.objects.filter(auth_user_id=auth_user_id).delete()
    ~~~~~~~~~~~~~~~~~~~~~~~~~~~~~~~~~~~~~~~~~~~~~~~~~~~~~~~~~~~~~^^
  File "/Users/PraveenWorks/Anil Works/Petleo-Backend/service_provider_service/venv/lib/python3.13/site-packages/django/db/models/query.py", line 1201, in delete
    num_deleted, num_deleted_per_model = collector.delete()
                                         ~~~~~~~~~~~~~~~~^^
  File "/Users/PraveenWorks/Anil Works/Petleo-Backend/service_provider_service/venv/lib/python3.13/site-packages/django/db/models/deletion.py", line 467, in delete
    count = qs._raw_delete(using=self.using)
  File "/Users/PraveenWorks/Anil Works/Petleo-Backend/service_provider_service/venv/lib/python3.13/site-packages/django/db/models/query.py", line 1223, in _raw_delete
    return query.get_compiler(using).execute_sql(ROW_COUNT)
           ~~~~~~~~~~~~~~~~~~~~~~~~~~~~~~~~~~~~~^^^^^^^^^^^
  File "/Users/PraveenWorks/Anil Works/Petleo-Backend/service_provider_service/venv/lib/python3.13/site-packages/django/db/models/sql/compiler.py", line 1623, in execute_sql
    cursor.execute(sql, params)
    ~~~~~~~~~~~~~~^^^^^^^^^^^^^
  File "/Users/PraveenWorks/Anil Works/Petleo-Backend/service_provider_service/venv/lib/python3.13/site-packages/django/db/backends/utils.py", line 122, in execute
    return super().execute(sql, params)
           ~~~~~~~~~~~~~~~^^^^^^^^^^^^^
  File "/Users/PraveenWorks/Anil Works/Petleo-Backend/service_provider_service/venv/lib/python3.13/site-packages/django/db/backends/utils.py", line 79, in execute
    return self._execute_with_wrappers(
           ~~~~~~~~~~~~~~~~~~~~~~~~~~~^
        sql, params, many=False, executor=self._execute
        ^^^^^^^^^^^^^^^^^^^^^^^^^^^^^^^^^^^^^^^^^^^^^^^
    )
    ^
  File "/Users/PraveenWorks/Anil Works/Petleo-Backend/service_provider_service/venv/lib/python3.13/site-packages/django/db/backends/utils.py", line 92, in _execute_with_wrappers
    return executor(sql, params, many, context)
  File "/Users/PraveenWorks/Anil Works/Petleo-Backend/service_provider_service/venv/lib/python3.13/site-packages/django/db/backends/utils.py", line 100, in _execute
    with self.db.wrap_database_errors:
         ^^^^^^^^^^^^^^^^^^^^^^^^^^^^
  File "/Users/PraveenWorks/Anil Works/Petleo-Backend/service_provider_service/venv/lib/python3.13/site-packages/django/db/utils.py", line 91, in __exit__
    raise dj_exc_value.with_traceback(traceback) from exc_value
  File "/Users/PraveenWorks/Anil Works/Petleo-Backend/service_provider_service/venv/lib/python3.13/site-packages/django/db/backends/utils.py", line 105, in _execute
    return self.cursor.execute(sql, params)
           ~~~~~~~~~~~~~~~~~~~^^^^^^^^^^^^^
django.db.utils.ProgrammingError: relation "service_provider_billingprofile" does not exist
LINE 1: DELETE FROM "service_provider_billingprofile" WHERE "service...
                    ^

2026-02-05 08:40:16,448 [INFO] üî• Event: SEND_EMAIL | Role: organization | Service: auth_service
2026-02-05 08:40:16,449 [WARNING] ‚ö†Ô∏è Unknown event type 'SEND_EMAIL' received.
2026-02-05 08:40:16,455 [INFO] üî• Event: USER_CREATED | Role: organization | Service: auth_service
2026-02-05 08:40:16,456 [INFO] DEBUG: Checking role 'organization' against employee list...
2026-02-05 08:40:16,460 [INFO] ‚úÖ Created VerifiedUser pl@gmail.com
2026-02-05 08:40:16,465 [INFO] ‚úÖ Auto-created ServiceProvider profile for pl@gmail.com
2026-02-05 08:40:44,570 [INFO] üî• Event: USER_VERIFIED | Role: organization | Service: auth_service
2026-02-05 08:40:44,570 [INFO] DEBUG: Checking role 'organization' against employee list...
2026-02-05 08:40:44,574 [INFO] üîÑ Updated VerifiedUser pl@gmail.com
2026-02-05 08:41:13,684 [INFO] üî• Event: PROVIDER.PERMISSIONS.UPDATED | Role:  | Service: None
2026-02-05 08:41:13,685 [INFO] DEBUG: [KAFKA RECV] provider.permissions.updated | User: 479ad179-889c-448c-8163-626974543ff4
2026-02-05 08:41:13,685 [INFO] DEBUG: Payload Keys: ['auth_user_id', 'purchase_id', 'permissions', 'purchased_plan', 'templates', 'dynamic_capabilities']
2026-02-05 08:41:13,686 [INFO] DEBUG: Templates Received - Services: 3, Cats: 8
2026-02-05 08:41:13,746 [INFO] ‚úÖ Synced Templates for user 479ad179-889c-448c-8163-626974543ff4
2026-02-05 08:41:13,748 [INFO] üßπ Cleared old permissions for user 479ad179-889c-448c-8163-626974543ff4 ‚Üí permissions=[]
2026-02-05 08:41:13,748 [INFO] DEBUG: perms_map size: 15
2026-02-05 08:41:13,748 [INFO] DEBUG: Sample perms_map keys: [('2dff446f-c95f-4310-ba4d-05e3395dd7eb', None, None, None), ('7ce1a0c2-50f0-40fe-a82f-df6767fcf91e', None, None, None), ('8da6c82b-2136-4a14-9670-2973682107a6', None, None, None)]
2026-02-05 08:41:13,749 [INFO] DEBUG: About to bulk_create 15 ProviderCapabilityAccess records
2026-02-05 08:41:13,752 [INFO] DEBUG: bulk_create completed successfully
2026-02-05 08:41:13,756 [INFO] üóëÔ∏è Invalidated cache for 0 employees
2026-02-05 08:41:13,769 [INFO] ‚úÖ Updated 15 capabilities for user 479ad179-889c-448c-8163-626974543ff4
2026-02-05 08:41:13,770 [INFO] üìã Linked capabilities: ['VETERINARY_LABS', 'VETERINARY_MEDICINE_REMINDERS', 'VETERINARY_VISITS', 'VETERINARY_PHARMACY', 'VETERINARY_DOCTOR', 'VETERINARY_VITALS']
2026-02-05 08:41:13,770 [INFO] üè• Veterinary capabilities: ['VETERINARY_LABS', 'VETERINARY_MEDICINE_REMINDERS', 'VETERINARY_VISITS', 'VETERINARY_PHARMACY', 'VETERINARY_DOCTOR', 'VETERINARY_VITALS']
2026-02-05 08:41:13,770 [INFO] ‚úÖ Auto-added VETERINARY_CORE (vet capabilities detected: ['VETERINARY_LABS', 'VETERINARY_MEDICINE_REMINDERS', 'VETERINARY_VISITS', 'VETERINARY_PHARMACY', 'VETERINARY_DOCTOR', 'VETERINARY_VITALS'])
2026-02-05 08:41:13,771 [INFO] ‚úÖ Final user capabilities: ['VETERINARY_LABS', 'VETERINARY_MEDICINE_REMINDERS', 'VETERINARY_VISITS', 'VETERINARY_PHARMACY', 'VETERINARY_DOCTOR', 'VETERINARY_VITALS', 'VETERINARY_CORE']
2026-02-05 08:41:13,774 [INFO] ‚úÖ Synced Subscription for user 479ad179-889c-448c-8163-626974543ff4
2026-02-05 08:41:13,774 [INFO] DEBUG: Capabilities Processing | Raw Count: 0
2026-02-05 08:41:13,774 [INFO] üì§ Publishing Permissions Sync: 15 items enriched
2026-02-05 08:41:13,785 [INFO] üî• Event: USER_PERMISSIONS_SYNCED | Role: provider | Service: None
2026-02-05 08:41:13,785 [WARNING] ‚ö†Ô∏è Unknown event type 'USER_PERMISSIONS_SYNCED' received.
2026-02-05 09:55:09,660 [INFO] üî• Event: SEND_EMAIL | Role: organization | Service: auth_service
2026-02-05 09:55:09,661 [WARNING] ‚ö†Ô∏è Unknown event type 'SEND_EMAIL' received.
2026-02-05 09:55:09,669 [INFO] üî• Event: USER_CREATED | Role: organization | Service: auth_service
2026-02-05 09:55:09,669 [INFO] DEBUG: Checking role 'organization' against employee list...
2026-02-05 09:55:09,675 [INFO] ‚úÖ Created VerifiedUser ram@gmail.com
2026-02-05 09:55:09,678 [INFO] ‚úÖ Auto-created ServiceProvider profile for ram@gmail.com
2026-02-05 09:55:38,210 [INFO] üî• Event: USER_VERIFIED | Role: organization | Service: auth_service
2026-02-05 09:55:38,211 [INFO] DEBUG: Checking role 'organization' against employee list...
2026-02-05 09:55:38,216 [INFO] üîÑ Updated VerifiedUser ram@gmail.com
2026-02-05 09:56:04,440 [INFO] üî• Event: PROVIDER.PERMISSIONS.UPDATED | Role:  | Service: None
2026-02-05 09:56:04,441 [INFO] DEBUG: [KAFKA RECV] provider.permissions.updated | User: 0ba4980d-7067-4339-b501-fa2c7ac415f5
2026-02-05 09:56:04,441 [INFO] DEBUG: Payload Keys: ['auth_user_id', 'purchase_id', 'permissions', 'purchased_plan', 'templates', 'dynamic_capabilities']
2026-02-05 09:56:04,442 [INFO] DEBUG: Templates Received - Services: 3, Cats: 8
2026-02-05 09:56:04,498 [INFO] ‚úÖ Synced Templates for user 0ba4980d-7067-4339-b501-fa2c7ac415f5
2026-02-05 09:56:04,501 [INFO] üßπ Cleared old permissions for user 0ba4980d-7067-4339-b501-fa2c7ac415f5 ‚Üí permissions=[]
2026-02-05 09:56:04,501 [INFO] DEBUG: perms_map size: 15
2026-02-05 09:56:04,501 [INFO] DEBUG: Sample perms_map keys: [('2dff446f-c95f-4310-ba4d-05e3395dd7eb', None, None, None), ('7ce1a0c2-50f0-40fe-a82f-df6767fcf91e', None, None, None), ('8da6c82b-2136-4a14-9670-2973682107a6', None, None, None)]
2026-02-05 09:56:04,502 [INFO] DEBUG: About to bulk_create 15 ProviderCapabilityAccess records
2026-02-05 09:56:04,506 [INFO] DEBUG: bulk_create completed successfully
2026-02-05 09:56:04,511 [INFO] üóëÔ∏è Invalidated cache for 0 employees
2026-02-05 09:56:04,521 [INFO] ‚úÖ Updated 15 capabilities for user 0ba4980d-7067-4339-b501-fa2c7ac415f5
2026-02-05 09:56:04,523 [INFO] üìã Linked capabilities: ['VETERINARY_LABS', 'VETERINARY_MEDICINE_REMINDERS', 'VETERINARY_VISITS', 'VETERINARY_PHARMACY', 'VETERINARY_DOCTOR', 'VETERINARY_VITALS']
2026-02-05 09:56:04,523 [INFO] üè• Veterinary capabilities: ['VETERINARY_LABS', 'VETERINARY_MEDICINE_REMINDERS', 'VETERINARY_VISITS', 'VETERINARY_PHARMACY', 'VETERINARY_DOCTOR', 'VETERINARY_VITALS']
2026-02-05 09:56:04,523 [INFO] ‚úÖ Auto-added VETERINARY_CORE (vet capabilities detected: ['VETERINARY_LABS', 'VETERINARY_MEDICINE_REMINDERS', 'VETERINARY_VISITS', 'VETERINARY_PHARMACY', 'VETERINARY_DOCTOR', 'VETERINARY_VITALS'])
2026-02-05 09:56:04,524 [INFO] ‚úÖ Final user capabilities: ['VETERINARY_LABS', 'VETERINARY_MEDICINE_REMINDERS', 'VETERINARY_VISITS', 'VETERINARY_PHARMACY', 'VETERINARY_DOCTOR', 'VETERINARY_VITALS', 'VETERINARY_CORE']
2026-02-05 09:56:04,528 [INFO] ‚úÖ Synced Subscription for user 0ba4980d-7067-4339-b501-fa2c7ac415f5
2026-02-05 09:56:04,528 [INFO] DEBUG: Capabilities Processing | Raw Count: 0
2026-02-05 09:56:04,528 [INFO] üì§ Publishing Permissions Sync: 15 items enriched
2026-02-05 09:56:04,542 [INFO] üî• Event: USER_PERMISSIONS_SYNCED | Role: provider | Service: None
2026-02-05 09:56:04,542 [WARNING] ‚ö†Ô∏è Unknown event type 'USER_PERMISSIONS_SYNCED' received.
2026-02-05 09:59:09,871 [INFO] üî• Event: SEND_EMAIL | Role: organization | Service: auth_service
2026-02-05 09:59:09,871 [WARNING] ‚ö†Ô∏è Unknown event type 'SEND_EMAIL' received.
2026-02-05 09:59:09,878 [INFO] üî• Event: USER_CREATED | Role: organization | Service: auth_service
2026-02-05 09:59:09,878 [INFO] DEBUG: Checking role 'organization' against employee list...
2026-02-05 09:59:09,884 [INFO] ‚úÖ Created VerifiedUser premm@gmail.com
2026-02-05 09:59:09,888 [INFO] ‚úÖ Auto-created ServiceProvider profile for premm@gmail.com
2026-02-05 09:59:31,312 [INFO] üî• Event: USER_VERIFIED | Role: organization | Service: auth_service
2026-02-05 09:59:31,313 [INFO] DEBUG: Checking role 'organization' against employee list...
2026-02-05 09:59:31,316 [INFO] üîÑ Updated VerifiedUser premm@gmail.com
2026-02-05 10:00:08,616 [INFO] üî• Event: PROVIDER.PERMISSIONS.UPDATED | Role:  | Service: None
2026-02-05 10:00:08,618 [INFO] DEBUG: [KAFKA RECV] provider.permissions.updated | User: a72fbed7-0394-4637-b05c-2693556e49e6
2026-02-05 10:00:08,618 [INFO] DEBUG: Payload Keys: ['auth_user_id', 'purchase_id', 'permissions', 'purchased_plan', 'templates', 'dynamic_capabilities']
2026-02-05 10:00:08,618 [INFO] DEBUG: Templates Received - Services: 4, Cats: 9
2026-02-05 10:00:08,693 [INFO] ‚úÖ Synced Templates for user a72fbed7-0394-4637-b05c-2693556e49e6
2026-02-05 10:00:08,695 [INFO] üßπ Cleared old permissions for user a72fbed7-0394-4637-b05c-2693556e49e6 ‚Üí permissions=[]
2026-02-05 10:00:08,695 [INFO] DEBUG: perms_map size: 19
2026-02-05 10:00:08,696 [INFO] DEBUG: Sample perms_map keys: [('2dff446f-c95f-4310-ba4d-05e3395dd7eb', None, None, None), ('7ce1a0c2-50f0-40fe-a82f-df6767fcf91e', None, None, None), ('8da6c82b-2136-4a14-9670-2973682107a6', None, None, None)]
2026-02-05 10:00:08,696 [INFO] DEBUG: About to bulk_create 19 ProviderCapabilityAccess records
2026-02-05 10:00:08,700 [INFO] DEBUG: bulk_create completed successfully
2026-02-05 10:00:08,705 [INFO] üóëÔ∏è Invalidated cache for 0 employees
2026-02-05 10:00:08,716 [INFO] ‚úÖ Updated 19 capabilities for user a72fbed7-0394-4637-b05c-2693556e49e6
2026-02-05 10:00:08,718 [INFO] üìã Linked capabilities: ['VETERINARY_MEDICINE_REMINDERS', 'VETERINARY_LABS', 'VETERINARY_VISITS', 'VETERINARY_PHARMACY', 'VETERINARY_DOCTOR', 'VETERINARY_VITALS']
2026-02-05 10:00:08,718 [INFO] üè• Veterinary capabilities: ['VETERINARY_MEDICINE_REMINDERS', 'VETERINARY_LABS', 'VETERINARY_VISITS', 'VETERINARY_PHARMACY', 'VETERINARY_DOCTOR', 'VETERINARY_VITALS']
2026-02-05 10:00:08,718 [INFO] ‚úÖ Auto-added VETERINARY_CORE (vet capabilities detected: ['VETERINARY_MEDICINE_REMINDERS', 'VETERINARY_LABS', 'VETERINARY_VISITS', 'VETERINARY_PHARMACY', 'VETERINARY_DOCTOR', 'VETERINARY_VITALS'])
2026-02-05 10:00:08,719 [INFO] ‚úÖ Final user capabilities: ['VETERINARY_MEDICINE_REMINDERS', 'VETERINARY_LABS', 'VETERINARY_VISITS', 'VETERINARY_PHARMACY', 'VETERINARY_DOCTOR', 'VETERINARY_VITALS', 'VETERINARY_CORE']
2026-02-05 10:00:08,722 [INFO] ‚úÖ Synced Subscription for user a72fbed7-0394-4637-b05c-2693556e49e6
2026-02-05 10:00:08,722 [INFO] DEBUG: Capabilities Processing | Raw Count: 0
2026-02-05 10:00:08,722 [INFO] üì§ Publishing Permissions Sync: 19 items enriched
2026-02-05 10:00:08,737 [INFO] üî• Event: USER_PERMISSIONS_SYNCED | Role: provider | Service: None
2026-02-05 10:00:08,737 [WARNING] ‚ö†Ô∏è Unknown event type 'USER_PERMISSIONS_SYNCED' received.
2026-02-05 10:01:40,730 [INFO] üî• Event: SEND_EMAIL | Role: employee | Service: auth_service
2026-02-05 10:01:40,730 [WARNING] ‚ö†Ô∏è Unknown event type 'SEND_EMAIL' received.
2026-02-05 10:01:40,739 [INFO] üî• Event: USER_CREATED | Role: employee | Service: auth_service
2026-02-05 10:01:40,739 [INFO] DEBUG: Checking role 'employee' against employee list...
2026-02-05 10:01:40,739 [INFO] DEBUG: Role matched employee list.
2026-02-05 10:01:40,740 [INFO] üîç Processing Employee cc223b1a-f391-4097-be77-2edc744a56a5 for Org a72fbed7-0394-4637-b05c-2693556e49e6
2026-02-05 10:01:40,752 [INFO] ‚úÖ Created OrganizationEmployee cc223b1a-f391-4097-be77-2edc744a56a5 (Invited)
2026-02-05 10:01:40,757 [INFO] ‚úÖ Created VerifiedUser ppll@gmail.com
2026-02-05 10:01:58,084 [INFO] üî• Event: EMPLOYEE_UPDATED | Role: employee | Service: None
2026-02-05 10:01:58,087 [INFO] üÜô Updated OrganizationEmployee cc223b1a-f391-4097-be77-2edc744a56a5
2026-02-05 10:02:32,684 [INFO] üî• Event: USER_VERIFIED | Role: employee | Service: auth_service
2026-02-05 10:02:32,684 [INFO] DEBUG: Checking role 'employee' against employee list...
2026-02-05 10:02:32,684 [INFO] DEBUG: Role matched employee list.
2026-02-05 10:02:32,694 [INFO] ‚úÖ Activated OrganizationEmployee cc223b1a-f391-4097-be77-2edc744a56a5
2026-02-05 10:02:32,697 [INFO] üîÑ Updated VerifiedUser ppll@gmail.com
2026-02-05 10:41:55,286 [INFO] üî• Event: SEND_EMAIL | Role: organization | Service: auth_service
2026-02-05 10:41:55,286 [WARNING] ‚ö†Ô∏è Unknown event type 'SEND_EMAIL' received.
2026-02-05 10:41:55,294 [INFO] üî• Event: USER_CREATED | Role: organization | Service: auth_service
2026-02-05 10:41:55,295 [INFO] DEBUG: Checking role 'organization' against employee list...
2026-02-05 10:41:55,299 [INFO] ‚úÖ Created VerifiedUser nainiv6@gmail.com
2026-02-05 10:41:55,302 [INFO] ‚úÖ Auto-created ServiceProvider profile for nainiv6@gmail.com
2026-02-05 10:42:31,742 [INFO] üî• Event: USER_VERIFIED | Role: organization | Service: auth_service
2026-02-05 10:42:31,742 [INFO] DEBUG: Checking role 'organization' against employee list...
2026-02-05 10:42:31,746 [INFO] üîÑ Updated VerifiedUser nainiv6@gmail.com
2026-02-05 10:44:29,057 [INFO] üî• Event: PROVIDER.PERMISSIONS.UPDATED | Role:  | Service: None
2026-02-05 10:44:29,059 [INFO] DEBUG: [KAFKA RECV] provider.permissions.updated | User: 045198a4-b8c0-45f3-8f99-ae7305bdb490
2026-02-05 10:44:29,059 [INFO] DEBUG: Payload Keys: ['auth_user_id', 'purchase_id', 'permissions', 'purchased_plan', 'templates', 'dynamic_capabilities']
2026-02-05 10:44:29,059 [INFO] DEBUG: Templates Received - Services: 4, Cats: 9
2026-02-05 10:44:29,142 [INFO] ‚úÖ Synced Templates for user 045198a4-b8c0-45f3-8f99-ae7305bdb490
2026-02-05 10:44:29,145 [INFO] üßπ Cleared old permissions for user 045198a4-b8c0-45f3-8f99-ae7305bdb490 ‚Üí permissions=[]
2026-02-05 10:44:29,146 [INFO] DEBUG: perms_map size: 19
2026-02-05 10:44:29,146 [INFO] DEBUG: Sample perms_map keys: [('2dff446f-c95f-4310-ba4d-05e3395dd7eb', None, None, None), ('7ce1a0c2-50f0-40fe-a82f-df6767fcf91e', None, None, None), ('8da6c82b-2136-4a14-9670-2973682107a6', None, None, None)]
2026-02-05 10:44:29,147 [INFO] DEBUG: About to bulk_create 19 ProviderCapabilityAccess records
2026-02-05 10:44:29,151 [INFO] DEBUG: bulk_create completed successfully
2026-02-05 10:44:29,156 [INFO] üóëÔ∏è Invalidated cache for 0 employees
2026-02-05 10:44:29,177 [INFO] ‚úÖ Updated 19 capabilities for user 045198a4-b8c0-45f3-8f99-ae7305bdb490
2026-02-05 10:44:29,179 [INFO] üìã Linked capabilities: ['VETERINARY_MEDICINE_REMINDERS', 'VETERINARY_LABS', 'VETERINARY_VISITS', 'VETERINARY_PHARMACY', 'VETERINARY_DOCTOR', 'VETERINARY_VITALS']
2026-02-05 10:44:29,179 [INFO] üè• Veterinary capabilities: ['VETERINARY_MEDICINE_REMINDERS', 'VETERINARY_LABS', 'VETERINARY_VISITS', 'VETERINARY_PHARMACY', 'VETERINARY_DOCTOR', 'VETERINARY_VITALS']
2026-02-05 10:44:29,179 [INFO] ‚úÖ Auto-added VETERINARY_CORE (vet capabilities detected: ['VETERINARY_MEDICINE_REMINDERS', 'VETERINARY_LABS', 'VETERINARY_VISITS', 'VETERINARY_PHARMACY', 'VETERINARY_DOCTOR', 'VETERINARY_VITALS'])
2026-02-05 10:44:29,181 [INFO] ‚úÖ Final user capabilities: ['VETERINARY_MEDICINE_REMINDERS', 'VETERINARY_LABS', 'VETERINARY_VISITS', 'VETERINARY_PHARMACY', 'VETERINARY_DOCTOR', 'VETERINARY_VITALS', 'VETERINARY_CORE']
2026-02-05 10:44:29,187 [INFO] ‚úÖ Synced Subscription for user 045198a4-b8c0-45f3-8f99-ae7305bdb490
2026-02-05 10:44:29,187 [INFO] DEBUG: Capabilities Processing | Raw Count: 0
2026-02-05 10:44:29,188 [INFO] üì§ Publishing Permissions Sync: 19 items enriched
2026-02-05 10:44:29,199 [INFO] üî• Event: USER_PERMISSIONS_SYNCED | Role: provider | Service: None
2026-02-05 10:44:29,200 [WARNING] ‚ö†Ô∏è Unknown event type 'USER_PERMISSIONS_SYNCED' received.
2026-02-05 10:46:56,957 [INFO] üî• Event: SEND_EMAIL | Role: lab tech | Service: auth_service
2026-02-05 10:46:56,957 [WARNING] ‚ö†Ô∏è Unknown event type 'SEND_EMAIL' received.
2026-02-05 10:46:56,965 [INFO] üî• Event: USER_CREATED | Role: lab tech | Service: auth_service
2026-02-05 10:46:56,965 [INFO] DEBUG: Checking role 'lab tech' against employee list...
2026-02-05 10:46:56,965 [INFO] DEBUG: Role matched employee list.
2026-02-05 10:46:56,966 [INFO] üîç Processing Employee 412799ab-5cd6-495e-8e40-91ab7bd0b64b for Org 045198a4-b8c0-45f3-8f99-ae7305bdb490
2026-02-05 10:46:56,978 [INFO] ‚úÖ Created OrganizationEmployee 412799ab-5cd6-495e-8e40-91ab7bd0b64b (Invited)
2026-02-05 10:46:56,982 [INFO] ‚úÖ Created VerifiedUser nainiv66@gmail.com
2026-02-05 10:48:56,033 [INFO] üî• Event: EMPLOYEE_UPDATED | Role: lab tech | Service: None
2026-02-05 10:48:56,035 [INFO] üÜô Updated OrganizationEmployee 412799ab-5cd6-495e-8e40-91ab7bd0b64b
2026-02-05 10:49:31,311 [INFO] üî• Event: USER_VERIFIED | Role: lab tech | Service: auth_service
2026-02-05 10:49:31,311 [INFO] DEBUG: Checking role 'lab tech' against employee list...
2026-02-05 10:49:31,311 [INFO] DEBUG: Role matched employee list.
2026-02-05 10:49:31,320 [INFO] ‚úÖ Activated OrganizationEmployee 412799ab-5cd6-495e-8e40-91ab7bd0b64b
2026-02-05 10:49:31,324 [INFO] üîÑ Updated VerifiedUser nainiv66@gmail.com
2026-02-05 12:01:05,757 [INFO] üî• Event: USER_UPDATED | Role: organization | Service: auth_service
2026-02-05 12:01:05,770 [INFO] üÜô Updated VerifiedUser 045198a4-b8c0-45f3-8f99-ae7305bdb490
2026-02-05 12:11:13,775 [INFO] üî• Event: SEND_EMAIL | Role: organization | Service: auth_service
2026-02-05 12:11:13,776 [WARNING] ‚ö†Ô∏è Unknown event type 'SEND_EMAIL' received.
2026-02-05 12:11:13,787 [INFO] üî• Event: USER_CREATED | Role: organization | Service: auth_service
2026-02-05 12:11:13,788 [INFO] DEBUG: Checking role 'organization' against employee list...
2026-02-05 12:11:13,798 [INFO] ‚úÖ Created VerifiedUser jone@gmail.com
2026-02-05 12:11:13,804 [INFO] ‚úÖ Auto-created ServiceProvider profile for jone@gmail.com
2026-02-05 12:11:44,415 [INFO] üî• Event: USER_VERIFIED | Role: organization | Service: auth_service
2026-02-05 12:11:44,415 [INFO] DEBUG: Checking role 'organization' against employee list...
2026-02-05 12:11:44,419 [INFO] üîÑ Updated VerifiedUser jone@gmail.com
2026-02-05 12:12:13,750 [INFO] üî• Event: PROVIDER.PERMISSIONS.UPDATED | Role:  | Service: None
2026-02-05 12:12:13,752 [INFO] DEBUG: [KAFKA RECV] provider.permissions.updated | User: 42819f7e-bf5d-457c-959f-70f1cce74b34
2026-02-05 12:12:13,752 [INFO] DEBUG: Payload Keys: ['auth_user_id', 'purchase_id', 'permissions', 'purchased_plan', 'templates', 'dynamic_capabilities']
2026-02-05 12:12:13,752 [INFO] DEBUG: Templates Received - Services: 4, Cats: 9
2026-02-05 12:12:13,837 [INFO] ‚úÖ Synced Templates for user 42819f7e-bf5d-457c-959f-70f1cce74b34
2026-02-05 12:12:13,840 [INFO] üßπ Cleared old permissions for user 42819f7e-bf5d-457c-959f-70f1cce74b34 ‚Üí permissions=[]
2026-02-05 12:12:13,840 [INFO] DEBUG: perms_map size: 19
2026-02-05 12:12:13,840 [INFO] DEBUG: Sample perms_map keys: [('2dff446f-c95f-4310-ba4d-05e3395dd7eb', None, None, None), ('7ce1a0c2-50f0-40fe-a82f-df6767fcf91e', None, None, None), ('8da6c82b-2136-4a14-9670-2973682107a6', None, None, None)]
2026-02-05 12:12:13,841 [INFO] DEBUG: About to bulk_create 19 ProviderCapabilityAccess records
2026-02-05 12:12:13,848 [INFO] DEBUG: bulk_create completed successfully
2026-02-05 12:12:13,857 [INFO] üóëÔ∏è Invalidated cache for 0 employees
2026-02-05 12:12:13,870 [INFO] ‚úÖ Updated 19 capabilities for user 42819f7e-bf5d-457c-959f-70f1cce74b34
2026-02-05 12:12:13,871 [INFO] üìã Linked capabilities: ['VETERINARY_MEDICINE_REMINDERS', 'VETERINARY_LABS', 'VETERINARY_VISITS', 'VETERINARY_PHARMACY', 'VETERINARY_DOCTOR', 'VETERINARY_VITALS']
2026-02-05 12:12:13,871 [INFO] üè• Veterinary capabilities: ['VETERINARY_MEDICINE_REMINDERS', 'VETERINARY_LABS', 'VETERINARY_VISITS', 'VETERINARY_PHARMACY', 'VETERINARY_DOCTOR', 'VETERINARY_VITALS']
2026-02-05 12:12:13,872 [INFO] ‚úÖ Auto-added VETERINARY_CORE (vet capabilities detected: ['VETERINARY_MEDICINE_REMINDERS', 'VETERINARY_LABS', 'VETERINARY_VISITS', 'VETERINARY_PHARMACY', 'VETERINARY_DOCTOR', 'VETERINARY_VITALS'])
2026-02-05 12:12:13,873 [INFO] ‚úÖ Final user capabilities: ['VETERINARY_MEDICINE_REMINDERS', 'VETERINARY_LABS', 'VETERINARY_VISITS', 'VETERINARY_PHARMACY', 'VETERINARY_DOCTOR', 'VETERINARY_VITALS', 'VETERINARY_CORE']
2026-02-05 12:12:13,876 [INFO] ‚úÖ Synced Subscription for user 42819f7e-bf5d-457c-959f-70f1cce74b34
2026-02-05 12:12:13,876 [INFO] DEBUG: Capabilities Processing | Raw Count: 0
2026-02-05 12:12:13,877 [INFO] üì§ Publishing Permissions Sync: 19 items enriched
2026-02-05 12:12:13,893 [INFO] üî• Event: USER_PERMISSIONS_SYNCED | Role: provider | Service: None
2026-02-05 12:12:13,893 [WARNING] ‚ö†Ô∏è Unknown event type 'USER_PERMISSIONS_SYNCED' received.
2026-02-05 12:14:02,474 [INFO] üî• Event: SEND_EMAIL | Role: employee | Service: auth_service
2026-02-05 12:14:02,475 [WARNING] ‚ö†Ô∏è Unknown event type 'SEND_EMAIL' received.
2026-02-05 12:14:02,484 [INFO] üî• Event: USER_CREATED | Role: employee | Service: auth_service
2026-02-05 12:14:02,484 [INFO] DEBUG: Checking role 'employee' against employee list...
2026-02-05 12:14:02,484 [INFO] DEBUG: Role matched employee list.
2026-02-05 12:14:02,484 [INFO] üîç Processing Employee 8004a3fd-9415-467a-8aa3-dd6aa5ed2d95 for Org 42819f7e-bf5d-457c-959f-70f1cce74b34
2026-02-05 12:14:02,494 [INFO] ‚úÖ Created OrganizationEmployee 8004a3fd-9415-467a-8aa3-dd6aa5ed2d95 (Invited)
2026-02-05 12:14:02,497 [INFO] ‚úÖ Created VerifiedUser joneemployee@gmail.com
2026-02-05 12:14:20,516 [INFO] üî• Event: EMPLOYEE_UPDATED | Role: employee | Service: None
2026-02-05 12:14:20,518 [INFO] üÜô Updated OrganizationEmployee 8004a3fd-9415-467a-8aa3-dd6aa5ed2d95
2026-02-05 12:14:51,950 [INFO] üî• Event: USER_VERIFIED | Role: employee | Service: auth_service
2026-02-05 12:14:51,951 [INFO] DEBUG: Checking role 'employee' against employee list...
2026-02-05 12:14:51,952 [INFO] DEBUG: Role matched employee list.
2026-02-05 12:14:51,965 [INFO] ‚úÖ Activated OrganizationEmployee 8004a3fd-9415-467a-8aa3-dd6aa5ed2d95
2026-02-05 12:14:51,970 [INFO] üîÑ Updated VerifiedUser joneemployee@gmail.com
2026-02-05 12:25:58,995 [INFO] üî• Event: SEND_EMAIL | Role: organization | Service: auth_service
2026-02-05 12:25:58,996 [WARNING] ‚ö†Ô∏è Unknown event type 'SEND_EMAIL' received.
2026-02-05 12:25:59,001 [INFO] üî• Event: USER_CREATED | Role: organization | Service: auth_service
2026-02-05 12:25:59,001 [INFO] DEBUG: Checking role 'organization' against employee list...
2026-02-05 12:25:59,007 [INFO] ‚úÖ Created VerifiedUser rohit@gmail.com
2026-02-05 12:25:59,010 [INFO] ‚úÖ Auto-created ServiceProvider profile for rohit@gmail.com
2026-02-05 12:26:15,485 [INFO] üî• Event: USER_VERIFIED | Role: organization | Service: auth_service
2026-02-05 12:26:15,486 [INFO] DEBUG: Checking role 'organization' against employee list...
2026-02-05 12:26:15,490 [INFO] üîÑ Updated VerifiedUser rohit@gmail.com
2026-02-05 12:28:21,052 [INFO] üî• Event: PROVIDER.PERMISSIONS.UPDATED | Role:  | Service: None
2026-02-05 12:28:21,055 [INFO] DEBUG: [KAFKA RECV] provider.permissions.updated | User: d0a80e3b-3971-487d-9c31-c335e9ee8e77
2026-02-05 12:28:21,055 [INFO] DEBUG: Payload Keys: ['auth_user_id', 'purchase_id', 'permissions', 'purchased_plan', 'templates', 'dynamic_capabilities']
2026-02-05 12:28:21,055 [INFO] DEBUG: Templates Received - Services: 3, Cats: 8
2026-02-05 12:28:21,111 [INFO] ‚úÖ Synced Templates for user d0a80e3b-3971-487d-9c31-c335e9ee8e77
2026-02-05 12:28:21,114 [INFO] üßπ Cleared old permissions for user d0a80e3b-3971-487d-9c31-c335e9ee8e77 ‚Üí permissions=[]
2026-02-05 12:28:21,115 [INFO] DEBUG: perms_map size: 15
2026-02-05 12:28:21,115 [INFO] DEBUG: Sample perms_map keys: [('2dff446f-c95f-4310-ba4d-05e3395dd7eb', None, None, None), ('8da6c82b-2136-4a14-9670-2973682107a6', None, None, None), ('f064a9ab-1b63-4234-bbc5-ddab93f3f868', None, None, None)]
2026-02-05 12:28:21,115 [INFO] DEBUG: About to bulk_create 15 ProviderCapabilityAccess records
2026-02-05 12:28:21,121 [INFO] DEBUG: bulk_create completed successfully
2026-02-05 12:28:21,126 [INFO] üóëÔ∏è Invalidated cache for 0 employees
2026-02-05 12:28:21,137 [INFO] ‚úÖ Updated 15 capabilities for user d0a80e3b-3971-487d-9c31-c335e9ee8e77
2026-02-05 12:28:21,139 [INFO] üìã Linked capabilities: ['VETERINARY_LABS', 'VETERINARY_MEDICINE_REMINDERS', 'VETERINARY_VISITS', 'VETERINARY_PHARMACY', 'VETERINARY_DOCTOR', 'VETERINARY_VITALS']
2026-02-05 12:28:21,139 [INFO] üè• Veterinary capabilities: ['VETERINARY_LABS', 'VETERINARY_MEDICINE_REMINDERS', 'VETERINARY_VISITS', 'VETERINARY_PHARMACY', 'VETERINARY_DOCTOR', 'VETERINARY_VITALS']
2026-02-05 12:28:21,139 [INFO] ‚úÖ Auto-added VETERINARY_CORE (vet capabilities detected: ['VETERINARY_LABS', 'VETERINARY_MEDICINE_REMINDERS', 'VETERINARY_VISITS', 'VETERINARY_PHARMACY', 'VETERINARY_DOCTOR', 'VETERINARY_VITALS'])
2026-02-05 12:28:21,141 [INFO] ‚úÖ Final user capabilities: ['VETERINARY_LABS', 'VETERINARY_MEDICINE_REMINDERS', 'VETERINARY_VISITS', 'VETERINARY_PHARMACY', 'VETERINARY_DOCTOR', 'VETERINARY_VITALS', 'VETERINARY_CORE']
2026-02-05 12:28:21,144 [INFO] ‚úÖ Synced Subscription for user d0a80e3b-3971-487d-9c31-c335e9ee8e77
2026-02-05 12:28:21,144 [INFO] DEBUG: Capabilities Processing | Raw Count: 0
2026-02-05 12:28:21,144 [INFO] üì§ Publishing Permissions Sync: 15 items enriched
2026-02-05 12:28:21,156 [INFO] üî• Event: USER_PERMISSIONS_SYNCED | Role: provider | Service: None
2026-02-05 12:28:21,157 [WARNING] ‚ö†Ô∏è Unknown event type 'USER_PERMISSIONS_SYNCED' received.
2026-02-05 12:30:23,666 [INFO] üî• Event: SEND_EMAIL | Role: employee | Service: auth_service
2026-02-05 12:30:23,666 [WARNING] ‚ö†Ô∏è Unknown event type 'SEND_EMAIL' received.
2026-02-05 12:30:23,672 [INFO] üî• Event: USER_CREATED | Role: employee | Service: auth_service
2026-02-05 12:30:23,672 [INFO] DEBUG: Checking role 'employee' against employee list...
2026-02-05 12:30:23,672 [INFO] DEBUG: Role matched employee list.
2026-02-05 12:30:23,672 [INFO] üîç Processing Employee b81f0881-4071-483a-acda-2a3523dfab10 for Org d0a80e3b-3971-487d-9c31-c335e9ee8e77
2026-02-05 12:30:23,682 [INFO] ‚úÖ Created OrganizationEmployee b81f0881-4071-483a-acda-2a3523dfab10 (Invited)
2026-02-05 12:30:23,685 [INFO] ‚úÖ Created VerifiedUser hjjcgf@gmail.com
2026-02-05 12:30:39,649 [INFO] üî• Event: EMPLOYEE_UPDATED | Role: employee | Service: None
2026-02-05 12:30:39,651 [INFO] üÜô Updated OrganizationEmployee b81f0881-4071-483a-acda-2a3523dfab10
2026-02-05 12:31:04,979 [INFO] üî• Event: USER_VERIFIED | Role: employee | Service: auth_service
2026-02-05 12:31:04,979 [INFO] DEBUG: Checking role 'employee' against employee list...
2026-02-05 12:31:04,980 [INFO] DEBUG: Role matched employee list.
2026-02-05 12:31:04,990 [INFO] ‚úÖ Activated OrganizationEmployee b81f0881-4071-483a-acda-2a3523dfab10
2026-02-05 12:31:04,996 [INFO] üîÑ Updated VerifiedUser hjjcgf@gmail.com
2026-02-05 12:33:16,913 [INFO] üî• Event: SEND_EMAIL | Role: employee | Service: auth_service
2026-02-05 12:33:16,913 [WARNING] ‚ö†Ô∏è Unknown event type 'SEND_EMAIL' received.
2026-02-05 12:33:16,920 [INFO] üî• Event: USER_CREATED | Role: employee | Service: auth_service
2026-02-05 12:33:16,920 [INFO] DEBUG: Checking role 'employee' against employee list...
2026-02-05 12:33:16,920 [INFO] DEBUG: Role matched employee list.
2026-02-05 12:33:16,920 [INFO] üîç Processing Employee 48a1da0b-13b3-4eec-b953-2cd6a588ad76 for Org d0a80e3b-3971-487d-9c31-c335e9ee8e77
2026-02-05 12:33:16,931 [INFO] ‚úÖ Created OrganizationEmployee 48a1da0b-13b3-4eec-b953-2cd6a588ad76 (Invited)
2026-02-05 12:33:16,935 [INFO] ‚úÖ Created VerifiedUser hjyftfgf@gmail.com
2026-02-05 12:33:33,478 [INFO] üî• Event: EMPLOYEE_UPDATED | Role: employee | Service: None
2026-02-05 12:33:33,479 [INFO] üÜô Updated OrganizationEmployee b81f0881-4071-483a-acda-2a3523dfab10
2026-02-05 12:33:55,727 [INFO] üî• Event: USER_VERIFIED | Role: employee | Service: auth_service
2026-02-05 12:33:55,728 [INFO] DEBUG: Checking role 'employee' against employee list...
2026-02-05 12:33:55,728 [INFO] DEBUG: Role matched employee list.
2026-02-05 12:33:55,739 [INFO] ‚úÖ Activated OrganizationEmployee 48a1da0b-13b3-4eec-b953-2cd6a588ad76
2026-02-05 12:33:55,744 [INFO] üîÑ Updated VerifiedUser hjyftfgf@gmail.com
2026-02-05 12:34:53,835 [INFO] üî• Event: EMPLOYEE_UPDATED | Role: employee | Service: None
2026-02-05 12:34:53,836 [INFO] üÜô Updated OrganizationEmployee 48a1da0b-13b3-4eec-b953-2cd6a588ad76
2026-02-05 12:35:06,865 [INFO] üî• Event: EMPLOYEE_UPDATED | Role: employee | Service: None
2026-02-05 12:35:06,867 [INFO] üÜô Updated OrganizationEmployee b81f0881-4071-483a-acda-2a3523dfab10
